
AVRASM ver. 2.1.30  C:\Users\Swat\Google Drive\In working\I Store medicin\Hardware\BTS HW v4\OMC Unit\OMC_10042016\Debug\List\OMCv1.asm Tue May 03 08:09:15 2016

C:\Users\Swat\Google Drive\In working\I Store medicin\Hardware\BTS HW v4\OMC Unit\OMC_10042016\Debug\List\OMCv1.asm(1088): warning: Register r4 already defined by the .DEF directive
C:\Users\Swat\Google Drive\In working\I Store medicin\Hardware\BTS HW v4\OMC Unit\OMC_10042016\Debug\List\OMCv1.asm(1089): warning: Register r3 already defined by the .DEF directive
C:\Users\Swat\Google Drive\In working\I Store medicin\Hardware\BTS HW v4\OMC Unit\OMC_10042016\Debug\List\OMCv1.asm(1090): warning: Register r6 already defined by the .DEF directive
C:\Users\Swat\Google Drive\In working\I Store medicin\Hardware\BTS HW v4\OMC Unit\OMC_10042016\Debug\List\OMCv1.asm(1091): warning: Register r5 already defined by the .DEF directive
C:\Users\Swat\Google Drive\In working\I Store medicin\Hardware\BTS HW v4\OMC Unit\OMC_10042016\Debug\List\OMCv1.asm(1092): warning: Register r8 already defined by the .DEF directive
C:\Users\Swat\Google Drive\In working\I Store medicin\Hardware\BTS HW v4\OMC Unit\OMC_10042016\Debug\List\OMCv1.asm(1093): warning: Register r7 already defined by the .DEF directive
C:\Users\Swat\Google Drive\In working\I Store medicin\Hardware\BTS HW v4\OMC Unit\OMC_10042016\Debug\List\OMCv1.asm(1094): warning: Register r10 already defined by the .DEF directive
C:\Users\Swat\Google Drive\In working\I Store medicin\Hardware\BTS HW v4\OMC Unit\OMC_10042016\Debug\List\OMCv1.asm(1095): warning: Register r11 already defined by the .DEF directive
C:\Users\Swat\Google Drive\In working\I Store medicin\Hardware\BTS HW v4\OMC Unit\OMC_10042016\Debug\List\OMCv1.asm(1096): warning: Register r12 already defined by the .DEF directive
C:\Users\Swat\Google Drive\In working\I Store medicin\Hardware\BTS HW v4\OMC Unit\OMC_10042016\Debug\List\OMCv1.asm(1097): warning: Register r9 already defined by the .DEF directive
C:\Users\Swat\Google Drive\In working\I Store medicin\Hardware\BTS HW v4\OMC Unit\OMC_10042016\Debug\List\OMCv1.asm(1098): warning: Register r14 already defined by the .DEF directive
                 
                 
                 ;CodeVisionAVR C Compiler V3.12 Advanced
                 ;(C) Copyright 1998-2014 Pavel Haiduc, HP InfoTech s.r.l.
                 ;http://www.hpinfotech.com
                 
                 ;Build configuration    : Debug
                 ;Chip type              : ATmega88PA
                 ;Program type           : Application
                 ;Clock frequency        : 16.000000 MHz
                 ;Memory model           : Small
                 ;Optimize for           : Size
                 ;(s)printf features     : int, width
                 ;(s)scanf features      : int, width
                 ;External RAM size      : 0
                 ;Data Stack size        : 256 byte(s)
                 ;Heap size              : 0 byte(s)
                 ;Promote 'char' to 'int': Yes
                 ;'char' is unsigned     : Yes
                 ;8 bit enums            : Yes
                 ;Global 'const' stored in FLASH: Yes
                 ;Enhanced function parameter passing: Yes
                 ;Enhanced core instructions: On
                 ;Automatic register allocation for global variables: On
                 ;Smart register allocation: On
                 
                 	#define _MODEL_SMALL_
                 
                 	#pragma AVRPART ADMIN PART_NAME ATmega88PA
                 	#pragma AVRPART MEMORY PROG_FLASH 8192
                 	#pragma AVRPART MEMORY EEPROM 512
                 	#pragma AVRPART MEMORY INT_SRAM SIZE 1024
                 	#pragma AVRPART MEMORY INT_SRAM START_ADDR 0x100
                 
                 	.LISTMAC
                 	.EQU EERE=0x0
                 	.EQU EEWE=0x1
                 	.EQU EEMWE=0x2
                 	.EQU UDRE=0x5
                 	.EQU RXC=0x7
                 	.EQU EECR=0x1F
                 	.EQU EEDR=0x20
                 	.EQU EEARL=0x21
                 	.EQU EEARH=0x22
                 	.EQU SPSR=0x2D
                 	.EQU SPDR=0x2E
                 	.EQU SMCR=0x33
                 	.EQU MCUSR=0x34
                 	.EQU MCUCR=0x35
                 	.EQU WDTCSR=0x60
                 	.EQU UCSR0A=0xC0
                 	.EQU UDR0=0xC6
                 	.EQU SPL=0x3D
                 	.EQU SPH=0x3E
                 	.EQU SREG=0x3F
                 	.EQU GPIOR0=0x1E
                 
                 	.DEF R0X0=R0
                 	.DEF R0X1=R1
                 	.DEF R0X2=R2
                 	.DEF R0X3=R3
                 	.DEF R0X4=R4
                 	.DEF R0X5=R5
                 	.DEF R0X6=R6
                 	.DEF R0X7=R7
                 	.DEF R0X8=R8
                 	.DEF R0X9=R9
                 	.DEF R0XA=R10
                 	.DEF R0XB=R11
                 	.DEF R0XC=R12
                 	.DEF R0XD=R13
                 	.DEF R0XE=R14
                 	.DEF R0XF=R15
                 	.DEF R0X10=R16
                 	.DEF R0X11=R17
                 	.DEF R0X12=R18
                 	.DEF R0X13=R19
                 	.DEF R0X14=R20
                 	.DEF R0X15=R21
                 	.DEF R0X16=R22
                 	.DEF R0X17=R23
                 	.DEF R0X18=R24
                 	.DEF R0X19=R25
                 	.DEF R0X1A=R26
                 	.DEF R0X1B=R27
                 	.DEF R0X1C=R28
                 	.DEF R0X1D=R29
                 	.DEF R0X1E=R30
                 	.DEF R0X1F=R31
                 
                 	.EQU __SRAM_START=0x0100
                 	.EQU __SRAM_END=0x04FF
                 	.EQU __DSTACK_SIZE=0x0100
                 	.EQU __HEAP_SIZE=0x0000
                 	.EQU __CLEAR_SRAM_SIZE=__SRAM_END-__SRAM_START+1
                 
                 	.MACRO __CPD1N
                 	CPI  R30,LOW(@0)
                 	LDI  R26,HIGH(@0)
                 	CPC  R31,R26
                 	LDI  R26,BYTE3(@0)
                 	CPC  R22,R26
                 	LDI  R26,BYTE4(@0)
                 	CPC  R23,R26
                 	.ENDM
                 
                 	.MACRO __CPD2N
                 	CPI  R26,LOW(@0)
                 	LDI  R30,HIGH(@0)
                 	CPC  R27,R30
                 	LDI  R30,BYTE3(@0)
                 	CPC  R24,R30
                 	LDI  R30,BYTE4(@0)
                 	CPC  R25,R30
                 	.ENDM
                 
                 	.MACRO __CPWRR
                 	CP   R@0,R@2
                 	CPC  R@1,R@3
                 	.ENDM
                 
                 	.MACRO __CPWRN
                 	CPI  R@0,LOW(@2)
                 	LDI  R30,HIGH(@2)
                 	CPC  R@1,R30
                 	.ENDM
                 
                 	.MACRO __ADDB1MN
                 	SUBI R30,LOW(-@0-(@1))
                 	.ENDM
                 
                 	.MACRO __ADDB2MN
                 	SUBI R26,LOW(-@0-(@1))
                 	.ENDM
                 
                 	.MACRO __ADDW1MN
                 	SUBI R30,LOW(-@0-(@1))
                 	SBCI R31,HIGH(-@0-(@1))
                 	.ENDM
                 
                 	.MACRO __ADDW2MN
                 	SUBI R26,LOW(-@0-(@1))
                 	SBCI R27,HIGH(-@0-(@1))
                 	.ENDM
                 
                 	.MACRO __ADDW1FN
                 	SUBI R30,LOW(-2*@0-(@1))
                 	SBCI R31,HIGH(-2*@0-(@1))
                 	.ENDM
                 
                 	.MACRO __ADDD1FN
                 	SUBI R30,LOW(-2*@0-(@1))
                 	SBCI R31,HIGH(-2*@0-(@1))
                 	SBCI R22,BYTE3(-2*@0-(@1))
                 	.ENDM
                 
                 	.MACRO __ADDD1N
                 	SUBI R30,LOW(-@0)
                 	SBCI R31,HIGH(-@0)
                 	SBCI R22,BYTE3(-@0)
                 	SBCI R23,BYTE4(-@0)
                 	.ENDM
                 
                 	.MACRO __ADDD2N
                 	SUBI R26,LOW(-@0)
                 	SBCI R27,HIGH(-@0)
                 	SBCI R24,BYTE3(-@0)
                 	SBCI R25,BYTE4(-@0)
                 	.ENDM
                 
                 	.MACRO __SUBD1N
                 	SUBI R30,LOW(@0)
                 	SBCI R31,HIGH(@0)
                 	SBCI R22,BYTE3(@0)
                 	SBCI R23,BYTE4(@0)
                 	.ENDM
                 
                 	.MACRO __SUBD2N
                 	SUBI R26,LOW(@0)
                 	SBCI R27,HIGH(@0)
                 	SBCI R24,BYTE3(@0)
                 	SBCI R25,BYTE4(@0)
                 	.ENDM
                 
                 	.MACRO __ANDBMNN
                 	LDS  R30,@0+(@1)
                 	ANDI R30,LOW(@2)
                 	STS  @0+(@1),R30
                 	.ENDM
                 
                 	.MACRO __ANDWMNN
                 	LDS  R30,@0+(@1)
                 	ANDI R30,LOW(@2)
                 	STS  @0+(@1),R30
                 	LDS  R30,@0+(@1)+1
                 	ANDI R30,HIGH(@2)
                 	STS  @0+(@1)+1,R30
                 	.ENDM
                 
                 	.MACRO __ANDD1N
                 	ANDI R30,LOW(@0)
                 	ANDI R31,HIGH(@0)
                 	ANDI R22,BYTE3(@0)
                 	ANDI R23,BYTE4(@0)
                 	.ENDM
                 
                 	.MACRO __ANDD2N
                 	ANDI R26,LOW(@0)
                 	ANDI R27,HIGH(@0)
                 	ANDI R24,BYTE3(@0)
                 	ANDI R25,BYTE4(@0)
                 	.ENDM
                 
                 	.MACRO __ORBMNN
                 	LDS  R30,@0+(@1)
                 	ORI  R30,LOW(@2)
                 	STS  @0+(@1),R30
                 	.ENDM
                 
                 	.MACRO __ORWMNN
                 	LDS  R30,@0+(@1)
                 	ORI  R30,LOW(@2)
                 	STS  @0+(@1),R30
                 	LDS  R30,@0+(@1)+1
                 	ORI  R30,HIGH(@2)
                 	STS  @0+(@1)+1,R30
                 	.ENDM
                 
                 	.MACRO __ORD1N
                 	ORI  R30,LOW(@0)
                 	ORI  R31,HIGH(@0)
                 	ORI  R22,BYTE3(@0)
                 	ORI  R23,BYTE4(@0)
                 	.ENDM
                 
                 	.MACRO __ORD2N
                 	ORI  R26,LOW(@0)
                 	ORI  R27,HIGH(@0)
                 	ORI  R24,BYTE3(@0)
                 	ORI  R25,BYTE4(@0)
                 	.ENDM
                 
                 	.MACRO __DELAY_USB
                 	LDI  R24,LOW(@0)
                 __DELAY_USB_LOOP:
                 	DEC  R24
                 	BRNE __DELAY_USB_LOOP
                 	.ENDM
                 
                 	.MACRO __DELAY_USW
                 	LDI  R24,LOW(@0)
                 	LDI  R25,HIGH(@0)
                 __DELAY_USW_LOOP:
                 	SBIW R24,1
                 	BRNE __DELAY_USW_LOOP
                 	.ENDM
                 
                 	.MACRO __GETD1S
                 	LDD  R30,Y+@0
                 	LDD  R31,Y+@0+1
                 	LDD  R22,Y+@0+2
                 	LDD  R23,Y+@0+3
                 	.ENDM
                 
                 	.MACRO __GETD2S
                 	LDD  R26,Y+@0
                 	LDD  R27,Y+@0+1
                 	LDD  R24,Y+@0+2
                 	LDD  R25,Y+@0+3
                 	.ENDM
                 
                 	.MACRO __PUTD1S
                 	STD  Y+@0,R30
                 	STD  Y+@0+1,R31
                 	STD  Y+@0+2,R22
                 	STD  Y+@0+3,R23
                 	.ENDM
                 
                 	.MACRO __PUTD2S
                 	STD  Y+@0,R26
                 	STD  Y+@0+1,R27
                 	STD  Y+@0+2,R24
                 	STD  Y+@0+3,R25
                 	.ENDM
                 
                 	.MACRO __PUTDZ2
                 	STD  Z+@0,R26
                 	STD  Z+@0+1,R27
                 	STD  Z+@0+2,R24
                 	STD  Z+@0+3,R25
                 	.ENDM
                 
                 	.MACRO __CLRD1S
                 	STD  Y+@0,R30
                 	STD  Y+@0+1,R30
                 	STD  Y+@0+2,R30
                 	STD  Y+@0+3,R30
                 	.ENDM
                 
                 	.MACRO __POINTB1MN
                 	LDI  R30,LOW(@0+(@1))
                 	.ENDM
                 
                 	.MACRO __POINTW1MN
                 	LDI  R30,LOW(@0+(@1))
                 	LDI  R31,HIGH(@0+(@1))
                 	.ENDM
                 
                 	.MACRO __POINTD1M
                 	LDI  R30,LOW(@0)
                 	LDI  R31,HIGH(@0)
                 	LDI  R22,BYTE3(@0)
                 	LDI  R23,BYTE4(@0)
                 	.ENDM
                 
                 	.MACRO __POINTW1FN
                 	LDI  R30,LOW(2*@0+(@1))
                 	LDI  R31,HIGH(2*@0+(@1))
                 	.ENDM
                 
                 	.MACRO __POINTD1FN
                 	LDI  R30,LOW(2*@0+(@1))
                 	LDI  R31,HIGH(2*@0+(@1))
                 	LDI  R22,BYTE3(2*@0+(@1))
                 	LDI  R23,BYTE4(2*@0+(@1))
                 	.ENDM
                 
                 	.MACRO __POINTB2MN
                 	LDI  R26,LOW(@0+(@1))
                 	.ENDM
                 
                 	.MACRO __POINTW2MN
                 	LDI  R26,LOW(@0+(@1))
                 	LDI  R27,HIGH(@0+(@1))
                 	.ENDM
                 
                 	.MACRO __POINTW2FN
                 	LDI  R26,LOW(2*@0+(@1))
                 	LDI  R27,HIGH(2*@0+(@1))
                 	.ENDM
                 
                 	.MACRO __POINTD2FN
                 	LDI  R26,LOW(2*@0+(@1))
                 	LDI  R27,HIGH(2*@0+(@1))
                 	LDI  R24,BYTE3(2*@0+(@1))
                 	LDI  R25,BYTE4(2*@0+(@1))
                 	.ENDM
                 
                 	.MACRO __POINTBRM
                 	LDI  R@0,LOW(@1)
                 	.ENDM
                 
                 	.MACRO __POINTWRM
                 	LDI  R@0,LOW(@2)
                 	LDI  R@1,HIGH(@2)
                 	.ENDM
                 
                 	.MACRO __POINTBRMN
                 	LDI  R@0,LOW(@1+(@2))
                 	.ENDM
                 
                 	.MACRO __POINTWRMN
                 	LDI  R@0,LOW(@2+(@3))
                 	LDI  R@1,HIGH(@2+(@3))
                 	.ENDM
                 
                 	.MACRO __POINTWRFN
                 	LDI  R@0,LOW(@2*2+(@3))
                 	LDI  R@1,HIGH(@2*2+(@3))
                 	.ENDM
                 
                 	.MACRO __GETD1N
                 	LDI  R30,LOW(@0)
                 	LDI  R31,HIGH(@0)
                 	LDI  R22,BYTE3(@0)
                 	LDI  R23,BYTE4(@0)
                 	.ENDM
                 
                 	.MACRO __GETD2N
                 	LDI  R26,LOW(@0)
                 	LDI  R27,HIGH(@0)
                 	LDI  R24,BYTE3(@0)
                 	LDI  R25,BYTE4(@0)
                 	.ENDM
                 
                 	.MACRO __GETB1MN
                 	LDS  R30,@0+(@1)
                 	.ENDM
                 
                 	.MACRO __GETB1HMN
                 	LDS  R31,@0+(@1)
                 	.ENDM
                 
                 	.MACRO __GETW1MN
                 	LDS  R30,@0+(@1)
                 	LDS  R31,@0+(@1)+1
                 	.ENDM
                 
                 	.MACRO __GETD1MN
                 	LDS  R30,@0+(@1)
                 	LDS  R31,@0+(@1)+1
                 	LDS  R22,@0+(@1)+2
                 	LDS  R23,@0+(@1)+3
                 	.ENDM
                 
                 	.MACRO __GETBRMN
                 	LDS  R@0,@1+(@2)
                 	.ENDM
                 
                 	.MACRO __GETWRMN
                 	LDS  R@0,@2+(@3)
                 	LDS  R@1,@2+(@3)+1
                 	.ENDM
                 
                 	.MACRO __GETWRZ
                 	LDD  R@0,Z+@2
                 	LDD  R@1,Z+@2+1
                 	.ENDM
                 
                 	.MACRO __GETD2Z
                 	LDD  R26,Z+@0
                 	LDD  R27,Z+@0+1
                 	LDD  R24,Z+@0+2
                 	LDD  R25,Z+@0+3
                 	.ENDM
                 
                 	.MACRO __GETB2MN
                 	LDS  R26,@0+(@1)
                 	.ENDM
                 
                 	.MACRO __GETW2MN
                 	LDS  R26,@0+(@1)
                 	LDS  R27,@0+(@1)+1
                 	.ENDM
                 
                 	.MACRO __GETD2MN
                 	LDS  R26,@0+(@1)
                 	LDS  R27,@0+(@1)+1
                 	LDS  R24,@0+(@1)+2
                 	LDS  R25,@0+(@1)+3
                 	.ENDM
                 
                 	.MACRO __PUTB1MN
                 	STS  @0+(@1),R30
                 	.ENDM
                 
                 	.MACRO __PUTW1MN
                 	STS  @0+(@1),R30
                 	STS  @0+(@1)+1,R31
                 	.ENDM
                 
                 	.MACRO __PUTD1MN
                 	STS  @0+(@1),R30
                 	STS  @0+(@1)+1,R31
                 	STS  @0+(@1)+2,R22
                 	STS  @0+(@1)+3,R23
                 	.ENDM
                 
                 	.MACRO __PUTB1EN
                 	LDI  R26,LOW(@0+(@1))
                 	LDI  R27,HIGH(@0+(@1))
                 	RCALL __EEPROMWRB
                 	.ENDM
                 
                 	.MACRO __PUTW1EN
                 	LDI  R26,LOW(@0+(@1))
                 	LDI  R27,HIGH(@0+(@1))
                 	RCALL __EEPROMWRW
                 	.ENDM
                 
                 	.MACRO __PUTD1EN
                 	LDI  R26,LOW(@0+(@1))
                 	LDI  R27,HIGH(@0+(@1))
                 	RCALL __EEPROMWRD
                 	.ENDM
                 
                 	.MACRO __PUTBR0MN
                 	STS  @0+(@1),R0
                 	.ENDM
                 
                 	.MACRO __PUTBMRN
                 	STS  @0+(@1),R@2
                 	.ENDM
                 
                 	.MACRO __PUTWMRN
                 	STS  @0+(@1),R@2
                 	STS  @0+(@1)+1,R@3
                 	.ENDM
                 
                 	.MACRO __PUTBZR
                 	STD  Z+@1,R@0
                 	.ENDM
                 
                 	.MACRO __PUTWZR
                 	STD  Z+@2,R@0
                 	STD  Z+@2+1,R@1
                 	.ENDM
                 
                 	.MACRO __GETW1R
                 	MOV  R30,R@0
                 	MOV  R31,R@1
                 	.ENDM
                 
                 	.MACRO __GETW2R
                 	MOV  R26,R@0
                 	MOV  R27,R@1
                 	.ENDM
                 
                 	.MACRO __GETWRN
                 	LDI  R@0,LOW(@2)
                 	LDI  R@1,HIGH(@2)
                 	.ENDM
                 
                 	.MACRO __PUTW1R
                 	MOV  R@0,R30
                 	MOV  R@1,R31
                 	.ENDM
                 
                 	.MACRO __PUTW2R
                 	MOV  R@0,R26
                 	MOV  R@1,R27
                 	.ENDM
                 
                 	.MACRO __ADDWRN
                 	SUBI R@0,LOW(-@2)
                 	SBCI R@1,HIGH(-@2)
                 	.ENDM
                 
                 	.MACRO __ADDWRR
                 	ADD  R@0,R@2
                 	ADC  R@1,R@3
                 	.ENDM
                 
                 	.MACRO __SUBWRN
                 	SUBI R@0,LOW(@2)
                 	SBCI R@1,HIGH(@2)
                 	.ENDM
                 
                 	.MACRO __SUBWRR
                 	SUB  R@0,R@2
                 	SBC  R@1,R@3
                 	.ENDM
                 
                 	.MACRO __ANDWRN
                 	ANDI R@0,LOW(@2)
                 	ANDI R@1,HIGH(@2)
                 	.ENDM
                 
                 	.MACRO __ANDWRR
                 	AND  R@0,R@2
                 	AND  R@1,R@3
                 	.ENDM
                 
                 	.MACRO __ORWRN
                 	ORI  R@0,LOW(@2)
                 	ORI  R@1,HIGH(@2)
                 	.ENDM
                 
                 	.MACRO __ORWRR
                 	OR   R@0,R@2
                 	OR   R@1,R@3
                 	.ENDM
                 
                 	.MACRO __EORWRR
                 	EOR  R@0,R@2
                 	EOR  R@1,R@3
                 	.ENDM
                 
                 	.MACRO __GETWRS
                 	LDD  R@0,Y+@2
                 	LDD  R@1,Y+@2+1
                 	.ENDM
                 
                 	.MACRO __PUTBSR
                 	STD  Y+@1,R@0
                 	.ENDM
                 
                 	.MACRO __PUTWSR
                 	STD  Y+@2,R@0
                 	STD  Y+@2+1,R@1
                 	.ENDM
                 
                 	.MACRO __MOVEWRR
                 	MOV  R@0,R@2
                 	MOV  R@1,R@3
                 	.ENDM
                 
                 	.MACRO __INWR
                 	IN   R@0,@2
                 	IN   R@1,@2+1
                 	.ENDM
                 
                 	.MACRO __OUTWR
                 	OUT  @2+1,R@1
                 	OUT  @2,R@0
                 	.ENDM
                 
                 	.MACRO __CALL1MN
                 	LDS  R30,@0+(@1)
                 	LDS  R31,@0+(@1)+1
                 	ICALL
                 	.ENDM
                 
                 	.MACRO __CALL1FN
                 	LDI  R30,LOW(2*@0+(@1))
                 	LDI  R31,HIGH(2*@0+(@1))
                 	RCALL __GETW1PF
                 	ICALL
                 	.ENDM
                 
                 	.MACRO __CALL2EN
                 	PUSH R26
                 	PUSH R27
                 	LDI  R26,LOW(@0+(@1))
                 	LDI  R27,HIGH(@0+(@1))
                 	RCALL __EEPROMRDW
                 	POP  R27
                 	POP  R26
                 	ICALL
                 	.ENDM
                 
                 	.MACRO __CALL2EX
                 	SUBI R26,LOW(-@0)
                 	SBCI R27,HIGH(-@0)
                 	RCALL __EEPROMRDD
                 	ICALL
                 	.ENDM
                 
                 	.MACRO __GETW1STACK
                 	IN   R30,SPL
                 	IN   R31,SPH
                 	ADIW R30,@0+1
                 	LD   R0,Z+
                 	LD   R31,Z
                 	MOV  R30,R0
                 	.ENDM
                 
                 	.MACRO __GETD1STACK
                 	IN   R30,SPL
                 	IN   R31,SPH
                 	ADIW R30,@0+1
                 	LD   R0,Z+
                 	LD   R1,Z+
                 	LD   R22,Z
                 	MOVW R30,R0
                 	.ENDM
                 
                 	.MACRO __NBST
                 	BST  R@0,@1
                 	IN   R30,SREG
                 	LDI  R31,0x40
                 	EOR  R30,R31
                 	OUT  SREG,R30
                 	.ENDM
                 
                 
                 	.MACRO __PUTB1SN
                 	LDD  R26,Y+@0
                 	LDD  R27,Y+@0+1
                 	SUBI R26,LOW(-@1)
                 	SBCI R27,HIGH(-@1)
                 	ST   X,R30
                 	.ENDM
                 
                 	.MACRO __PUTW1SN
                 	LDD  R26,Y+@0
                 	LDD  R27,Y+@0+1
                 	SUBI R26,LOW(-@1)
                 	SBCI R27,HIGH(-@1)
                 	ST   X+,R30
                 	ST   X,R31
                 	.ENDM
                 
                 	.MACRO __PUTD1SN
                 	LDD  R26,Y+@0
                 	LDD  R27,Y+@0+1
                 	SUBI R26,LOW(-@1)
                 	SBCI R27,HIGH(-@1)
                 	RCALL __PUTDP1
                 	.ENDM
                 
                 	.MACRO __PUTB1SNS
                 	LDD  R26,Y+@0
                 	LDD  R27,Y+@0+1
                 	ADIW R26,@1
                 	ST   X,R30
                 	.ENDM
                 
                 	.MACRO __PUTW1SNS
                 	LDD  R26,Y+@0
                 	LDD  R27,Y+@0+1
                 	ADIW R26,@1
                 	ST   X+,R30
                 	ST   X,R31
                 	.ENDM
                 
                 	.MACRO __PUTD1SNS
                 	LDD  R26,Y+@0
                 	LDD  R27,Y+@0+1
                 	ADIW R26,@1
                 	RCALL __PUTDP1
                 	.ENDM
                 
                 	.MACRO __PUTB1PMN
                 	LDS  R26,@0
                 	LDS  R27,@0+1
                 	SUBI R26,LOW(-@1)
                 	SBCI R27,HIGH(-@1)
                 	ST   X,R30
                 	.ENDM
                 
                 	.MACRO __PUTW1PMN
                 	LDS  R26,@0
                 	LDS  R27,@0+1
                 	SUBI R26,LOW(-@1)
                 	SBCI R27,HIGH(-@1)
                 	ST   X+,R30
                 	ST   X,R31
                 	.ENDM
                 
                 	.MACRO __PUTD1PMN
                 	LDS  R26,@0
                 	LDS  R27,@0+1
                 	SUBI R26,LOW(-@1)
                 	SBCI R27,HIGH(-@1)
                 	RCALL __PUTDP1
                 	.ENDM
                 
                 	.MACRO __PUTB1PMNS
                 	LDS  R26,@0
                 	LDS  R27,@0+1
                 	ADIW R26,@1
                 	ST   X,R30
                 	.ENDM
                 
                 	.MACRO __PUTW1PMNS
                 	LDS  R26,@0
                 	LDS  R27,@0+1
                 	ADIW R26,@1
                 	ST   X+,R30
                 	ST   X,R31
                 	.ENDM
                 
                 	.MACRO __PUTD1PMNS
                 	LDS  R26,@0
                 	LDS  R27,@0+1
                 	ADIW R26,@1
                 	RCALL __PUTDP1
                 	.ENDM
                 
                 	.MACRO __PUTB1RN
                 	MOVW R26,R@0
                 	SUBI R26,LOW(-@1)
                 	SBCI R27,HIGH(-@1)
                 	ST   X,R30
                 	.ENDM
                 
                 	.MACRO __PUTW1RN
                 	MOVW R26,R@0
                 	SUBI R26,LOW(-@1)
                 	SBCI R27,HIGH(-@1)
                 	ST   X+,R30
                 	ST   X,R31
                 	.ENDM
                 
                 	.MACRO __PUTD1RN
                 	MOVW R26,R@0
                 	SUBI R26,LOW(-@1)
                 	SBCI R27,HIGH(-@1)
                 	RCALL __PUTDP1
                 	.ENDM
                 
                 	.MACRO __PUTB1RNS
                 	MOVW R26,R@0
                 	ADIW R26,@1
                 	ST   X,R30
                 	.ENDM
                 
                 	.MACRO __PUTW1RNS
                 	MOVW R26,R@0
                 	ADIW R26,@1
                 	ST   X+,R30
                 	ST   X,R31
                 	.ENDM
                 
                 	.MACRO __PUTD1RNS
                 	MOVW R26,R@0
                 	ADIW R26,@1
                 	RCALL __PUTDP1
                 	.ENDM
                 
                 	.MACRO __PUTB1RON
                 	MOV  R26,R@0
                 	MOV  R27,R@1
                 	SUBI R26,LOW(-@2)
                 	SBCI R27,HIGH(-@2)
                 	ST   X,R30
                 	.ENDM
                 
                 	.MACRO __PUTW1RON
                 	MOV  R26,R@0
                 	MOV  R27,R@1
                 	SUBI R26,LOW(-@2)
                 	SBCI R27,HIGH(-@2)
                 	ST   X+,R30
                 	ST   X,R31
                 	.ENDM
                 
                 	.MACRO __PUTD1RON
                 	MOV  R26,R@0
                 	MOV  R27,R@1
                 	SUBI R26,LOW(-@2)
                 	SBCI R27,HIGH(-@2)
                 	RCALL __PUTDP1
                 	.ENDM
                 
                 	.MACRO __PUTB1RONS
                 	MOV  R26,R@0
                 	MOV  R27,R@1
                 	ADIW R26,@2
                 	ST   X,R30
                 	.ENDM
                 
                 	.MACRO __PUTW1RONS
                 	MOV  R26,R@0
                 	MOV  R27,R@1
                 	ADIW R26,@2
                 	ST   X+,R30
                 	ST   X,R31
                 	.ENDM
                 
                 	.MACRO __PUTD1RONS
                 	MOV  R26,R@0
                 	MOV  R27,R@1
                 	ADIW R26,@2
                 	RCALL __PUTDP1
                 	.ENDM
                 
                 
                 	.MACRO __GETB1SX
                 	MOVW R30,R28
                 	SUBI R30,LOW(-@0)
                 	SBCI R31,HIGH(-@0)
                 	LD   R30,Z
                 	.ENDM
                 
                 	.MACRO __GETB1HSX
                 	MOVW R30,R28
                 	SUBI R30,LOW(-@0)
                 	SBCI R31,HIGH(-@0)
                 	LD   R31,Z
                 	.ENDM
                 
                 	.MACRO __GETW1SX
                 	MOVW R30,R28
                 	SUBI R30,LOW(-@0)
                 	SBCI R31,HIGH(-@0)
                 	LD   R0,Z+
                 	LD   R31,Z
                 	MOV  R30,R0
                 	.ENDM
                 
                 	.MACRO __GETD1SX
                 	MOVW R30,R28
                 	SUBI R30,LOW(-@0)
                 	SBCI R31,HIGH(-@0)
                 	LD   R0,Z+
                 	LD   R1,Z+
                 	LD   R22,Z+
                 	LD   R23,Z
                 	MOVW R30,R0
                 	.ENDM
                 
                 	.MACRO __GETB2SX
                 	MOVW R26,R28
                 	SUBI R26,LOW(-@0)
                 	SBCI R27,HIGH(-@0)
                 	LD   R26,X
                 	.ENDM
                 
                 	.MACRO __GETW2SX
                 	MOVW R26,R28
                 	SUBI R26,LOW(-@0)
                 	SBCI R27,HIGH(-@0)
                 	LD   R0,X+
                 	LD   R27,X
                 	MOV  R26,R0
                 	.ENDM
                 
                 	.MACRO __GETD2SX
                 	MOVW R26,R28
                 	SUBI R26,LOW(-@0)
                 	SBCI R27,HIGH(-@0)
                 	LD   R0,X+
                 	LD   R1,X+
                 	LD   R24,X+
                 	LD   R25,X
                 	MOVW R26,R0
                 	.ENDM
                 
                 	.MACRO __GETBRSX
                 	MOVW R30,R28
                 	SUBI R30,LOW(-@1)
                 	SBCI R31,HIGH(-@1)
                 	LD   R@0,Z
                 	.ENDM
                 
                 	.MACRO __GETWRSX
                 	MOVW R30,R28
                 	SUBI R30,LOW(-@2)
                 	SBCI R31,HIGH(-@2)
                 	LD   R@0,Z+
                 	LD   R@1,Z
                 	.ENDM
                 
                 	.MACRO __GETBRSX2
                 	MOVW R26,R28
                 	SUBI R26,LOW(-@1)
                 	SBCI R27,HIGH(-@1)
                 	LD   R@0,X
                 	.ENDM
                 
                 	.MACRO __GETWRSX2
                 	MOVW R26,R28
                 	SUBI R26,LOW(-@2)
                 	SBCI R27,HIGH(-@2)
                 	LD   R@0,X+
                 	LD   R@1,X
                 	.ENDM
                 
                 	.MACRO __LSLW8SX
                 	MOVW R30,R28
                 	SUBI R30,LOW(-@0)
                 	SBCI R31,HIGH(-@0)
                 	LD   R31,Z
                 	CLR  R30
                 	.ENDM
                 
                 	.MACRO __PUTB1SX
                 	MOVW R26,R28
                 	SUBI R26,LOW(-@0)
                 	SBCI R27,HIGH(-@0)
                 	ST   X,R30
                 	.ENDM
                 
                 	.MACRO __PUTW1SX
                 	MOVW R26,R28
                 	SUBI R26,LOW(-@0)
                 	SBCI R27,HIGH(-@0)
                 	ST   X+,R30
                 	ST   X,R31
                 	.ENDM
                 
                 	.MACRO __PUTD1SX
                 	MOVW R26,R28
                 	SUBI R26,LOW(-@0)
                 	SBCI R27,HIGH(-@0)
                 	ST   X+,R30
                 	ST   X+,R31
                 	ST   X+,R22
                 	ST   X,R23
                 	.ENDM
                 
                 	.MACRO __CLRW1SX
                 	MOVW R26,R28
                 	SUBI R26,LOW(-@0)
                 	SBCI R27,HIGH(-@0)
                 	ST   X+,R30
                 	ST   X,R30
                 	.ENDM
                 
                 	.MACRO __CLRD1SX
                 	MOVW R26,R28
                 	SUBI R26,LOW(-@0)
                 	SBCI R27,HIGH(-@0)
                 	ST   X+,R30
                 	ST   X+,R30
                 	ST   X+,R30
                 	ST   X,R30
                 	.ENDM
                 
                 	.MACRO __PUTB2SX
                 	MOVW R30,R28
                 	SUBI R30,LOW(-@0)
                 	SBCI R31,HIGH(-@0)
                 	ST   Z,R26
                 	.ENDM
                 
                 	.MACRO __PUTW2SX
                 	MOVW R30,R28
                 	SUBI R30,LOW(-@0)
                 	SBCI R31,HIGH(-@0)
                 	ST   Z+,R26
                 	ST   Z,R27
                 	.ENDM
                 
                 	.MACRO __PUTD2SX
                 	MOVW R30,R28
                 	SUBI R30,LOW(-@0)
                 	SBCI R31,HIGH(-@0)
                 	ST   Z+,R26
                 	ST   Z+,R27
                 	ST   Z+,R24
                 	ST   Z,R25
                 	.ENDM
                 
                 	.MACRO __PUTBSRX
                 	MOVW R30,R28
                 	SUBI R30,LOW(-@1)
                 	SBCI R31,HIGH(-@1)
                 	ST   Z,R@0
                 	.ENDM
                 
                 	.MACRO __PUTWSRX
                 	MOVW R30,R28
                 	SUBI R30,LOW(-@2)
                 	SBCI R31,HIGH(-@2)
                 	ST   Z+,R@0
                 	ST   Z,R@1
                 	.ENDM
                 
                 	.MACRO __PUTB1SNX
                 	MOVW R26,R28
                 	SUBI R26,LOW(-@0)
                 	SBCI R27,HIGH(-@0)
                 	LD   R0,X+
                 	LD   R27,X
                 	MOV  R26,R0
                 	SUBI R26,LOW(-@1)
                 	SBCI R27,HIGH(-@1)
                 	ST   X,R30
                 	.ENDM
                 
                 	.MACRO __PUTW1SNX
                 	MOVW R26,R28
                 	SUBI R26,LOW(-@0)
                 	SBCI R27,HIGH(-@0)
                 	LD   R0,X+
                 	LD   R27,X
                 	MOV  R26,R0
                 	SUBI R26,LOW(-@1)
                 	SBCI R27,HIGH(-@1)
                 	ST   X+,R30
                 	ST   X,R31
                 	.ENDM
                 
                 	.MACRO __PUTD1SNX
                 	MOVW R26,R28
                 	SUBI R26,LOW(-@0)
                 	SBCI R27,HIGH(-@0)
                 	LD   R0,X+
                 	LD   R27,X
                 	MOV  R26,R0
                 	SUBI R26,LOW(-@1)
                 	SBCI R27,HIGH(-@1)
                 	ST   X+,R30
                 	ST   X+,R31
                 	ST   X+,R22
                 	ST   X,R23
                 	.ENDM
                 
                 	.MACRO __MULBRR
                 	MULS R@0,R@1
                 	MOVW R30,R0
                 	.ENDM
                 
                 	.MACRO __MULBRRU
                 	MUL  R@0,R@1
                 	MOVW R30,R0
                 	.ENDM
                 
                 	.MACRO __MULBRR0
                 	MULS R@0,R@1
                 	.ENDM
                 
                 	.MACRO __MULBRRU0
                 	MUL  R@0,R@1
                 	.ENDM
                 
                 	.MACRO __MULBNWRU
                 	LDI  R26,@2
                 	MUL  R26,R@0
                 	MOVW R30,R0
                 	MUL  R26,R@1
                 	ADD  R31,R0
                 	.ENDM
                 
                 ;NAME DEFINITIONS FOR GLOBAL VARIABLES ALLOCATED TO REGISTERS
                 	.DEF _MyID=R4
                 	.DEF _cpu_id=R3
                 	.DEF _checksum=R6
                 	.DEF _time_out=R5
                 	.DEF _usart_count=R8
                 	.DEF _time_out_run=R7
                 	.DEF _process_uart=R10
                 	.DEF _usart_time_out=R11
                 	.DEF _usart_time_out_msb=R12
                 	.DEF _rx_wr_index0=R9
                 	.DEF _rx_counter0=R14
                 
                 ;GPIOR0 INITIALIZATION VALUE
                 	.EQU __GPIOR0_INIT=0x00
                 
                 	.CSEG
                 	.ORG 0x00
                 
                 ;START OF CODE MARKER
                 __START_OF_CODE:
                 
                 ;INTERRUPT VECTORS
000000 c046      	RJMP __RESET
000001 cffe      	RJMP 0x00
000002 cffd      	RJMP 0x00
000003 cffc      	RJMP 0x00
000004 cffb      	RJMP 0x00
000005 cffa      	RJMP 0x00
000006 cff9      	RJMP 0x00
000007 cff8      	RJMP 0x00
000008 cff7      	RJMP 0x00
000009 cff6      	RJMP 0x00
00000a cff5      	RJMP 0x00
00000b cff4      	RJMP 0x00
00000c cff3      	RJMP 0x00
00000d cff2      	RJMP 0x00
00000e cff1      	RJMP 0x00
00000f cff0      	RJMP 0x00
000010 c0db      	RJMP _timer0_ovf_isr
000011 cfee      	RJMP 0x00
000012 c0f3      	RJMP _usart_rx_isr
000013 cfec      	RJMP 0x00
000014 c115      	RJMP _usart_tx_isr
000015 cfea      	RJMP 0x00
000016 cfe9      	RJMP 0x00
000017 cfe8      	RJMP 0x00
000018 cfe7      	RJMP 0x00
000019 cfe6      	RJMP 0x00
                 
                 _tbl10_G100:
00001a 2710
00001b 03e8
00001c 0064
00001d 000a      	.DB  0x10,0x27,0xE8,0x3,0x64,0x0,0xA,0x0
00001e 0001      	.DB  0x1,0x0
                 _tbl16_G100:
00001f 1000
000020 0100
000021 0010
000022 0001      	.DB  0x0,0x10,0x0,0x1,0x10,0x0,0x1,0x0
                 
                 ;GLOBAL REGISTER VARIABLES INITIALIZATION
                 __REG_VARS:
000023 0100
000024 2200      	.DB  0x0,0x1,0x0,0x22
000025 0000
000026 0000      	.DB  0x0,0x0,0x0,0x0
000027 0000
000028 0000      	.DB  0x0,0x0,0x0,0x0
                 
                 _0x0:
000029 0a0d
00002a 4f3e
00002b 434d
00002c 5520      	.DB  0xD,0xA,0x3E,0x4F,0x4D,0x43,0x20,0x55
00002d 696e
00002e 2074
00002f 3176
000030 6620      	.DB  0x6E,0x69,0x74,0x20,0x76,0x31,0x20,0x66
000031 7677
000032 2031
000033 3031
000034 302f      	.DB  0x77,0x76,0x31,0x20,0x31,0x30,0x2F,0x30
000035 2f34
000036 3032
000037 3631
000038 0a0d      	.DB  0x34,0x2F,0x32,0x30,0x31,0x36,0xD,0xA
000039 3e00
00003a 4d4f
00003b 2543
00003c 3230      	.DB  0x0,0x3E,0x4F,0x4D,0x43,0x25,0x30,0x32
00003d 2558
00003e 3430
00003f 2558
000040 3230      	.DB  0x58,0x25,0x30,0x34,0x58,0x25,0x30,0x32
000041 3c58
C:\Users\Swat\Google Drive\In working\I Store medicin\Hardware\BTS HW v4\OMC Unit\OMC_10042016\Debug\List\OMCv1.asm(1156): warning: .cseg .db misalignment - padding zero byte
000042 0000      	.DB  0x58,0x3C,0x0
                 
                 __GLOBAL_INI_TBL:
000043 000c      	.DW  0x0C
000044 0003      	.DW  0x03
000045 0046      	.DW  __REG_VARS*2
                 
                 _0xFFFFFFFF:
000046 0000      	.DW  0
                 
                 #define __GLOBAL_INI_TBL_PRESENT 1
                 
                 __RESET:
000047 94f8      	CLI
000048 27ee      	CLR  R30
000049 bbef      	OUT  EECR,R30
                 
                 ;INTERRUPT VECTORS ARE PLACED
                 ;AT THE START OF FLASH
00004a e0f1      	LDI  R31,1
00004b bff5      	OUT  MCUCR,R31
00004c bfe5      	OUT  MCUCR,R30
                 
                 ;CLEAR R2-R14
00004d e08d      	LDI  R24,(14-2)+1
00004e e0a2      	LDI  R26,2
00004f 27bb      	CLR  R27
                 __CLEAR_REG:
000050 93ed      	ST   X+,R30
000051 958a      	DEC  R24
000052 f7e9      	BRNE __CLEAR_REG
                 
                 ;CLEAR SRAM
000053 e080      	LDI  R24,LOW(__CLEAR_SRAM_SIZE)
000054 e094      	LDI  R25,HIGH(__CLEAR_SRAM_SIZE)
000055 e0a0      	LDI  R26,LOW(__SRAM_START)
000056 e0b1      	LDI  R27,HIGH(__SRAM_START)
                 __CLEAR_SRAM:
000057 93ed      	ST   X+,R30
000058 9701      	SBIW R24,1
000059 f7e9      	BRNE __CLEAR_SRAM
                 
                 ;GLOBAL VARIABLES INITIALIZATION
00005a e8e6      	LDI  R30,LOW(__GLOBAL_INI_TBL*2)
00005b e0f0      	LDI  R31,HIGH(__GLOBAL_INI_TBL*2)
                 __GLOBAL_INI_NEXT:
00005c 9185      	LPM  R24,Z+
00005d 9195      	LPM  R25,Z+
00005e 9700      	SBIW R24,0
00005f f061      	BREQ __GLOBAL_INI_END
000060 91a5      	LPM  R26,Z+
000061 91b5      	LPM  R27,Z+
000062 9005      	LPM  R0,Z+
000063 9015      	LPM  R1,Z+
000064 01bf      	MOVW R22,R30
000065 01f0      	MOVW R30,R0
                 __GLOBAL_INI_LOOP:
000066 9005      	LPM  R0,Z+
000067 920d      	ST   X+,R0
000068 9701      	SBIW R24,1
000069 f7e1      	BRNE __GLOBAL_INI_LOOP
00006a 01fb      	MOVW R30,R22
00006b cff0      	RJMP __GLOBAL_INI_NEXT
                 __GLOBAL_INI_END:
                 
                 ;GPIOR0 INITIALIZATION
00006c e0e0      	LDI  R30,__GPIOR0_INIT
00006d bbee      	OUT  GPIOR0,R30
                 
                 ;HARDWARE STACK POINTER INITIALIZATION
00006e efef      	LDI  R30,LOW(__SRAM_END-__HEAP_SIZE)
00006f bfed      	OUT  SPL,R30
000070 e0e4      	LDI  R30,HIGH(__SRAM_END-__HEAP_SIZE)
000071 bfee      	OUT  SPH,R30
                 
                 ;DATA STACK POINTER INITIALIZATION
000072 e0c0      	LDI  R28,LOW(__SRAM_START+__DSTACK_SIZE)
000073 e0d2      	LDI  R29,HIGH(__SRAM_START+__DSTACK_SIZE)
                 
000074 c0b7      	RJMP _main
                 
                 	.ESEG
                 	.ORG 0
                 
                 	.DSEG
                 	.ORG 0x200
                 
                 	.CSEG
                 ;/*******************************************************
                 ;This program was created by the
                 ;CodeWizardAVR V3.12 Advanced
                 ;Automatic Program Generator
                 ;© Copyright 1998-2014 Pavel Haiduc, HP InfoTech s.r.l.
                 ;http://www.hpinfotech.com
                 ;
                 ;Project : OMC
                 ;Version : 1
                 ;Date    : 4/15/2016
                 ;Author  : swat
                 ;Company :
                 ;Comments:
                 ;
                 ;
                 ;Chip type               : ATmega88PA
                 ;Program type            : Application
                 ;AVR Core Clock frequency: 16.000000 MHz
                 ;Memory model            : Small
                 ;External RAM size       : 0
                 ;Data Stack size         : 256
                 ;*******************************************************/
                 ;
                 ;#include <mega88a.h>
                 	#ifndef __SLEEP_DEFINED__
                 	#define __SLEEP_DEFINED__
                 	.EQU __se_bit=0x01
                 	.EQU __sm_mask=0x0E
                 	.EQU __sm_adc_noise_red=0x02
                 	.EQU __sm_powerdown=0x04
                 	.EQU __sm_powersave=0x06
                 	.EQU __sm_standby=0x0C
                 	.EQU __sm_ext_standby=0x0E
                 	.SET power_ctrl_reg=smcr
                 	#endif
                 ;#include "omc.h"
                 
                 	.CSEG
                 _HexInCharToDec:
                 ; .FSTART _HexInCharToDec
000075 93aa      	ST   -Y,R26
                 ;	data -> Y+0
000076 81a8      	LD   R26,Y
000077 33a0      	CPI  R26,LOW(0x30)
000078 f010      	BRLO _0x4
000079 33aa      	CPI  R26,LOW(0x3A)
00007a f008      	BRLO _0x5
                 _0x4:
00007b c003      	RJMP _0x3
                 _0x5:
00007c 81e8      	LD   R30,Y
00007d 53e0      	SUBI R30,LOW(48)
00007e c199      	RJMP _0x2060001
                 _0x3:
00007f 81a8      	LD   R26,Y
000080 34a0      	CPI  R26,LOW(0x40)
000081 f010      	BRLO _0x7
000082 34a7      	CPI  R26,LOW(0x47)
000083 f008      	BRLO _0x8
                 _0x7:
000084 c003      	RJMP _0x6
                 _0x8:
000085 81e8      	LD   R30,Y
000086 53e7      	SUBI R30,LOW(55)
000087 c190      	RJMP _0x2060001
                 _0x6:
000088 c18f      	RJMP _0x2060001
                 ; .FEND
                 _config_mcu:
                 ; .FSTART _config_mcu
000089 e8e0      	LDI  R30,LOW(128)
00008a 93e0 0061 	STS  97,R30
00008c e0e0      	LDI  R30,LOW(0)
00008d 93e0 0061 	STS  97,R30
00008f e3ef      	LDI  R30,LOW(63)
000090 b9e4      	OUT  0x4,R30
000091 e0e0      	LDI  R30,LOW(0)
000092 b9e5      	OUT  0x5,R30
000093 e3e0      	LDI  R30,LOW(48)
000094 b9e7      	OUT  0x7,R30
000095 e0e0      	LDI  R30,LOW(0)
000096 b9e8      	OUT  0x8,R30
000097 efe0      	LDI  R30,LOW(240)
000098 b9ea      	OUT  0xA,R30
000099 e0e0      	LDI  R30,LOW(0)
00009a b9eb      	OUT  0xB,R30
00009b bde4      	OUT  0x24,R30
00009c e0e2      	LDI  R30,LOW(2)
00009d bde5      	OUT  0x25,R30
00009e e3e8      	LDI  R30,LOW(56)
00009f bde6      	OUT  0x26,R30
0000a0 e0e0      	LDI  R30,LOW(0)
0000a1 bde7      	OUT  0x27,R30
0000a2 bde8      	OUT  0x28,R30
0000a3 93e0 0080 	STS  128,R30
0000a5 93e0 0081 	STS  129,R30
0000a7 93e0 0085 	STS  133,R30
0000a9 93e0 0084 	STS  132,R30
0000ab 93e0 0087 	STS  135,R30
0000ad 93e0 0086 	STS  134,R30
0000af 93e0 0089 	STS  137,R30
0000b1 93e0 0088 	STS  136,R30
0000b3 93e0 008b 	STS  139,R30
0000b5 93e0 008a 	STS  138,R30
0000b7 93e0 00b6 	STS  182,R30
0000b9 93e0 00b0 	STS  176,R30
0000bb 93e0 00b1 	STS  177,R30
0000bd 93e0 00b2 	STS  178,R30
0000bf 93e0 00b3 	STS  179,R30
0000c1 93e0 00b4 	STS  180,R30
0000c3 e0e1      	LDI  R30,LOW(1)
0000c4 93e0 006e 	STS  110,R30
0000c6 e0e0      	LDI  R30,LOW(0)
0000c7 93e0 006f 	STS  111,R30
0000c9 93e0 0070 	STS  112,R30
0000cb 93e0 0069 	STS  105,R30
0000cd bbed      	OUT  0x1D,R30
0000ce 93e0 0068 	STS  104,R30
0000d0 e0e2      	LDI  R30,LOW(2)
0000d1 93e0 00c0 	STS  192,R30
0000d3 ede8      	LDI  R30,LOW(216)
0000d4 93e0 00c1 	STS  193,R30
0000d6 e0e6      	LDI  R30,LOW(6)
0000d7 93e0 00c2 	STS  194,R30
0000d9 e0e0      	LDI  R30,LOW(0)
0000da 93e0 00c5 	STS  197,R30
0000dc e1e0      	LDI  R30,LOW(16)
0000dd 93e0 00c4 	STS  196,R30
0000df e8e0      	LDI  R30,LOW(128)
0000e0 bfe0      	OUT  0x30,R30
0000e1 e0e0      	LDI  R30,LOW(0)
0000e2 93e0 007b 	STS  123,R30
0000e4 93e0 007f 	STS  127,R30
0000e6 93e0 007a 	STS  122,R30
0000e8 bdec      	OUT  0x2C,R30
0000e9 93e0 00bc 	STS  188,R30
0000eb 9508      	RET
                 ; .FEND
                 ;// Declare your global variables here
                 ;#include <delay.h>
                 ;// Standard Input/Output functions
                 ;#include <stdio.h>
                 ;
                 ;
                 ;// Timer 0 overflow interrupt service routine
                 ;interrupt [TIM0_OVF] void timer0_ovf_isr(void)
                 ; 0000 0022 {
                 _timer0_ovf_isr:
                 ; .FSTART _timer0_ovf_isr
0000ec 920a      	ST   -Y,R0
0000ed 93ea      	ST   -Y,R30
0000ee 93fa      	ST   -Y,R31
0000ef b7ef      	IN   R30,SREG
0000f0 93ea      	ST   -Y,R30
                 ; 0000 0023 // Reinitialize Timer 0 value
                 ; 0000 0024 TCNT0=0x38;
0000f1 e3e8      	LDI  R30,LOW(56)
0000f2 bde6      	OUT  0x26,R30
                 ; 0000 0025 // Place your code here
                 ; 0000 0026 if(time_out_run==1){
0000f3 e0e1      	LDI  R30,LOW(1)
0000f4 15e7      	CP   R30,R7
0000f5 f451      	BRNE _0x9
                 ; 0000 0027 usart_time_out--;
                +
0000f6 2deb     +MOV R30 , R11
0000f7 2dfc     +MOV R31 , R12
                 	__GETW1R 11,12
0000f8 9731      	SBIW R30,1
                +
0000f9 2ebe     +MOV R11 , R30
0000fa 2ecf     +MOV R12 , R31
                 	__PUTW1R 11,12
                 ; 0000 0028 if(usart_time_out==0) time_out=1;}
0000fb 2c0b      	MOV  R0,R11
0000fc 280c      	OR   R0,R12
0000fd f411      	BRNE _0xA
0000fe e0e1      	LDI  R30,LOW(1)
0000ff 2e5e      	MOV  R5,R30
                 _0xA:
                 ; 0000 0029 }
                 _0x9:
000100 91e9      	LD   R30,Y+
000101 bfef      	OUT  SREG,R30
000102 91f9      	LD   R31,Y+
000103 91e9      	LD   R30,Y+
000104 9009      	LD   R0,Y+
000105 9518      	RETI
                 ; .FEND
                 ;
                 ;
                 ;
                 ;// USART Receiver interrupt service routine
                 ;interrupt [USART_RXC] void usart_rx_isr(void)
                 ; 0000 002F {
                 _usart_rx_isr:
                 ; .FSTART _usart_rx_isr
000106 93ea      	ST   -Y,R30
000107 93fa      	ST   -Y,R31
000108 b7ef      	IN   R30,SREG
000109 93ea      	ST   -Y,R30
                 ; 0000 0030 char status,data;
                 ; 0000 0031 status=UCSR0A;
00010a d310      	RCALL __SAVELOCR2
                 ;	status -> R17
                 ;	data -> R16
00010b 9110 00c0 	LDS  R17,192
                 ; 0000 0032 data=UDR0;
00010d 9100 00c6 	LDS  R16,198
                 ; 0000 0033 
                 ; 0000 0034 usart_time_out=500;
00010f d262      	RCALL SUBOPT_0x0
                 ; 0000 0035 time_out=0;
                 ; 0000 0036 time_out_run=1;
                 ; 0000 0037 
                 ; 0000 0038 if ((status & (FRAMING_ERROR | PARITY_ERROR | DATA_OVERRUN))==0)
000110 2fe1      	MOV  R30,R17
000111 71ec      	ANDI R30,LOW(0x1C)
000112 f481      	BRNE _0xB
                 ; 0000 0039    {
                 ; 0000 003A    rx_buffer0[rx_wr_index0++]=data;
000113 2de9      	MOV  R30,R9
000114 9493      	INC  R9
000115 e0f0      	LDI  R31,0
000116 50e0      	SUBI R30,LOW(-_rx_buffer0)
000117 4ffe      	SBCI R31,HIGH(-_rx_buffer0)
000118 8300      	ST   Z,R16
                 ; 0000 003B #if RX_BUFFER_SIZE0 == 256
                 ; 0000 003C    // special case for receiver buffer size=256
                 ; 0000 003D    if (++rx_counter0 == 0) rx_buffer_overflow0=1;
                 ; 0000 003E #else
                 ; 0000 003F    if (rx_wr_index0 == RX_BUFFER_SIZE0) rx_wr_index0=0;
000119 e3e2      	LDI  R30,LOW(50)
00011a 15e9      	CP   R30,R9
00011b f409      	BRNE _0xC
00011c 2499      	CLR  R9
                 ; 0000 0040    if (++rx_counter0 == RX_BUFFER_SIZE0)
                 _0xC:
00011d 94e3      	INC  R14
00011e e3e2      	LDI  R30,LOW(50)
00011f 15ee      	CP   R30,R14
000120 f411      	BRNE _0xD
                 ; 0000 0041       {
                 ; 0000 0042       rx_counter0=0;
000121 24ee      	CLR  R14
                 ; 0000 0043       rx_buffer_overflow0=1;
000122 9af0      	SBI  0x1E,0
                 ; 0000 0044       }
                 ; 0000 0045 #endif
                 ; 0000 0046    }
                 _0xD:
                 ; 0000 0047 }
                 _0xB:
000123 9109      	LD   R16,Y+
000124 9119      	LD   R17,Y+
000125 91e9      	LD   R30,Y+
000126 bfef      	OUT  SREG,R30
000127 91f9      	LD   R31,Y+
000128 91e9      	LD   R30,Y+
000129 9518      	RETI
                 ; .FEND
                 ;
                 ;
                 ;
                 ;// USART Transmitter interrupt service routine
                 ;interrupt [USART_TXC] void usart_tx_isr(void)
                 ; 0000 004D {
                 _usart_tx_isr:
                 ; .FSTART _usart_tx_isr
                 ; 0000 004E RS485_TxD=0;
00012a 9845      	CBI  0x8,5
                 ; 0000 004F 
                 ; 0000 0050 }
00012b 9518      	RETI
                 ; .FEND
                 ;
                 ;
                 ;
                 ;
                 ;void main(void)
                 ; 0000 0056 {
                 _main:
                 ; .FSTART _main
                 ; 0000 0057 // Declare your local variables here
                 ; 0000 0058 
                 ; 0000 0059 config_mcu();
00012c df5c      	RCALL _config_mcu
                 ; 0000 005A 
                 ; 0000 005B // Global enable interrupts
                 ; 0000 005C #asm("sei")
00012d 9478      	sei
                 ; 0000 005D RS485_TxD=1;
00012e 9a45      	SBI  0x8,5
                 ; 0000 005E printf("\r\n>OMC Unit v1 fwv1 10/04/2016\r\n");
                +
00012f e5e2     +LDI R30 , LOW ( 2 * _0x0 + ( 0 ) )
000130 e0f0     +LDI R31 , HIGH ( 2 * _0x0 + ( 0 ) )
                 	__POINTW1FN _0x0,0
000131 d248      	RCALL SUBOPT_0x1
000132 e080      	LDI  R24,0
000133 d209      	RCALL _printf
000134 9622      	ADIW R28,2
                 ; 0000 005F IDC_Standby;
000135 983c      	CBI  0x7,4
000136 9a44      	SBI  0x8,4
                 ; 0000 0060 usart_time_out=500;
000137 d23a      	RCALL SUBOPT_0x0
                 ; 0000 0061 time_out=0;
                 ; 0000 0062 time_out_run=1;
                 ; 0000 0063 process_uart=1;// Clear buffer
000138 e0e1      	LDI  R30,LOW(1)
000139 2eae      	MOV  R10,R30
                 ; 0000 0064 while (1)
                 _0x18:
                 ; 0000 0065       {
                 ; 0000 0066       // Place your code here
                 ; 0000 0067       if(time_out==1)
00013a e0e1      	LDI  R30,LOW(1)
00013b 15e5      	CP   R30,R5
00013c f419      	BRNE _0x1B
                 ; 0000 0068       {
                 ; 0000 0069         //RS485_TxD=1;
                 ; 0000 006A         //printf("Time up!\r\n");
                 ; 0000 006B         time_out=0;
00013d 2455      	CLR  R5
                 ; 0000 006C         time_out_run=0;
00013e 2477      	CLR  R7
                 ; 0000 006D         process_uart=1;
00013f 2eae      	MOV  R10,R30
                 ; 0000 006E       }
                 ; 0000 006F       if(process_uart==1)
                 _0x1B:
000140 e0e1      	LDI  R30,LOW(1)
000141 15ea      	CP   R30,R10
000142 f009      	BREQ PC+2
000143 c073      	RJMP _0x1C
                 ; 0000 0070       {
                 ; 0000 0071         // Chi nhan ban tin tu CPU_Unit ">CPU[REC_ID][cmd_High][cmd_Low][checksum]<"
                 ; 0000 0072         // In hex : ">CPU[0xMyIDHigh.0xMyIDLow][0xcmd_High.0xcmd_High][0xcmd_Low.0xcmd_Low][0xchecksum.0xchecksum]<"
                 ; 0000 0073         //">CPU01223322<"
                 ; 0000 0074         if((rx_buffer0[0]=='>')&&(rx_buffer0[1]=='C')&&(rx_buffer0[2]=='P')&&(rx_buffer0[3]=='U')&&(rx_buffer0[12]=='<')
                 ; 0000 0075         &&(HexInCharToDec(rx_buffer0[5]) +  (HexInCharToDec(rx_buffer0[4])<<4) ==MyID)
                 ; 0000 0076         &&(HexInCharToDec(rx_buffer0[11]) +  (HexInCharToDec(rx_buffer0[10])<<4) ==checksum))
000144 91a0 0200 	LDS  R26,_rx_buffer0
000146 33ae      	CPI  R26,LOW(0x3E)
000147 f591      	BRNE _0x1E
                +
000148 91a0 0201+LDS R26 , _rx_buffer0 + ( 1 )
                 	__GETB2MN _rx_buffer0,1
00014a 34a3      	CPI  R26,LOW(0x43)
00014b f571      	BRNE _0x1E
                +
00014c 91a0 0202+LDS R26 , _rx_buffer0 + ( 2 )
                 	__GETB2MN _rx_buffer0,2
00014e 35a0      	CPI  R26,LOW(0x50)
00014f f551      	BRNE _0x1E
                +
000150 91a0 0203+LDS R26 , _rx_buffer0 + ( 3 )
                 	__GETB2MN _rx_buffer0,3
000152 35a5      	CPI  R26,LOW(0x55)
000153 f531      	BRNE _0x1E
                +
000154 91a0 020c+LDS R26 , _rx_buffer0 + ( 12 )
                 	__GETB2MN _rx_buffer0,12
000156 33ac      	CPI  R26,LOW(0x3C)
000157 f511      	BRNE _0x1E
                +
000158 91a0 0205+LDS R26 , _rx_buffer0 + ( 5 )
                 	__GETB2MN _rx_buffer0,5
00015a d222      	RCALL SUBOPT_0x2
00015b 93ff      	PUSH R31
00015c 93ef      	PUSH R30
                +
00015d 91a0 0204+LDS R26 , _rx_buffer0 + ( 4 )
                 	__GETB2MN _rx_buffer0,4
00015f d21d      	RCALL SUBOPT_0x2
000160 d297      	RCALL __LSLW4
000161 91af      	POP  R26
000162 91bf      	POP  R27
000163 0fae      	ADD  R26,R30
000164 1fbf      	ADC  R27,R31
000165 2de4      	MOV  R30,R4
000166 e0f0      	LDI  R31,0
000167 d218      	RCALL SUBOPT_0x3
000168 f489      	BRNE _0x1E
                +
000169 91a0 020b+LDS R26 , _rx_buffer0 + ( 11 )
                 	__GETB2MN _rx_buffer0,11
00016b d211      	RCALL SUBOPT_0x2
00016c 93ff      	PUSH R31
00016d 93ef      	PUSH R30
                +
00016e 91a0 020a+LDS R26 , _rx_buffer0 + ( 10 )
                 	__GETB2MN _rx_buffer0,10
000170 d20c      	RCALL SUBOPT_0x2
000171 d286      	RCALL __LSLW4
000172 91af      	POP  R26
000173 91bf      	POP  R27
000174 0fae      	ADD  R26,R30
000175 1fbf      	ADC  R27,R31
000176 2de6      	MOV  R30,R6
000177 e0f0      	LDI  R31,0
000178 d207      	RCALL SUBOPT_0x3
000179 f009      	BREQ _0x1F
                 _0x1E:
00017a c02e      	RJMP _0x1D
                 _0x1F:
                 ; 0000 0077         {
                 ; 0000 0078 
                 ; 0000 0079         cpu_cmd=((HexInCharToDec(rx_buffer0[7])+(HexInCharToDec(rx_buffer0[6])<<4))<<8)+HexInCharToDec(rx_buffer0[9])+16 ...
                +
00017b 91a0 0207+LDS R26 , _rx_buffer0 + ( 7 )
                 	__GETB2MN _rx_buffer0,7
00017d d1ff      	RCALL SUBOPT_0x2
00017e 93ff      	PUSH R31
00017f 93ef      	PUSH R30
                +
000180 91a0 0206+LDS R26 , _rx_buffer0 + ( 6 )
                 	__GETB2MN _rx_buffer0,6
000182 d1fa      	RCALL SUBOPT_0x2
000183 d274      	RCALL __LSLW4
000184 91af      	POP  R26
000185 91bf      	POP  R27
000186 0fae      	ADD  R26,R30
000187 1fbf      	ADC  R27,R31
000188 01fd      	MOVW R30,R26
000189 2ffe      	MOV  R31,R30
00018a e0e0      	LDI  R30,0
00018b 93ff      	PUSH R31
00018c 93ef      	PUSH R30
                +
00018d 91a0 0209+LDS R26 , _rx_buffer0 + ( 9 )
                 	__GETB2MN _rx_buffer0,9
00018f d1ed      	RCALL SUBOPT_0x2
000190 91af      	POP  R26
000191 91bf      	POP  R27
000192 0fea      	ADD  R30,R26
000193 1ffb      	ADC  R31,R27
000194 93ff      	PUSH R31
000195 93ef      	PUSH R30
                +
000196 91a0 0208+LDS R26 , _rx_buffer0 + ( 8 )
                 	__GETB2MN _rx_buffer0,8
000198 dedc      	RCALL _HexInCharToDec
000199 e1a0      	LDI  R26,LOW(16)
00019a 9fea      	MUL  R30,R26
00019b 01f0      	MOVW R30,R0
00019c 91af      	POP  R26
00019d 91bf      	POP  R27
00019e 0fea      	ADD  R30,R26
00019f 1ffb      	ADC  R31,R27
0001a0 d1e2      	RCALL SUBOPT_0x4
                 ; 0000 007A         //RS485_TxD=1;
                 ; 0000 007B         //printf("CPU cmd:%x\r\n",cpu_cmd);
                 ; 0000 007C         if(omc_stt==cpu_cmd)  // Neu gui lai lenh cu >> Ping
0001a1 d1e6      	RCALL SUBOPT_0x5
0001a2 f021      	BREQ _0x44
                 ; 0000 007D         {
                 ; 0000 007E             RS485_TxD=1;
                 ; 0000 007F             //Phan hoi lai ban tin cho CPU
                 ; 0000 0080             // In hex : ">OMC[0xCPU_IDHigh.0xCPU_IDLow][0xomc_stt_High.0xomc_stt_High][0xomc_stt_Low.0xomc_stt_Low][0xch ...
                 ; 0000 0081             printf(">OMC%02X%04X%02X<",cpu_id,omc_stt,checksum);
                 ; 0000 0082         }
                 ; 0000 0083         else if(cpu_cmd>0x03FF)// Kiem tra trang thai
0001a3 d1ed      	RCALL SUBOPT_0x6
0001a4 f020      	BRLO _0x24
                 ; 0000 0084         {
                 ; 0000 0085             cpu_cmd=omc_stt;
0001a5 d1f3      	RCALL SUBOPT_0x7
0001a6 d1dc      	RCALL SUBOPT_0x4
                 ; 0000 0086             RS485_TxD=1;
                 _0x44:
0001a7 9a45      	SBI  0x8,5
                 ; 0000 0087             printf(">OMC%02X%04X%02X<",cpu_id,omc_stt,checksum);
0001a8 d1f5      	RCALL SUBOPT_0x8
                 ; 0000 0088         }
                 ; 0000 0089         }
                 _0x24:
                 ; 0000 008A         //RS485_TxD=1;
                 ; 0000 008B 
                 ; 0000 008C         //printf("Mess:%s!\r\n",rx_buffer0);
                 ; 0000 008D         process_uart=0;
                 _0x1D:
0001a9 24aa      	CLR  R10
                 ; 0000 008E         for(usart_count=0;usart_count<RX_BUFFER_SIZE0;usart_count++)
0001aa 2488      	CLR  R8
                 _0x28:
0001ab e3e2      	LDI  R30,LOW(50)
0001ac 168e      	CP   R8,R30
0001ad f440      	BRSH _0x29
                 ; 0000 008F                             {
                 ; 0000 0090                             rx_buffer0[usart_count]=0;
0001ae 2de8      	MOV  R30,R8
0001af e0f0      	LDI  R31,0
0001b0 50e0      	SUBI R30,LOW(-_rx_buffer0)
0001b1 4ffe      	SBCI R31,HIGH(-_rx_buffer0)
0001b2 e0a0      	LDI  R26,LOW(0)
0001b3 83a0      	STD  Z+0,R26
                 ; 0000 0091                             }
0001b4 9483      	INC  R8
0001b5 cff5      	RJMP _0x28
                 _0x29:
                 ; 0000 0092                             rx_wr_index0=0;
0001b6 2499      	CLR  R9
                 ; 0000 0093       }
                 ; 0000 0094 
                 ; 0000 0095       if((omc_stt!=cpu_cmd)&&(cpu_cmd<1024))
                 _0x1C:
0001b7 d1d0      	RCALL SUBOPT_0x5
0001b8 f011      	BREQ _0x2B
0001b9 d1d7      	RCALL SUBOPT_0x6
0001ba f008      	BRLO _0x2C
                 _0x2B:
0001bb c052      	RJMP _0x2A
                 _0x2C:
                 ; 0000 0096         {
                 ; 0000 0097             // Chua xu ly truong hop neu cpu_cmd>0x03FF???
                 ; 0000 0098             omc_stt=cpu_cmd;
0001bc 91e0 0232 	LDS  R30,_cpu_cmd
0001be 91f0 0233 	LDS  R31,_cpu_cmd+1
0001c0 93e0 0234 	STS  _omc_stt,R30
0001c2 93f0 0235 	STS  _omc_stt+1,R31
                 ; 0000 0099             Relay1   =omc_stt&  0x01;
0001c4 91e0 0234 	LDS  R30,_omc_stt
0001c6 70e1      	ANDI R30,LOW(0x1)
0001c7 f411      	BRNE _0x2D
0001c8 9828      	CBI  0x5,0
0001c9 c001      	RJMP _0x2E
                 _0x2D:
0001ca 9a28      	SBI  0x5,0
                 _0x2E:
                 ; 0000 009A             Relay2   =(omc_stt>>1)&  0x01;
0001cb d1cd      	RCALL SUBOPT_0x7
0001cc 95f6      	LSR  R31
0001cd 95e7      	ROR  R30
0001ce 70e1      	ANDI R30,LOW(0x1)
0001cf f411      	BRNE _0x2F
0001d0 985f      	CBI  0xB,7
0001d1 c001      	RJMP _0x30
                 _0x2F:
0001d2 9a5f      	SBI  0xB,7
                 _0x30:
                 ; 0000 009B             Relay3   =(omc_stt>>2)&  0x01;
0001d3 d1c5      	RCALL SUBOPT_0x7
0001d4 d230      	RCALL __LSRW2
0001d5 70e1      	ANDI R30,LOW(0x1)
0001d6 f411      	BRNE _0x31
0001d7 985e      	CBI  0xB,6
0001d8 c001      	RJMP _0x32
                 _0x31:
0001d9 9a5e      	SBI  0xB,6
                 _0x32:
                 ; 0000 009C             Relay4   =(omc_stt>>3)&  0x01;
0001da d1be      	RCALL SUBOPT_0x7
0001db d227      	RCALL __LSRW3
0001dc 70e1      	ANDI R30,LOW(0x1)
0001dd f411      	BRNE _0x33
0001de 985d      	CBI  0xB,5
0001df c001      	RJMP _0x34
                 _0x33:
0001e0 9a5d      	SBI  0xB,5
                 _0x34:
                 ; 0000 009D             Relay5   =(omc_stt>>4)&  0x01;
0001e1 d1b7      	RCALL SUBOPT_0x7
0001e2 d21e      	RCALL __LSRW4
0001e3 70e1      	ANDI R30,LOW(0x1)
0001e4 f411      	BRNE _0x35
0001e5 985c      	CBI  0xB,4
0001e6 c001      	RJMP _0x36
                 _0x35:
0001e7 9a5c      	SBI  0xB,4
                 _0x36:
                 ; 0000 009E             Relay6   =(omc_stt>>5)&  0x01;
0001e8 d1ca      	RCALL SUBOPT_0x9
0001e9 e0e5      	LDI  R30,LOW(5)
0001ea d1cd      	RCALL SUBOPT_0xA
0001eb f411      	BRNE _0x37
0001ec 982d      	CBI  0x5,5
0001ed c001      	RJMP _0x38
                 _0x37:
0001ee 9a2d      	SBI  0x5,5
                 _0x38:
                 ; 0000 009F             Relay7   =(omc_stt>>6)&  0x01;
0001ef d1c3      	RCALL SUBOPT_0x9
0001f0 e0e6      	LDI  R30,LOW(6)
0001f1 d1c6      	RCALL SUBOPT_0xA
0001f2 f411      	BRNE _0x39
0001f3 982c      	CBI  0x5,4
0001f4 c001      	RJMP _0x3A
                 _0x39:
0001f5 9a2c      	SBI  0x5,4
                 _0x3A:
                 ; 0000 00A0             Relay8   =(omc_stt>>7)&  0x01;
0001f6 d1bc      	RCALL SUBOPT_0x9
0001f7 e0e7      	LDI  R30,LOW(7)
0001f8 d1bf      	RCALL SUBOPT_0xA
0001f9 f411      	BRNE _0x3B
0001fa 982b      	CBI  0x5,3
0001fb c001      	RJMP _0x3C
                 _0x3B:
0001fc 9a2b      	SBI  0x5,3
                 _0x3C:
                 ; 0000 00A1             Relay9   =(omc_stt>>8)&  0x01;
0001fd 91e0 0235 	LDS  R30,_omc_stt+1
0001ff 70f0      	ANDI R31,HIGH(0x0)
000200 70e1      	ANDI R30,LOW(0x1)
000201 f411      	BRNE _0x3D
000202 982a      	CBI  0x5,2
000203 c001      	RJMP _0x3E
                 _0x3D:
000204 9a2a      	SBI  0x5,2
                 _0x3E:
                 ; 0000 00A2             Relay10  =(omc_stt>>9)&  0x01;
000205 d1ad      	RCALL SUBOPT_0x9
000206 e0e9      	LDI  R30,LOW(9)
000207 d1b0      	RCALL SUBOPT_0xA
000208 f411      	BRNE _0x3F
000209 9829      	CBI  0x5,1
00020a c001      	RJMP _0x40
                 _0x3F:
00020b 9a29      	SBI  0x5,1
                 _0x40:
                 ; 0000 00A3             RS485_TxD=1;
00020c 9a45      	SBI  0x8,5
                 ; 0000 00A4             //Phan hoi lai ban tin cho CPU
                 ; 0000 00A5             // In hex : ">OMC[0xCPU_IDHigh.0xCPU_IDLow][0xomc_stt_High.0xomc_stt_High][0xomc_stt_Low.0xomc_stt_Low][0xch ...
                 ; 0000 00A6             printf(">OMC%02X%04X%02X<",cpu_id,omc_stt,checksum);
00020d d190      	RCALL SUBOPT_0x8
                 ; 0000 00A7         }
                 ; 0000 00A8 
                 ; 0000 00A9       }
                 _0x2A:
00020e cf2b      	RJMP _0x18
                 ; 0000 00AA }
                 _0x43:
00020f cfff      	RJMP _0x43
                 ; .FEND
                 	#ifndef __SLEEP_DEFINED__
                 	#endif
                 
                 	.CSEG
                 _putchar:
                 ; .FSTART _putchar
000210 93aa      	ST   -Y,R26
                 _0x2000006:
000211 91e0 00c0 	LDS  R30,192
000213 72e0      	ANDI R30,LOW(0x20)
000214 f3e1      	BREQ _0x2000006
000215 81e8      	LD   R30,Y
000216 93e0 00c6 	STS  198,R30
                 _0x2060001:
000218 9621      	ADIW R28,1
000219 9508      	RET
                 ; .FEND
                 _put_usart_G100:
                 ; .FSTART _put_usart_G100
00021a d1a0      	RCALL SUBOPT_0xB
00021b 81aa      	LDD  R26,Y+2
00021c dff3      	RCALL _putchar
00021d 81a8      	LD   R26,Y
00021e 81b9      	LDD  R27,Y+1
00021f 91ed      	LD   R30,X+
000220 91fd      	LD   R31,X+
000221 9631      	ADIW R30,1
000222 93fe      	ST   -X,R31
000223 93ee      	ST   -X,R30
000224 9623      	ADIW R28,3
000225 9508      	RET
                 ; .FEND
                 __print_G100:
                 ; .FSTART __print_G100
000226 d194      	RCALL SUBOPT_0xB
000227 9726      	SBIW R28,6
000228 d1ee      	RCALL __SAVELOCR6
000229 e010      	LDI  R17,0
00022a 85ac      	LDD  R26,Y+12
00022b 85bd      	LDD  R27,Y+12+1
00022c e0e0      	LDI  R30,LOW(0)
00022d e0f0      	LDI  R31,HIGH(0)
00022e 93ed      	ST   X+,R30
00022f 93fc      	ST   X,R31
                 _0x200001C:
000230 89ea      	LDD  R30,Y+18
000231 89fb      	LDD  R31,Y+18+1
000232 9631      	ADIW R30,1
000233 8bea      	STD  Y+18,R30
000234 8bfb      	STD  Y+18+1,R31
000235 9731      	SBIW R30,1
000236 91e4      	LPM  R30,Z
000237 2f2e      	MOV  R18,R30
000238 30e0      	CPI  R30,0
000239 f409      	BRNE PC+2
00023a c0fc      	RJMP _0x200001E
00023b 2fe1      	MOV  R30,R17
00023c 30e0      	CPI  R30,0
00023d f431      	BRNE _0x2000022
00023e 3225      	CPI  R18,37
00023f f411      	BRNE _0x2000023
000240 e011      	LDI  R17,LOW(1)
000241 c001      	RJMP _0x2000024
                 _0x2000023:
000242 d17b      	RCALL SUBOPT_0xC
                 _0x2000024:
000243 c0f2      	RJMP _0x2000021
                 _0x2000022:
000244 30e1      	CPI  R30,LOW(0x1)
000245 f4a1      	BRNE _0x2000025
000246 3225      	CPI  R18,37
000247 f411      	BRNE _0x2000026
000248 d175      	RCALL SUBOPT_0xC
000249 c0eb      	RJMP _0x20000D2
                 _0x2000026:
00024a e012      	LDI  R17,LOW(2)
00024b e040      	LDI  R20,LOW(0)
00024c e000      	LDI  R16,LOW(0)
00024d 322d      	CPI  R18,45
00024e f411      	BRNE _0x2000027
00024f e001      	LDI  R16,LOW(1)
000250 c0e5      	RJMP _0x2000021
                 _0x2000027:
000251 322b      	CPI  R18,43
000252 f411      	BRNE _0x2000028
000253 e24b      	LDI  R20,LOW(43)
000254 c0e1      	RJMP _0x2000021
                 _0x2000028:
000255 3220      	CPI  R18,32
000256 f411      	BRNE _0x2000029
000257 e240      	LDI  R20,LOW(32)
000258 c0dd      	RJMP _0x2000021
                 _0x2000029:
000259 c002      	RJMP _0x200002A
                 _0x2000025:
00025a 30e2      	CPI  R30,LOW(0x2)
00025b f439      	BRNE _0x200002B
                 _0x200002A:
00025c e050      	LDI  R21,LOW(0)
00025d e013      	LDI  R17,LOW(3)
00025e 3320      	CPI  R18,48
00025f f411      	BRNE _0x200002C
000260 6800      	ORI  R16,LOW(128)
000261 c0d4      	RJMP _0x2000021
                 _0x200002C:
000262 c003      	RJMP _0x200002D
                 _0x200002B:
000263 30e3      	CPI  R30,LOW(0x3)
000264 f009      	BREQ PC+2
000265 c0d0      	RJMP _0x2000021
                 _0x200002D:
000266 3320      	CPI  R18,48
000267 f010      	BRLO _0x2000030
000268 332a      	CPI  R18,58
000269 f008      	BRLO _0x2000031
                 _0x2000030:
00026a c007      	RJMP _0x200002F
                 _0x2000031:
00026b e0aa      	LDI  R26,LOW(10)
00026c 9f5a      	MUL  R21,R26
00026d 2d50      	MOV  R21,R0
00026e 2fe2      	MOV  R30,R18
00026f 53e0      	SUBI R30,LOW(48)
000270 0f5e      	ADD  R21,R30
000271 c0c4      	RJMP _0x2000021
                 _0x200002F:
000272 2fe2      	MOV  R30,R18
000273 36e3      	CPI  R30,LOW(0x63)
000274 f439      	BRNE _0x2000035
000275 d14f      	RCALL SUBOPT_0xD
000276 d151      	RCALL SUBOPT_0xE
000277 d14d      	RCALL SUBOPT_0xD
000278 81a4      	LDD  R26,Z+4
000279 93aa      	ST   -Y,R26
00027a d151      	RCALL SUBOPT_0xF
00027b c0b9      	RJMP _0x2000036
                 _0x2000035:
00027c 37e3      	CPI  R30,LOW(0x73)
00027d f429      	BRNE _0x2000038
00027e d153      	RCALL SUBOPT_0x10
00027f d154      	RCALL SUBOPT_0x11
000280 d0da      	RCALL _strlen
000281 2f1e      	MOV  R17,R30
000282 c007      	RJMP _0x2000039
                 _0x2000038:
000283 37e0      	CPI  R30,LOW(0x70)
000284 f449      	BRNE _0x200003B
000285 d14c      	RCALL SUBOPT_0x10
000286 d14d      	RCALL SUBOPT_0x11
000287 d0de      	RCALL _strlenf
000288 2f1e      	MOV  R17,R30
000289 6008      	ORI  R16,LOW(8)
                 _0x2000039:
00028a 6002      	ORI  R16,LOW(2)
00028b 770f      	ANDI R16,LOW(127)
00028c e030      	LDI  R19,LOW(0)
00028d c02d      	RJMP _0x200003C
                 _0x200003B:
00028e 36e4      	CPI  R30,LOW(0x64)
00028f f011      	BREQ _0x200003F
000290 36e9      	CPI  R30,LOW(0x69)
000291 f411      	BRNE _0x2000040
                 _0x200003F:
000292 6004      	ORI  R16,LOW(4)
000293 c002      	RJMP _0x2000041
                 _0x2000040:
000294 37e5      	CPI  R30,LOW(0x75)
000295 f429      	BRNE _0x2000042
                 _0x2000041:
000296 e3e4      	LDI  R30,LOW(_tbl10_G100*2)
000297 e0f0      	LDI  R31,HIGH(_tbl10_G100*2)
000298 d144      	RCALL SUBOPT_0x12
000299 e015      	LDI  R17,LOW(5)
00029a c00b      	RJMP _0x2000043
                 _0x2000042:
00029b 35e8      	CPI  R30,LOW(0x58)
00029c f411      	BRNE _0x2000045
00029d 6008      	ORI  R16,LOW(8)
00029e c003      	RJMP _0x2000046
                 _0x2000045:
00029f 37e8      	CPI  R30,LOW(0x78)
0002a0 f009      	BREQ PC+2
0002a1 c093      	RJMP _0x2000077
                 _0x2000046:
0002a2 e3ee      	LDI  R30,LOW(_tbl16_G100*2)
0002a3 e0f0      	LDI  R31,HIGH(_tbl16_G100*2)
0002a4 d138      	RCALL SUBOPT_0x12
0002a5 e014      	LDI  R17,LOW(4)
                 _0x2000043:
0002a6 ff02      	SBRS R16,2
0002a7 c011      	RJMP _0x2000048
0002a8 d129      	RCALL SUBOPT_0x10
0002a9 d136      	RCALL SUBOPT_0x13
0002aa 85ab      	LDD  R26,Y+11
0002ab 23aa      	TST  R26
0002ac f432      	BRPL _0x2000049
0002ad 85ea      	LDD  R30,Y+10
0002ae 85fb      	LDD  R31,Y+10+1
0002af d13b      	RCALL __ANEGW1
0002b0 87ea      	STD  Y+10,R30
0002b1 87fb      	STD  Y+10+1,R31
0002b2 e24d      	LDI  R20,LOW(45)
                 _0x2000049:
0002b3 3040      	CPI  R20,0
0002b4 f011      	BREQ _0x200004A
0002b5 5f1f      	SUBI R17,-LOW(1)
0002b6 c001      	RJMP _0x200004B
                 _0x200004A:
0002b7 7f0b      	ANDI R16,LOW(251)
                 _0x200004B:
0002b8 c002      	RJMP _0x200004C
                 _0x2000048:
0002b9 d118      	RCALL SUBOPT_0x10
0002ba d125      	RCALL SUBOPT_0x13
                 _0x200004C:
                 _0x200003C:
0002bb fd00      	SBRC R16,0
0002bc c010      	RJMP _0x200004D
                 _0x200004E:
0002bd 1715      	CP   R17,R21
0002be f470      	BRSH _0x2000050
0002bf ff07      	SBRS R16,7
0002c0 c008      	RJMP _0x2000051
0002c1 ff02      	SBRS R16,2
0002c2 c004      	RJMP _0x2000052
0002c3 7f0b      	ANDI R16,LOW(251)
0002c4 2f24      	MOV  R18,R20
0002c5 5011      	SUBI R17,LOW(1)
0002c6 c001      	RJMP _0x2000053
                 _0x2000052:
0002c7 e320      	LDI  R18,LOW(48)
                 _0x2000053:
0002c8 c001      	RJMP _0x2000054
                 _0x2000051:
0002c9 e220      	LDI  R18,LOW(32)
                 _0x2000054:
0002ca d0f3      	RCALL SUBOPT_0xC
0002cb 5051      	SUBI R21,LOW(1)
0002cc cff0      	RJMP _0x200004E
                 _0x2000050:
                 _0x200004D:
0002cd 2f31      	MOV  R19,R17
0002ce ff01      	SBRS R16,1
0002cf c015      	RJMP _0x2000055
                 _0x2000056:
0002d0 3030      	CPI  R19,0
0002d1 f091      	BREQ _0x2000058
0002d2 ff03      	SBRS R16,3
0002d3 c005      	RJMP _0x2000059
0002d4 81ee      	LDD  R30,Y+6
0002d5 81ff      	LDD  R31,Y+6+1
0002d6 9125      	LPM  R18,Z+
0002d7 d105      	RCALL SUBOPT_0x12
0002d8 c005      	RJMP _0x200005A
                 _0x2000059:
0002d9 81ae      	LDD  R26,Y+6
0002da 81bf      	LDD  R27,Y+6+1
0002db 912d      	LD   R18,X+
0002dc 83ae      	STD  Y+6,R26
0002dd 83bf      	STD  Y+6+1,R27
                 _0x200005A:
0002de d0df      	RCALL SUBOPT_0xC
0002df 3050      	CPI  R21,0
0002e0 f009      	BREQ _0x200005B
0002e1 5051      	SUBI R21,LOW(1)
                 _0x200005B:
0002e2 5031      	SUBI R19,LOW(1)
0002e3 cfec      	RJMP _0x2000056
                 _0x2000058:
0002e4 c047      	RJMP _0x200005C
                 _0x2000055:
                 _0x200005E:
0002e5 e320      	LDI  R18,LOW(48)
0002e6 81ee      	LDD  R30,Y+6
0002e7 81ff      	LDD  R31,Y+6+1
0002e8 d125      	RCALL __GETW1PF
0002e9 87e8      	STD  Y+8,R30
0002ea 87f9      	STD  Y+8+1,R31
0002eb 81ee      	LDD  R30,Y+6
0002ec 81ff      	LDD  R31,Y+6+1
0002ed 9632      	ADIW R30,2
0002ee d0ee      	RCALL SUBOPT_0x12
                 _0x2000060:
0002ef 85e8      	LDD  R30,Y+8
0002f0 85f9      	LDD  R31,Y+8+1
0002f1 85aa      	LDD  R26,Y+10
0002f2 85bb      	LDD  R27,Y+10+1
0002f3 17ae      	CP   R26,R30
0002f4 07bf      	CPC  R27,R31
0002f5 f050      	BRLO _0x2000062
0002f6 5f2f      	SUBI R18,-LOW(1)
0002f7 85a8      	LDD  R26,Y+8
0002f8 85b9      	LDD  R27,Y+8+1
0002f9 85ea      	LDD  R30,Y+10
0002fa 85fb      	LDD  R31,Y+10+1
0002fb 1bea      	SUB  R30,R26
0002fc 0bfb      	SBC  R31,R27
0002fd 87ea      	STD  Y+10,R30
0002fe 87fb      	STD  Y+10+1,R31
0002ff cfef      	RJMP _0x2000060
                 _0x2000062:
000300 332a      	CPI  R18,58
000301 f028      	BRLO _0x2000063
000302 ff03      	SBRS R16,3
000303 c002      	RJMP _0x2000064
000304 5f29      	SUBI R18,-LOW(7)
000305 c001      	RJMP _0x2000065
                 _0x2000064:
000306 5d29      	SUBI R18,-LOW(39)
                 _0x2000065:
                 _0x2000063:
000307 fd04      	SBRC R16,4
000308 c019      	RJMP _0x2000067
000309 3321      	CPI  R18,49
00030a f420      	BRSH _0x2000069
00030b 85a8      	LDD  R26,Y+8
00030c 85b9      	LDD  R27,Y+8+1
00030d 9711      	SBIW R26,1
00030e f409      	BRNE _0x2000068
                 _0x2000069:
00030f c009      	RJMP _0x20000D3
                 _0x2000068:
000310 1753      	CP   R21,R19
000311 f010      	BRLO _0x200006D
000312 ff00      	SBRS R16,0
000313 c001      	RJMP _0x200006E
                 _0x200006D:
000314 c011      	RJMP _0x200006C
                 _0x200006E:
000315 e220      	LDI  R18,LOW(32)
000316 ff07      	SBRS R16,7
000317 c00a      	RJMP _0x200006F
000318 e320      	LDI  R18,LOW(48)
                 _0x20000D3:
000319 6100      	ORI  R16,LOW(16)
00031a ff02      	SBRS R16,2
00031b c006      	RJMP _0x2000070
00031c 7f0b      	ANDI R16,LOW(251)
00031d 934a      	ST   -Y,R20
00031e d0ad      	RCALL SUBOPT_0xF
00031f 3050      	CPI  R21,0
000320 f009      	BREQ _0x2000071
000321 5051      	SUBI R21,LOW(1)
                 _0x2000071:
                 _0x2000070:
                 _0x200006F:
                 _0x2000067:
000322 d09b      	RCALL SUBOPT_0xC
000323 3050      	CPI  R21,0
000324 f009      	BREQ _0x2000072
000325 5051      	SUBI R21,LOW(1)
                 _0x2000072:
                 _0x200006C:
000326 5031      	SUBI R19,LOW(1)
000327 85a8      	LDD  R26,Y+8
000328 85b9      	LDD  R27,Y+8+1
000329 9712      	SBIW R26,2
00032a f008      	BRLO _0x200005F
00032b cfb9      	RJMP _0x200005E
                 _0x200005F:
                 _0x200005C:
00032c ff00      	SBRS R16,0
00032d c007      	RJMP _0x2000073
                 _0x2000074:
00032e 3050      	CPI  R21,0
00032f f029      	BREQ _0x2000076
000330 5051      	SUBI R21,LOW(1)
000331 e2e0      	LDI  R30,LOW(32)
000332 93ea      	ST   -Y,R30
000333 d098      	RCALL SUBOPT_0xF
000334 cff9      	RJMP _0x2000074
                 _0x2000076:
                 _0x2000073:
                 _0x2000077:
                 _0x2000036:
                 _0x20000D2:
000335 e010      	LDI  R17,LOW(0)
                 _0x2000021:
000336 cef9      	RJMP _0x200001C
                 _0x200001E:
000337 85ac      	LDD  R26,Y+12
000338 85bd      	LDD  R27,Y+12+1
000339 d0d0      	RCALL __GETW1P
00033a d0e3      	RCALL __LOADLOCR6
00033b 9664      	ADIW R28,20
00033c 9508      	RET
                 ; .FEND
                 _printf:
                 ; .FSTART _printf
00033d 92ff      	PUSH R15
00033e 2ef8      	MOV  R15,R24
00033f 9726      	SBIW R28,6
000340 d0da      	RCALL __SAVELOCR2
000341 01de      	MOVW R26,R28
000342 9614      	ADIW R26,4
000343 d0a3      	RCALL __ADDW2R15
000344 018d      	MOVW R16,R26
000345 e0e0      	LDI  R30,LOW(0)
000346 83ec      	STD  Y+4,R30
000347 83ed      	STD  Y+4+1,R30
000348 83ee      	STD  Y+6,R30
000349 83ef      	STD  Y+6+1,R30
00034a 01de      	MOVW R26,R28
00034b 9618      	ADIW R26,8
00034c d09a      	RCALL __ADDW2R15
00034d d0bc      	RCALL __GETW1P
00034e d02b      	RCALL SUBOPT_0x1
00034f 931a      	ST   -Y,R17
000350 930a      	ST   -Y,R16
000351 e1ea      	LDI  R30,LOW(_put_usart_G100)
000352 e0f2      	LDI  R31,HIGH(_put_usart_G100)
000353 d026      	RCALL SUBOPT_0x1
000354 01de      	MOVW R26,R28
000355 9618      	ADIW R26,8
000356 decf      	RCALL __print_G100
000357 d0ca      	RCALL __LOADLOCR2
000358 9628      	ADIW R28,8
000359 90ff      	POP  R15
00035a 9508      	RET
                 ; .FEND
                 
                 	.CSEG
                 
                 	.CSEG
                 _strlen:
                 ; .FSTART _strlen
00035b d05f      	RCALL SUBOPT_0xB
00035c 91a9          ld   r26,y+
00035d 91b9          ld   r27,y+
00035e 27ee          clr  r30
00035f 27ff          clr  r31
                 strlen0:
000360 916d          ld   r22,x+
000361 2366          tst  r22
000362 f011          breq strlen1
000363 9631          adiw r30,1
000364 cffb          rjmp strlen0
                 strlen1:
000365 9508          ret
                 ; .FEND
                 _strlenf:
                 ; .FSTART _strlenf
000366 d054      	RCALL SUBOPT_0xB
000367 27aa          clr  r26
000368 27bb          clr  r27
000369 91e9          ld   r30,y+
00036a 91f9          ld   r31,y+
                 strlenf0:
00036b 9005      	lpm  r0,z+
00036c 2000          tst  r0
00036d f011          breq strlenf1
00036e 9611          adiw r26,1
00036f cffb          rjmp strlenf0
                 strlenf1:
000370 01fd          movw r30,r26
000371 9508          ret
                 ; .FEND
                 
                 	.DSEG
                 _rx_buffer0:
000200           	.BYTE 0x32
                 _cpu_cmd:
000232           	.BYTE 0x2
                 _omc_stt:
000234           	.BYTE 0x2
                 
                 	.CSEG
                 ;OPTIMIZER ADDED SUBROUTINE, CALLED 2 TIMES, CODE SIZE REDUCTION:4 WORDS
                 SUBOPT_0x0:
000372 efe4      	LDI  R30,LOW(500)
000373 e0f1      	LDI  R31,HIGH(500)
                +
000374 2ebe     +MOV R11 , R30
000375 2ecf     +MOV R12 , R31
                 	__PUTW1R 11,12
000376 2455      	CLR  R5
000377 e0e1      	LDI  R30,LOW(1)
000378 2e7e      	MOV  R7,R30
000379 9508      	RET
                 
                 ;OPTIMIZER ADDED SUBROUTINE, CALLED 5 TIMES, CODE SIZE REDUCTION:2 WORDS
                 SUBOPT_0x1:
00037a 93fa      	ST   -Y,R31
00037b 93ea      	ST   -Y,R30
00037c 9508      	RET
                 
                 ;OPTIMIZER ADDED SUBROUTINE, CALLED 7 TIMES, CODE SIZE REDUCTION:4 WORDS
                 SUBOPT_0x2:
00037d dcf7      	RCALL _HexInCharToDec
00037e e0f0      	LDI  R31,0
00037f 9508      	RET
                 
                 ;OPTIMIZER ADDED SUBROUTINE, CALLED 4 TIMES, CODE SIZE REDUCTION:1 WORDS
                 SUBOPT_0x3:
000380 17ea      	CP   R30,R26
000381 07fb      	CPC  R31,R27
000382 9508      	RET
                 
                 ;OPTIMIZER ADDED SUBROUTINE, CALLED 2 TIMES, CODE SIZE REDUCTION:1 WORDS
                 SUBOPT_0x4:
000383 93e0 0232 	STS  _cpu_cmd,R30
000385 93f0 0233 	STS  _cpu_cmd+1,R31
000387 9508      	RET
                 
                 ;OPTIMIZER ADDED SUBROUTINE, CALLED 2 TIMES, CODE SIZE REDUCTION:6 WORDS
                 SUBOPT_0x5:
000388 91e0 0232 	LDS  R30,_cpu_cmd
00038a 91f0 0233 	LDS  R31,_cpu_cmd+1
00038c 91a0 0234 	LDS  R26,_omc_stt
00038e 91b0 0235 	LDS  R27,_omc_stt+1
000390 cfef      	RJMP SUBOPT_0x3
                 
                 ;OPTIMIZER ADDED SUBROUTINE, CALLED 2 TIMES, CODE SIZE REDUCTION:4 WORDS
                 SUBOPT_0x6:
000391 91a0 0232 	LDS  R26,_cpu_cmd
000393 91b0 0233 	LDS  R27,_cpu_cmd+1
000395 30a0      	CPI  R26,LOW(0x400)
000396 e0e4      	LDI  R30,HIGH(0x400)
000397 07be      	CPC  R27,R30
000398 9508      	RET
                 
                 ;OPTIMIZER ADDED SUBROUTINE, CALLED 7 TIMES, CODE SIZE REDUCTION:16 WORDS
                 SUBOPT_0x7:
000399 91e0 0234 	LDS  R30,_omc_stt
00039b 91f0 0235 	LDS  R31,_omc_stt+1
00039d 9508      	RET
                 
                 ;OPTIMIZER ADDED SUBROUTINE, CALLED 2 TIMES, CODE SIZE REDUCTION:17 WORDS
                 SUBOPT_0x8:
                +
00039e e7e3     +LDI R30 , LOW ( 2 * _0x0 + ( 33 ) )
00039f e0f0     +LDI R31 , HIGH ( 2 * _0x0 + ( 33 ) )
                 	__POINTW1FN _0x0,33
0003a0 dfd9      	RCALL SUBOPT_0x1
0003a1 2de3      	MOV  R30,R3
0003a2 27ff      	CLR  R31
0003a3 2766      	CLR  R22
0003a4 2777      	CLR  R23
0003a5 d06c      	RCALL __PUTPARD1
0003a6 dff2      	RCALL SUBOPT_0x7
0003a7 2766      	CLR  R22
0003a8 2777      	CLR  R23
0003a9 d068      	RCALL __PUTPARD1
0003aa 2de6      	MOV  R30,R6
0003ab 27ff      	CLR  R31
0003ac 2766      	CLR  R22
0003ad 2777      	CLR  R23
0003ae d063      	RCALL __PUTPARD1
0003af e08c      	LDI  R24,12
0003b0 df8c      	RCALL _printf
0003b1 962e      	ADIW R28,14
0003b2 9508      	RET
                 
                 ;OPTIMIZER ADDED SUBROUTINE, CALLED 4 TIMES, CODE SIZE REDUCTION:7 WORDS
                 SUBOPT_0x9:
0003b3 91a0 0234 	LDS  R26,_omc_stt
0003b5 91b0 0235 	LDS  R27,_omc_stt+1
0003b7 9508      	RET
                 
                 ;OPTIMIZER ADDED SUBROUTINE, CALLED 4 TIMES, CODE SIZE REDUCTION:1 WORDS
                 SUBOPT_0xA:
0003b8 d036      	RCALL __LSRW12
0003b9 70e1      	ANDI R30,LOW(0x1)
0003ba 9508      	RET
                 
                 ;OPTIMIZER ADDED SUBROUTINE, CALLED 4 TIMES, CODE SIZE REDUCTION:1 WORDS
                 SUBOPT_0xB:
0003bb 93ba      	ST   -Y,R27
0003bc 93aa      	ST   -Y,R26
0003bd 9508      	RET
                 
                 ;OPTIMIZER ADDED SUBROUTINE, CALLED 5 TIMES, CODE SIZE REDUCTION:18 WORDS
                 SUBOPT_0xC:
0003be 932a      	ST   -Y,R18
0003bf 85ad      	LDD  R26,Y+13
0003c0 85be      	LDD  R27,Y+13+1
0003c1 85ef      	LDD  R30,Y+15
0003c2 89f8      	LDD  R31,Y+15+1
0003c3 9509      	ICALL
0003c4 9508      	RET
                 
                 ;OPTIMIZER ADDED SUBROUTINE, CALLED 6 TIMES, CODE SIZE REDUCTION:3 WORDS
                 SUBOPT_0xD:
0003c5 89e8      	LDD  R30,Y+16
0003c6 89f9      	LDD  R31,Y+16+1
0003c7 9508      	RET
                 
                 ;OPTIMIZER ADDED SUBROUTINE, CALLED 5 TIMES, CODE SIZE REDUCTION:6 WORDS
                 SUBOPT_0xE:
0003c8 9734      	SBIW R30,4
0003c9 8be8      	STD  Y+16,R30
0003ca 8bf9      	STD  Y+16+1,R31
0003cb 9508      	RET
                 
                 ;OPTIMIZER ADDED SUBROUTINE, CALLED 3 TIMES, CODE SIZE REDUCTION:6 WORDS
                 SUBOPT_0xF:
0003cc 85ad      	LDD  R26,Y+13
0003cd 85be      	LDD  R27,Y+13+1
0003ce 85ef      	LDD  R30,Y+15
0003cf 89f8      	LDD  R31,Y+15+1
0003d0 9509      	ICALL
0003d1 9508      	RET
                 
                 ;OPTIMIZER ADDED SUBROUTINE, CALLED 4 TIMES, CODE SIZE REDUCTION:1 WORDS
                 SUBOPT_0x10:
0003d2 dff2      	RCALL SUBOPT_0xD
0003d3 cff4      	RJMP SUBOPT_0xE
                 
                 ;OPTIMIZER ADDED SUBROUTINE, CALLED 2 TIMES, CODE SIZE REDUCTION:5 WORDS
                 SUBOPT_0x11:
0003d4 89a8      	LDD  R26,Y+16
0003d5 89b9      	LDD  R27,Y+16+1
0003d6 9614      	ADIW R26,4
0003d7 d032      	RCALL __GETW1P
0003d8 83ee      	STD  Y+6,R30
0003d9 83ff      	STD  Y+6+1,R31
0003da 81ae      	LDD  R26,Y+6
0003db 81bf      	LDD  R27,Y+6+1
0003dc 9508      	RET
                 
                 ;OPTIMIZER ADDED SUBROUTINE, CALLED 4 TIMES, CODE SIZE REDUCTION:1 WORDS
                 SUBOPT_0x12:
0003dd 83ee      	STD  Y+6,R30
0003de 83ff      	STD  Y+6+1,R31
0003df 9508      	RET
                 
                 ;OPTIMIZER ADDED SUBROUTINE, CALLED 2 TIMES, CODE SIZE REDUCTION:3 WORDS
                 SUBOPT_0x13:
0003e0 89a8      	LDD  R26,Y+16
0003e1 89b9      	LDD  R27,Y+16+1
0003e2 9614      	ADIW R26,4
0003e3 d026      	RCALL __GETW1P
0003e4 87ea      	STD  Y+10,R30
0003e5 87fb      	STD  Y+10+1,R31
0003e6 9508      	RET
                 
                 
                 	.CSEG
                 __ADDW2R15:
0003e7 2400      	CLR  R0
0003e8 0daf      	ADD  R26,R15
0003e9 1db0      	ADC  R27,R0
0003ea 9508      	RET
                 
                 __ANEGW1:
0003eb 95f1      	NEG  R31
0003ec 95e1      	NEG  R30
0003ed 40f0      	SBCI R31,0
0003ee 9508      	RET
                 
                 __LSRW12:
0003ef 23ee      	TST  R30
0003f0 2e0e      	MOV  R0,R30
0003f1 01fd      	MOVW R30,R26
0003f2 f021      	BREQ __LSRW12R
                 __LSRW12L:
0003f3 95f6      	LSR  R31
0003f4 95e7      	ROR  R30
0003f5 940a      	DEC  R0
0003f6 f7e1      	BRNE __LSRW12L
                 __LSRW12R:
0003f7 9508      	RET
                 
                 __LSLW4:
0003f8 0fee      	LSL  R30
0003f9 1fff      	ROL  R31
                 __LSLW3:
0003fa 0fee      	LSL  R30
0003fb 1fff      	ROL  R31
                 __LSLW2:
0003fc 0fee      	LSL  R30
0003fd 1fff      	ROL  R31
0003fe 0fee      	LSL  R30
0003ff 1fff      	ROL  R31
000400 9508      	RET
                 
                 __LSRW4:
000401 95f6      	LSR  R31
000402 95e7      	ROR  R30
                 __LSRW3:
000403 95f6      	LSR  R31
000404 95e7      	ROR  R30
                 __LSRW2:
000405 95f6      	LSR  R31
000406 95e7      	ROR  R30
000407 95f6      	LSR  R31
000408 95e7      	ROR  R30
000409 9508      	RET
                 
                 __GETW1P:
00040a 91ed      	LD   R30,X+
00040b 91fc      	LD   R31,X
00040c 9711      	SBIW R26,1
00040d 9508      	RET
                 
                 __GETW1PF:
00040e 9005      	LPM  R0,Z+
00040f 91f4      	LPM  R31,Z
000410 2de0      	MOV  R30,R0
000411 9508      	RET
                 
                 __PUTPARD1:
000412 937a      	ST   -Y,R23
000413 936a      	ST   -Y,R22
000414 93fa      	ST   -Y,R31
000415 93ea      	ST   -Y,R30
000416 9508      	RET
                 
                 __SAVELOCR6:
000417 935a      	ST   -Y,R21
                 __SAVELOCR5:
000418 934a      	ST   -Y,R20
                 __SAVELOCR4:
000419 933a      	ST   -Y,R19
                 __SAVELOCR3:
00041a 932a      	ST   -Y,R18
                 __SAVELOCR2:
00041b 931a      	ST   -Y,R17
00041c 930a      	ST   -Y,R16
00041d 9508      	RET
                 
                 __LOADLOCR6:
00041e 815d      	LDD  R21,Y+5
                 __LOADLOCR5:
00041f 814c      	LDD  R20,Y+4
                 __LOADLOCR4:
000420 813b      	LDD  R19,Y+3
                 __LOADLOCR3:
000421 812a      	LDD  R18,Y+2
                 __LOADLOCR2:
000422 8119      	LDD  R17,Y+1
000423 8108      	LD   R16,Y
000424 9508      	RET
                 
                 ;END OF CODE MARKER
                 __END_OF_CODE:


RESOURCE USE INFORMATION
------------------------

Notice:
The register and instruction counts are symbol table hit counts,
and hence implicitly used resources are not counted, eg, the
'lpm' instruction without operands implicitly uses r0 and z,
none of which are counted.

x,y,z are separate entities in the symbol table and are
counted separately from r26..r31 here.

.dseg memory usage only counts static data declared with .byte

ATmega88PA register use summary:
r0 :  18 r1 :   1 r2 :   0 r3 :   1 r4 :   1 r5 :   4 r6 :   2 r7 :   3 
r8 :   4 r9 :   5 r10:   4 r11:   4 r12:   4 r13:   0 r14:   3 r15:   4 
r16:  31 r17:  20 r18:  27 r19:   8 r20:   9 r21:  17 r22:   8 r23:   4 
r24:  10 r25:   2 r26:  91 r27:  38 r28:  12 r29:   1 r30: 258 r31:  85 
x  :  13 y  : 123 z  :  15 
Registers used: 33 out of 35 (94.3%)

ATmega88PA instruction use summary:
.lds  :   0 .lds.l:   0 .sts  :   0 .sts.l:   0 adc   :   6 add   :   7 
adiw  :  16 and   :   0 andi  :  14 asr   :   0 bclr  :   0 bld   :   0 
brbc  :   0 brbs  :   0 brcc  :   0 brcs  :   0 break :   0 breq  :  18 
brge  :   0 brhc  :   0 brhs  :   0 brid  :   0 brie  :   0 brlo  :  12 
brlt  :   0 brmi  :   0 brne  :  43 brpl  :   1 brsh  :   3 brtc  :   0 
brts  :   0 brvc  :   0 brvs  :   0 bset  :   0 bst   :   0 cbi   :  12 
cbr   :   0 clc   :   0 clh   :   0 cli   :   1 cln   :   0 clr   :  23 
cls   :   0 clt   :   0 clv   :   0 clz   :   0 com   :   0 cp    :  10 
cpc   :   3 cpi   :  39 cpse  :   0 dec   :   2 des   :   0 eor   :   0 
fmul  :   0 fmuls :   0 fmulsu:   0 icall :   2 ijmp  :   0 in    :   2 
inc   :   3 ld    :  26 ldd   :  53 ldi   :  96 lds   :  30 lpm   :  14 
lsl   :   4 lsr   :   6 mov   :  31 movw  :  11 mul   :   2 muls  :   0 
mulsu :   0 neg   :   2 nop   :   0 or    :   1 ori   :   6 out   :  23 
pop   :  11 push  :  11 rcall :  97 ret   :  35 reti  :   3 rjmp  : 100 
rol   :   4 ror   :   6 sbc   :   1 sbci  :   3 sbi   :  15 sbic  :   0 
sbis  :   0 sbiw  :  11 sbr   :   0 sbrc  :   2 sbrs  :  10 sec   :   0 
seh   :   0 sei   :   1 sen   :   0 ser   :   0 ses   :   0 set   :   0 
sev   :   0 sez   :   0 sleep :   0 spm   :   0 st    :  37 std   :  23 
sts   :  37 sub   :   1 subi  :  17 swap  :   0 tst   :   4 wdr   :   0 

Instructions used: 54 out of 114 (47.4%)

ATmega88PA memory use summary [bytes]:
Segment   Begin    End      Code   Data   Used    Size   Use%
---------------------------------------------------------------
[.cseg] 0x000000 0x00084a   2032     90   2122    8192  25.9%
[.dseg] 0x000100 0x000236      0     54     54    1024   5.3%
[.eseg] 0x000000 0x000000      0      0      0     512   0.0%

Assembly complete, 0 errors, 12 warnings
