
AVRASM ver. 2.1.30  C:\Users\swat\Google Drive\In working\I Store medicin\Hardware\IO_Board\IO_Board_FW\List\IO_Board_FWv1.asm Sat Oct 24 23:18:44 2015

C:\Users\swat\Google Drive\In working\I Store medicin\Hardware\IO_Board\IO_Board_FW\List\IO_Board_FWv1.asm(1072): warning: Register r4 already defined by the .DEF directive
C:\Users\swat\Google Drive\In working\I Store medicin\Hardware\IO_Board\IO_Board_FW\List\IO_Board_FWv1.asm(1073): warning: Register r3 already defined by the .DEF directive
C:\Users\swat\Google Drive\In working\I Store medicin\Hardware\IO_Board\IO_Board_FW\List\IO_Board_FWv1.asm(1074): warning: Register r6 already defined by the .DEF directive
C:\Users\swat\Google Drive\In working\I Store medicin\Hardware\IO_Board\IO_Board_FW\List\IO_Board_FWv1.asm(1075): warning: Register r5 already defined by the .DEF directive
                 
                 
                 ;CodeVisionAVR C Compiler V2.05.3 Standard
                 ;(C) Copyright 1998-2011 Pavel Haiduc, HP InfoTech s.r.l.
                 ;http://www.hpinfotech.com
                 
                 ;Chip type                : ATmega88PA
                 ;Program type             : Application
                 ;Clock frequency          : 20.000000 MHz
                 ;Memory model             : Small
                 ;Optimize for             : Size
                 ;(s)printf features       : int, width
                 ;(s)scanf features        : int, width
                 ;External RAM size        : 0
                 ;Data Stack size          : 256 byte(s)
                 ;Heap size                : 0 byte(s)
                 ;Promote 'char' to 'int'  : Yes
                 ;'char' is unsigned       : Yes
                 ;8 bit enums              : Yes
                 ;Global 'const' stored in FLASH     : No
                 ;Enhanced function parameter passing: Yes
                 ;Enhanced core instructions         : On
                 ;Smart register allocation          : On
                 ;Automatic register allocation      : On
                 
                 	#pragma AVRPART ADMIN PART_NAME ATmega88PA
                 	#pragma AVRPART MEMORY PROG_FLASH 8192
                 	#pragma AVRPART MEMORY EEPROM 512
                 	#pragma AVRPART MEMORY INT_SRAM SIZE 1279
                 	#pragma AVRPART MEMORY INT_SRAM START_ADDR 0x100
                 
                 	.LISTMAC
                 	.EQU EERE=0x0
                 	.EQU EEWE=0x1
                 	.EQU EEMWE=0x2
                 	.EQU UDRE=0x5
                 	.EQU RXC=0x7
                 	.EQU EECR=0x1F
                 	.EQU EEDR=0x20
                 	.EQU EEARL=0x21
                 	.EQU EEARH=0x22
                 	.EQU SPSR=0x2D
                 	.EQU SPDR=0x2E
                 	.EQU SMCR=0x33
                 	.EQU MCUSR=0x34
                 	.EQU MCUCR=0x35
                 	.EQU WDTCSR=0x60
                 	.EQU UCSR0A=0xC0
                 	.EQU UDR0=0xC6
                 	.EQU SPL=0x3D
                 	.EQU SPH=0x3E
                 	.EQU SREG=0x3F
                 	.EQU GPIOR0=0x1E
                 
                 	.DEF R0X0=R0
                 	.DEF R0X1=R1
                 	.DEF R0X2=R2
                 	.DEF R0X3=R3
                 	.DEF R0X4=R4
                 	.DEF R0X5=R5
                 	.DEF R0X6=R6
                 	.DEF R0X7=R7
                 	.DEF R0X8=R8
                 	.DEF R0X9=R9
                 	.DEF R0XA=R10
                 	.DEF R0XB=R11
                 	.DEF R0XC=R12
                 	.DEF R0XD=R13
                 	.DEF R0XE=R14
                 	.DEF R0XF=R15
                 	.DEF R0X10=R16
                 	.DEF R0X11=R17
                 	.DEF R0X12=R18
                 	.DEF R0X13=R19
                 	.DEF R0X14=R20
                 	.DEF R0X15=R21
                 	.DEF R0X16=R22
                 	.DEF R0X17=R23
                 	.DEF R0X18=R24
                 	.DEF R0X19=R25
                 	.DEF R0X1A=R26
                 	.DEF R0X1B=R27
                 	.DEF R0X1C=R28
                 	.DEF R0X1D=R29
                 	.DEF R0X1E=R30
                 	.DEF R0X1F=R31
                 
                 	.EQU __SRAM_START=0x0100
                 	.EQU __SRAM_END=0x04FF
                 	.EQU __DSTACK_SIZE=0x0100
                 	.EQU __HEAP_SIZE=0x0000
                 	.EQU __CLEAR_SRAM_SIZE=__SRAM_END-__SRAM_START+1
                 
                 	.MACRO __CPD1N
                 	CPI  R30,LOW(@0)
                 	LDI  R26,HIGH(@0)
                 	CPC  R31,R26
                 	LDI  R26,BYTE3(@0)
                 	CPC  R22,R26
                 	LDI  R26,BYTE4(@0)
                 	CPC  R23,R26
                 	.ENDM
                 
                 	.MACRO __CPD2N
                 	CPI  R26,LOW(@0)
                 	LDI  R30,HIGH(@0)
                 	CPC  R27,R30
                 	LDI  R30,BYTE3(@0)
                 	CPC  R24,R30
                 	LDI  R30,BYTE4(@0)
                 	CPC  R25,R30
                 	.ENDM
                 
                 	.MACRO __CPWRR
                 	CP   R@0,R@2
                 	CPC  R@1,R@3
                 	.ENDM
                 
                 	.MACRO __CPWRN
                 	CPI  R@0,LOW(@2)
                 	LDI  R30,HIGH(@2)
                 	CPC  R@1,R30
                 	.ENDM
                 
                 	.MACRO __ADDB1MN
                 	SUBI R30,LOW(-@0-(@1))
                 	.ENDM
                 
                 	.MACRO __ADDB2MN
                 	SUBI R26,LOW(-@0-(@1))
                 	.ENDM
                 
                 	.MACRO __ADDW1MN
                 	SUBI R30,LOW(-@0-(@1))
                 	SBCI R31,HIGH(-@0-(@1))
                 	.ENDM
                 
                 	.MACRO __ADDW2MN
                 	SUBI R26,LOW(-@0-(@1))
                 	SBCI R27,HIGH(-@0-(@1))
                 	.ENDM
                 
                 	.MACRO __ADDW1FN
                 	SUBI R30,LOW(-2*@0-(@1))
                 	SBCI R31,HIGH(-2*@0-(@1))
                 	.ENDM
                 
                 	.MACRO __ADDD1FN
                 	SUBI R30,LOW(-2*@0-(@1))
                 	SBCI R31,HIGH(-2*@0-(@1))
                 	SBCI R22,BYTE3(-2*@0-(@1))
                 	.ENDM
                 
                 	.MACRO __ADDD1N
                 	SUBI R30,LOW(-@0)
                 	SBCI R31,HIGH(-@0)
                 	SBCI R22,BYTE3(-@0)
                 	SBCI R23,BYTE4(-@0)
                 	.ENDM
                 
                 	.MACRO __ADDD2N
                 	SUBI R26,LOW(-@0)
                 	SBCI R27,HIGH(-@0)
                 	SBCI R24,BYTE3(-@0)
                 	SBCI R25,BYTE4(-@0)
                 	.ENDM
                 
                 	.MACRO __SUBD1N
                 	SUBI R30,LOW(@0)
                 	SBCI R31,HIGH(@0)
                 	SBCI R22,BYTE3(@0)
                 	SBCI R23,BYTE4(@0)
                 	.ENDM
                 
                 	.MACRO __SUBD2N
                 	SUBI R26,LOW(@0)
                 	SBCI R27,HIGH(@0)
                 	SBCI R24,BYTE3(@0)
                 	SBCI R25,BYTE4(@0)
                 	.ENDM
                 
                 	.MACRO __ANDBMNN
                 	LDS  R30,@0+(@1)
                 	ANDI R30,LOW(@2)
                 	STS  @0+(@1),R30
                 	.ENDM
                 
                 	.MACRO __ANDWMNN
                 	LDS  R30,@0+(@1)
                 	ANDI R30,LOW(@2)
                 	STS  @0+(@1),R30
                 	LDS  R30,@0+(@1)+1
                 	ANDI R30,HIGH(@2)
                 	STS  @0+(@1)+1,R30
                 	.ENDM
                 
                 	.MACRO __ANDD1N
                 	ANDI R30,LOW(@0)
                 	ANDI R31,HIGH(@0)
                 	ANDI R22,BYTE3(@0)
                 	ANDI R23,BYTE4(@0)
                 	.ENDM
                 
                 	.MACRO __ANDD2N
                 	ANDI R26,LOW(@0)
                 	ANDI R27,HIGH(@0)
                 	ANDI R24,BYTE3(@0)
                 	ANDI R25,BYTE4(@0)
                 	.ENDM
                 
                 	.MACRO __ORBMNN
                 	LDS  R30,@0+(@1)
                 	ORI  R30,LOW(@2)
                 	STS  @0+(@1),R30
                 	.ENDM
                 
                 	.MACRO __ORWMNN
                 	LDS  R30,@0+(@1)
                 	ORI  R30,LOW(@2)
                 	STS  @0+(@1),R30
                 	LDS  R30,@0+(@1)+1
                 	ORI  R30,HIGH(@2)
                 	STS  @0+(@1)+1,R30
                 	.ENDM
                 
                 	.MACRO __ORD1N
                 	ORI  R30,LOW(@0)
                 	ORI  R31,HIGH(@0)
                 	ORI  R22,BYTE3(@0)
                 	ORI  R23,BYTE4(@0)
                 	.ENDM
                 
                 	.MACRO __ORD2N
                 	ORI  R26,LOW(@0)
                 	ORI  R27,HIGH(@0)
                 	ORI  R24,BYTE3(@0)
                 	ORI  R25,BYTE4(@0)
                 	.ENDM
                 
                 	.MACRO __DELAY_USB
                 	LDI  R24,LOW(@0)
                 __DELAY_USB_LOOP:
                 	DEC  R24
                 	BRNE __DELAY_USB_LOOP
                 	.ENDM
                 
                 	.MACRO __DELAY_USW
                 	LDI  R24,LOW(@0)
                 	LDI  R25,HIGH(@0)
                 __DELAY_USW_LOOP:
                 	SBIW R24,1
                 	BRNE __DELAY_USW_LOOP
                 	.ENDM
                 
                 	.MACRO __GETD1S
                 	LDD  R30,Y+@0
                 	LDD  R31,Y+@0+1
                 	LDD  R22,Y+@0+2
                 	LDD  R23,Y+@0+3
                 	.ENDM
                 
                 	.MACRO __GETD2S
                 	LDD  R26,Y+@0
                 	LDD  R27,Y+@0+1
                 	LDD  R24,Y+@0+2
                 	LDD  R25,Y+@0+3
                 	.ENDM
                 
                 	.MACRO __PUTD1S
                 	STD  Y+@0,R30
                 	STD  Y+@0+1,R31
                 	STD  Y+@0+2,R22
                 	STD  Y+@0+3,R23
                 	.ENDM
                 
                 	.MACRO __PUTD2S
                 	STD  Y+@0,R26
                 	STD  Y+@0+1,R27
                 	STD  Y+@0+2,R24
                 	STD  Y+@0+3,R25
                 	.ENDM
                 
                 	.MACRO __PUTDZ2
                 	STD  Z+@0,R26
                 	STD  Z+@0+1,R27
                 	STD  Z+@0+2,R24
                 	STD  Z+@0+3,R25
                 	.ENDM
                 
                 	.MACRO __CLRD1S
                 	STD  Y+@0,R30
                 	STD  Y+@0+1,R30
                 	STD  Y+@0+2,R30
                 	STD  Y+@0+3,R30
                 	.ENDM
                 
                 	.MACRO __POINTB1MN
                 	LDI  R30,LOW(@0+(@1))
                 	.ENDM
                 
                 	.MACRO __POINTW1MN
                 	LDI  R30,LOW(@0+(@1))
                 	LDI  R31,HIGH(@0+(@1))
                 	.ENDM
                 
                 	.MACRO __POINTD1M
                 	LDI  R30,LOW(@0)
                 	LDI  R31,HIGH(@0)
                 	LDI  R22,BYTE3(@0)
                 	LDI  R23,BYTE4(@0)
                 	.ENDM
                 
                 	.MACRO __POINTW1FN
                 	LDI  R30,LOW(2*@0+(@1))
                 	LDI  R31,HIGH(2*@0+(@1))
                 	.ENDM
                 
                 	.MACRO __POINTD1FN
                 	LDI  R30,LOW(2*@0+(@1))
                 	LDI  R31,HIGH(2*@0+(@1))
                 	LDI  R22,BYTE3(2*@0+(@1))
                 	LDI  R23,BYTE4(2*@0+(@1))
                 	.ENDM
                 
                 	.MACRO __POINTB2MN
                 	LDI  R26,LOW(@0+(@1))
                 	.ENDM
                 
                 	.MACRO __POINTW2MN
                 	LDI  R26,LOW(@0+(@1))
                 	LDI  R27,HIGH(@0+(@1))
                 	.ENDM
                 
                 	.MACRO __POINTW2FN
                 	LDI  R26,LOW(2*@0+(@1))
                 	LDI  R27,HIGH(2*@0+(@1))
                 	.ENDM
                 
                 	.MACRO __POINTD2FN
                 	LDI  R26,LOW(2*@0+(@1))
                 	LDI  R27,HIGH(2*@0+(@1))
                 	LDI  R24,BYTE3(2*@0+(@1))
                 	LDI  R25,BYTE4(2*@0+(@1))
                 	.ENDM
                 
                 	.MACRO __POINTBRM
                 	LDI  R@0,LOW(@1)
                 	.ENDM
                 
                 	.MACRO __POINTWRM
                 	LDI  R@0,LOW(@2)
                 	LDI  R@1,HIGH(@2)
                 	.ENDM
                 
                 	.MACRO __POINTBRMN
                 	LDI  R@0,LOW(@1+(@2))
                 	.ENDM
                 
                 	.MACRO __POINTWRMN
                 	LDI  R@0,LOW(@2+(@3))
                 	LDI  R@1,HIGH(@2+(@3))
                 	.ENDM
                 
                 	.MACRO __POINTWRFN
                 	LDI  R@0,LOW(@2*2+(@3))
                 	LDI  R@1,HIGH(@2*2+(@3))
                 	.ENDM
                 
                 	.MACRO __GETD1N
                 	LDI  R30,LOW(@0)
                 	LDI  R31,HIGH(@0)
                 	LDI  R22,BYTE3(@0)
                 	LDI  R23,BYTE4(@0)
                 	.ENDM
                 
                 	.MACRO __GETD2N
                 	LDI  R26,LOW(@0)
                 	LDI  R27,HIGH(@0)
                 	LDI  R24,BYTE3(@0)
                 	LDI  R25,BYTE4(@0)
                 	.ENDM
                 
                 	.MACRO __GETB1MN
                 	LDS  R30,@0+(@1)
                 	.ENDM
                 
                 	.MACRO __GETB1HMN
                 	LDS  R31,@0+(@1)
                 	.ENDM
                 
                 	.MACRO __GETW1MN
                 	LDS  R30,@0+(@1)
                 	LDS  R31,@0+(@1)+1
                 	.ENDM
                 
                 	.MACRO __GETD1MN
                 	LDS  R30,@0+(@1)
                 	LDS  R31,@0+(@1)+1
                 	LDS  R22,@0+(@1)+2
                 	LDS  R23,@0+(@1)+3
                 	.ENDM
                 
                 	.MACRO __GETBRMN
                 	LDS  R@0,@1+(@2)
                 	.ENDM
                 
                 	.MACRO __GETWRMN
                 	LDS  R@0,@2+(@3)
                 	LDS  R@1,@2+(@3)+1
                 	.ENDM
                 
                 	.MACRO __GETWRZ
                 	LDD  R@0,Z+@2
                 	LDD  R@1,Z+@2+1
                 	.ENDM
                 
                 	.MACRO __GETD2Z
                 	LDD  R26,Z+@0
                 	LDD  R27,Z+@0+1
                 	LDD  R24,Z+@0+2
                 	LDD  R25,Z+@0+3
                 	.ENDM
                 
                 	.MACRO __GETB2MN
                 	LDS  R26,@0+(@1)
                 	.ENDM
                 
                 	.MACRO __GETW2MN
                 	LDS  R26,@0+(@1)
                 	LDS  R27,@0+(@1)+1
                 	.ENDM
                 
                 	.MACRO __GETD2MN
                 	LDS  R26,@0+(@1)
                 	LDS  R27,@0+(@1)+1
                 	LDS  R24,@0+(@1)+2
                 	LDS  R25,@0+(@1)+3
                 	.ENDM
                 
                 	.MACRO __PUTB1MN
                 	STS  @0+(@1),R30
                 	.ENDM
                 
                 	.MACRO __PUTW1MN
                 	STS  @0+(@1),R30
                 	STS  @0+(@1)+1,R31
                 	.ENDM
                 
                 	.MACRO __PUTD1MN
                 	STS  @0+(@1),R30
                 	STS  @0+(@1)+1,R31
                 	STS  @0+(@1)+2,R22
                 	STS  @0+(@1)+3,R23
                 	.ENDM
                 
                 	.MACRO __PUTB1EN
                 	LDI  R26,LOW(@0+(@1))
                 	LDI  R27,HIGH(@0+(@1))
                 	RCALL __EEPROMWRB
                 	.ENDM
                 
                 	.MACRO __PUTW1EN
                 	LDI  R26,LOW(@0+(@1))
                 	LDI  R27,HIGH(@0+(@1))
                 	RCALL __EEPROMWRW
                 	.ENDM
                 
                 	.MACRO __PUTD1EN
                 	LDI  R26,LOW(@0+(@1))
                 	LDI  R27,HIGH(@0+(@1))
                 	RCALL __EEPROMWRD
                 	.ENDM
                 
                 	.MACRO __PUTBR0MN
                 	STS  @0+(@1),R0
                 	.ENDM
                 
                 	.MACRO __PUTBMRN
                 	STS  @0+(@1),R@2
                 	.ENDM
                 
                 	.MACRO __PUTWMRN
                 	STS  @0+(@1),R@2
                 	STS  @0+(@1)+1,R@3
                 	.ENDM
                 
                 	.MACRO __PUTBZR
                 	STD  Z+@1,R@0
                 	.ENDM
                 
                 	.MACRO __PUTWZR
                 	STD  Z+@2,R@0
                 	STD  Z+@2+1,R@1
                 	.ENDM
                 
                 	.MACRO __GETW1R
                 	MOV  R30,R@0
                 	MOV  R31,R@1
                 	.ENDM
                 
                 	.MACRO __GETW2R
                 	MOV  R26,R@0
                 	MOV  R27,R@1
                 	.ENDM
                 
                 	.MACRO __GETWRN
                 	LDI  R@0,LOW(@2)
                 	LDI  R@1,HIGH(@2)
                 	.ENDM
                 
                 	.MACRO __PUTW1R
                 	MOV  R@0,R30
                 	MOV  R@1,R31
                 	.ENDM
                 
                 	.MACRO __PUTW2R
                 	MOV  R@0,R26
                 	MOV  R@1,R27
                 	.ENDM
                 
                 	.MACRO __ADDWRN
                 	SUBI R@0,LOW(-@2)
                 	SBCI R@1,HIGH(-@2)
                 	.ENDM
                 
                 	.MACRO __ADDWRR
                 	ADD  R@0,R@2
                 	ADC  R@1,R@3
                 	.ENDM
                 
                 	.MACRO __SUBWRN
                 	SUBI R@0,LOW(@2)
                 	SBCI R@1,HIGH(@2)
                 	.ENDM
                 
                 	.MACRO __SUBWRR
                 	SUB  R@0,R@2
                 	SBC  R@1,R@3
                 	.ENDM
                 
                 	.MACRO __ANDWRN
                 	ANDI R@0,LOW(@2)
                 	ANDI R@1,HIGH(@2)
                 	.ENDM
                 
                 	.MACRO __ANDWRR
                 	AND  R@0,R@2
                 	AND  R@1,R@3
                 	.ENDM
                 
                 	.MACRO __ORWRN
                 	ORI  R@0,LOW(@2)
                 	ORI  R@1,HIGH(@2)
                 	.ENDM
                 
                 	.MACRO __ORWRR
                 	OR   R@0,R@2
                 	OR   R@1,R@3
                 	.ENDM
                 
                 	.MACRO __EORWRR
                 	EOR  R@0,R@2
                 	EOR  R@1,R@3
                 	.ENDM
                 
                 	.MACRO __GETWRS
                 	LDD  R@0,Y+@2
                 	LDD  R@1,Y+@2+1
                 	.ENDM
                 
                 	.MACRO __PUTBSR
                 	STD  Y+@1,R@0
                 	.ENDM
                 
                 	.MACRO __PUTWSR
                 	STD  Y+@2,R@0
                 	STD  Y+@2+1,R@1
                 	.ENDM
                 
                 	.MACRO __MOVEWRR
                 	MOV  R@0,R@2
                 	MOV  R@1,R@3
                 	.ENDM
                 
                 	.MACRO __INWR
                 	IN   R@0,@2
                 	IN   R@1,@2+1
                 	.ENDM
                 
                 	.MACRO __OUTWR
                 	OUT  @2+1,R@1
                 	OUT  @2,R@0
                 	.ENDM
                 
                 	.MACRO __CALL1MN
                 	LDS  R30,@0+(@1)
                 	LDS  R31,@0+(@1)+1
                 	ICALL
                 	.ENDM
                 
                 	.MACRO __CALL1FN
                 	LDI  R30,LOW(2*@0+(@1))
                 	LDI  R31,HIGH(2*@0+(@1))
                 	RCALL __GETW1PF
                 	ICALL
                 	.ENDM
                 
                 	.MACRO __CALL2EN
                 	LDI  R26,LOW(@0+(@1))
                 	LDI  R27,HIGH(@0+(@1))
                 	RCALL __EEPROMRDW
                 	ICALL
                 	.ENDM
                 
                 	.MACRO __GETW1STACK
                 	IN   R26,SPL
                 	IN   R27,SPH
                 	ADIW R26,@0+1
                 	LD   R30,X+
                 	LD   R31,X
                 	.ENDM
                 
                 	.MACRO __GETD1STACK
                 	IN   R26,SPL
                 	IN   R27,SPH
                 	ADIW R26,@0+1
                 	LD   R30,X+
                 	LD   R31,X+
                 	LD   R22,X
                 	.ENDM
                 
                 	.MACRO __NBST
                 	BST  R@0,@1
                 	IN   R30,SREG
                 	LDI  R31,0x40
                 	EOR  R30,R31
                 	OUT  SREG,R30
                 	.ENDM
                 
                 
                 	.MACRO __PUTB1SN
                 	LDD  R26,Y+@0
                 	LDD  R27,Y+@0+1
                 	SUBI R26,LOW(-@1)
                 	SBCI R27,HIGH(-@1)
                 	ST   X,R30
                 	.ENDM
                 
                 	.MACRO __PUTW1SN
                 	LDD  R26,Y+@0
                 	LDD  R27,Y+@0+1
                 	SUBI R26,LOW(-@1)
                 	SBCI R27,HIGH(-@1)
                 	ST   X+,R30
                 	ST   X,R31
                 	.ENDM
                 
                 	.MACRO __PUTD1SN
                 	LDD  R26,Y+@0
                 	LDD  R27,Y+@0+1
                 	SUBI R26,LOW(-@1)
                 	SBCI R27,HIGH(-@1)
                 	RCALL __PUTDP1
                 	.ENDM
                 
                 	.MACRO __PUTB1SNS
                 	LDD  R26,Y+@0
                 	LDD  R27,Y+@0+1
                 	ADIW R26,@1
                 	ST   X,R30
                 	.ENDM
                 
                 	.MACRO __PUTW1SNS
                 	LDD  R26,Y+@0
                 	LDD  R27,Y+@0+1
                 	ADIW R26,@1
                 	ST   X+,R30
                 	ST   X,R31
                 	.ENDM
                 
                 	.MACRO __PUTD1SNS
                 	LDD  R26,Y+@0
                 	LDD  R27,Y+@0+1
                 	ADIW R26,@1
                 	RCALL __PUTDP1
                 	.ENDM
                 
                 	.MACRO __PUTB1PMN
                 	LDS  R26,@0
                 	LDS  R27,@0+1
                 	SUBI R26,LOW(-@1)
                 	SBCI R27,HIGH(-@1)
                 	ST   X,R30
                 	.ENDM
                 
                 	.MACRO __PUTW1PMN
                 	LDS  R26,@0
                 	LDS  R27,@0+1
                 	SUBI R26,LOW(-@1)
                 	SBCI R27,HIGH(-@1)
                 	ST   X+,R30
                 	ST   X,R31
                 	.ENDM
                 
                 	.MACRO __PUTD1PMN
                 	LDS  R26,@0
                 	LDS  R27,@0+1
                 	SUBI R26,LOW(-@1)
                 	SBCI R27,HIGH(-@1)
                 	RCALL __PUTDP1
                 	.ENDM
                 
                 	.MACRO __PUTB1PMNS
                 	LDS  R26,@0
                 	LDS  R27,@0+1
                 	ADIW R26,@1
                 	ST   X,R30
                 	.ENDM
                 
                 	.MACRO __PUTW1PMNS
                 	LDS  R26,@0
                 	LDS  R27,@0+1
                 	ADIW R26,@1
                 	ST   X+,R30
                 	ST   X,R31
                 	.ENDM
                 
                 	.MACRO __PUTD1PMNS
                 	LDS  R26,@0
                 	LDS  R27,@0+1
                 	ADIW R26,@1
                 	RCALL __PUTDP1
                 	.ENDM
                 
                 	.MACRO __PUTB1RN
                 	MOVW R26,R@0
                 	SUBI R26,LOW(-@1)
                 	SBCI R27,HIGH(-@1)
                 	ST   X,R30
                 	.ENDM
                 
                 	.MACRO __PUTW1RN
                 	MOVW R26,R@0
                 	SUBI R26,LOW(-@1)
                 	SBCI R27,HIGH(-@1)
                 	ST   X+,R30
                 	ST   X,R31
                 	.ENDM
                 
                 	.MACRO __PUTD1RN
                 	MOVW R26,R@0
                 	SUBI R26,LOW(-@1)
                 	SBCI R27,HIGH(-@1)
                 	RCALL __PUTDP1
                 	.ENDM
                 
                 	.MACRO __PUTB1RNS
                 	MOVW R26,R@0
                 	ADIW R26,@1
                 	ST   X,R30
                 	.ENDM
                 
                 	.MACRO __PUTW1RNS
                 	MOVW R26,R@0
                 	ADIW R26,@1
                 	ST   X+,R30
                 	ST   X,R31
                 	.ENDM
                 
                 	.MACRO __PUTD1RNS
                 	MOVW R26,R@0
                 	ADIW R26,@1
                 	RCALL __PUTDP1
                 	.ENDM
                 
                 	.MACRO __PUTB1RON
                 	MOV  R26,R@0
                 	MOV  R27,R@1
                 	SUBI R26,LOW(-@2)
                 	SBCI R27,HIGH(-@2)
                 	ST   X,R30
                 	.ENDM
                 
                 	.MACRO __PUTW1RON
                 	MOV  R26,R@0
                 	MOV  R27,R@1
                 	SUBI R26,LOW(-@2)
                 	SBCI R27,HIGH(-@2)
                 	ST   X+,R30
                 	ST   X,R31
                 	.ENDM
                 
                 	.MACRO __PUTD1RON
                 	MOV  R26,R@0
                 	MOV  R27,R@1
                 	SUBI R26,LOW(-@2)
                 	SBCI R27,HIGH(-@2)
                 	RCALL __PUTDP1
                 	.ENDM
                 
                 	.MACRO __PUTB1RONS
                 	MOV  R26,R@0
                 	MOV  R27,R@1
                 	ADIW R26,@2
                 	ST   X,R30
                 	.ENDM
                 
                 	.MACRO __PUTW1RONS
                 	MOV  R26,R@0
                 	MOV  R27,R@1
                 	ADIW R26,@2
                 	ST   X+,R30
                 	ST   X,R31
                 	.ENDM
                 
                 	.MACRO __PUTD1RONS
                 	MOV  R26,R@0
                 	MOV  R27,R@1
                 	ADIW R26,@2
                 	RCALL __PUTDP1
                 	.ENDM
                 
                 
                 	.MACRO __GETB1SX
                 	MOVW R30,R28
                 	SUBI R30,LOW(-@0)
                 	SBCI R31,HIGH(-@0)
                 	LD   R30,Z
                 	.ENDM
                 
                 	.MACRO __GETB1HSX
                 	MOVW R30,R28
                 	SUBI R30,LOW(-@0)
                 	SBCI R31,HIGH(-@0)
                 	LD   R31,Z
                 	.ENDM
                 
                 	.MACRO __GETW1SX
                 	MOVW R30,R28
                 	SUBI R30,LOW(-@0)
                 	SBCI R31,HIGH(-@0)
                 	LD   R0,Z+
                 	LD   R31,Z
                 	MOV  R30,R0
                 	.ENDM
                 
                 	.MACRO __GETD1SX
                 	MOVW R30,R28
                 	SUBI R30,LOW(-@0)
                 	SBCI R31,HIGH(-@0)
                 	LD   R0,Z+
                 	LD   R1,Z+
                 	LD   R22,Z+
                 	LD   R23,Z
                 	MOVW R30,R0
                 	.ENDM
                 
                 	.MACRO __GETB2SX
                 	MOVW R26,R28
                 	SUBI R26,LOW(-@0)
                 	SBCI R27,HIGH(-@0)
                 	LD   R26,X
                 	.ENDM
                 
                 	.MACRO __GETW2SX
                 	MOVW R26,R28
                 	SUBI R26,LOW(-@0)
                 	SBCI R27,HIGH(-@0)
                 	LD   R0,X+
                 	LD   R27,X
                 	MOV  R26,R0
                 	.ENDM
                 
                 	.MACRO __GETD2SX
                 	MOVW R26,R28
                 	SUBI R26,LOW(-@0)
                 	SBCI R27,HIGH(-@0)
                 	LD   R0,X+
                 	LD   R1,X+
                 	LD   R24,X+
                 	LD   R25,X
                 	MOVW R26,R0
                 	.ENDM
                 
                 	.MACRO __GETBRSX
                 	MOVW R30,R28
                 	SUBI R30,LOW(-@1)
                 	SBCI R31,HIGH(-@1)
                 	LD   R@0,Z
                 	.ENDM
                 
                 	.MACRO __GETWRSX
                 	MOVW R30,R28
                 	SUBI R30,LOW(-@2)
                 	SBCI R31,HIGH(-@2)
                 	LD   R@0,Z+
                 	LD   R@1,Z
                 	.ENDM
                 
                 	.MACRO __GETBRSX2
                 	MOVW R26,R28
                 	SUBI R26,LOW(-@1)
                 	SBCI R27,HIGH(-@1)
                 	LD   R@0,X
                 	.ENDM
                 
                 	.MACRO __GETWRSX2
                 	MOVW R26,R28
                 	SUBI R26,LOW(-@2)
                 	SBCI R27,HIGH(-@2)
                 	LD   R@0,X+
                 	LD   R@1,X
                 	.ENDM
                 
                 	.MACRO __LSLW8SX
                 	MOVW R30,R28
                 	SUBI R30,LOW(-@0)
                 	SBCI R31,HIGH(-@0)
                 	LD   R31,Z
                 	CLR  R30
                 	.ENDM
                 
                 	.MACRO __PUTB1SX
                 	MOVW R26,R28
                 	SUBI R26,LOW(-@0)
                 	SBCI R27,HIGH(-@0)
                 	ST   X,R30
                 	.ENDM
                 
                 	.MACRO __PUTW1SX
                 	MOVW R26,R28
                 	SUBI R26,LOW(-@0)
                 	SBCI R27,HIGH(-@0)
                 	ST   X+,R30
                 	ST   X,R31
                 	.ENDM
                 
                 	.MACRO __PUTD1SX
                 	MOVW R26,R28
                 	SUBI R26,LOW(-@0)
                 	SBCI R27,HIGH(-@0)
                 	ST   X+,R30
                 	ST   X+,R31
                 	ST   X+,R22
                 	ST   X,R23
                 	.ENDM
                 
                 	.MACRO __CLRW1SX
                 	MOVW R26,R28
                 	SUBI R26,LOW(-@0)
                 	SBCI R27,HIGH(-@0)
                 	ST   X+,R30
                 	ST   X,R30
                 	.ENDM
                 
                 	.MACRO __CLRD1SX
                 	MOVW R26,R28
                 	SUBI R26,LOW(-@0)
                 	SBCI R27,HIGH(-@0)
                 	ST   X+,R30
                 	ST   X+,R30
                 	ST   X+,R30
                 	ST   X,R30
                 	.ENDM
                 
                 	.MACRO __PUTB2SX
                 	MOVW R30,R28
                 	SUBI R30,LOW(-@0)
                 	SBCI R31,HIGH(-@0)
                 	ST   Z,R26
                 	.ENDM
                 
                 	.MACRO __PUTW2SX
                 	MOVW R30,R28
                 	SUBI R30,LOW(-@0)
                 	SBCI R31,HIGH(-@0)
                 	ST   Z+,R26
                 	ST   Z,R27
                 	.ENDM
                 
                 	.MACRO __PUTD2SX
                 	MOVW R30,R28
                 	SUBI R30,LOW(-@0)
                 	SBCI R31,HIGH(-@0)
                 	ST   Z+,R26
                 	ST   Z+,R27
                 	ST   Z+,R24
                 	ST   Z,R25
                 	.ENDM
                 
                 	.MACRO __PUTBSRX
                 	MOVW R30,R28
                 	SUBI R30,LOW(-@1)
                 	SBCI R31,HIGH(-@1)
                 	ST   Z,R@0
                 	.ENDM
                 
                 	.MACRO __PUTWSRX
                 	MOVW R30,R28
                 	SUBI R30,LOW(-@2)
                 	SBCI R31,HIGH(-@2)
                 	ST   Z+,R@0
                 	ST   Z,R@1
                 	.ENDM
                 
                 	.MACRO __PUTB1SNX
                 	MOVW R26,R28
                 	SUBI R26,LOW(-@0)
                 	SBCI R27,HIGH(-@0)
                 	LD   R0,X+
                 	LD   R27,X
                 	MOV  R26,R0
                 	SUBI R26,LOW(-@1)
                 	SBCI R27,HIGH(-@1)
                 	ST   X,R30
                 	.ENDM
                 
                 	.MACRO __PUTW1SNX
                 	MOVW R26,R28
                 	SUBI R26,LOW(-@0)
                 	SBCI R27,HIGH(-@0)
                 	LD   R0,X+
                 	LD   R27,X
                 	MOV  R26,R0
                 	SUBI R26,LOW(-@1)
                 	SBCI R27,HIGH(-@1)
                 	ST   X+,R30
                 	ST   X,R31
                 	.ENDM
                 
                 	.MACRO __PUTD1SNX
                 	MOVW R26,R28
                 	SUBI R26,LOW(-@0)
                 	SBCI R27,HIGH(-@0)
                 	LD   R0,X+
                 	LD   R27,X
                 	MOV  R26,R0
                 	SUBI R26,LOW(-@1)
                 	SBCI R27,HIGH(-@1)
                 	ST   X+,R30
                 	ST   X+,R31
                 	ST   X+,R22
                 	ST   X,R23
                 	.ENDM
                 
                 	.MACRO __MULBRR
                 	MULS R@0,R@1
                 	MOVW R30,R0
                 	.ENDM
                 
                 	.MACRO __MULBRRU
                 	MUL  R@0,R@1
                 	MOVW R30,R0
                 	.ENDM
                 
                 	.MACRO __MULBRR0
                 	MULS R@0,R@1
                 	.ENDM
                 
                 	.MACRO __MULBRRU0
                 	MUL  R@0,R@1
                 	.ENDM
                 
                 	.MACRO __MULBNWRU
                 	LDI  R26,@2
                 	MUL  R26,R@0
                 	MOVW R30,R0
                 	MUL  R26,R@1
                 	ADD  R31,R0
                 	.ENDM
                 
                 ;NAME DEFINITIONS FOR GLOBAL VARIABLES ALLOCATED TO REGISTERS
                 	.DEF _index=R4
                 	.DEF _process_CMD=R3
                 	.DEF _LG_STT=R6
                 	.DEF _LG_TEMP=R5
                 
                 ;GPIOR0 INITIALIZATION VALUE
                 	.EQU __GPIOR0_INIT=0x00
                 
                 	.CSEG
                 	.ORG 0x00
                 
                 ;START OF CODE MARKER
                 __START_OF_CODE:
                 
                 ;INTERRUPT VECTORS
000000 c037      	RJMP __RESET
000001 cffe      	RJMP 0x00
000002 cffd      	RJMP 0x00
000003 cffc      	RJMP 0x00
000004 cffb      	RJMP 0x00
000005 cffa      	RJMP 0x00
000006 cff9      	RJMP 0x00
000007 cff8      	RJMP 0x00
000008 cff7      	RJMP 0x00
000009 cff6      	RJMP 0x00
00000a cff5      	RJMP 0x00
00000b cff4      	RJMP 0x00
00000c cff3      	RJMP 0x00
00000d cff2      	RJMP 0x00
00000e cff1      	RJMP 0x00
00000f cff0      	RJMP 0x00
000010 cfef      	RJMP 0x00
000011 cfee      	RJMP 0x00
000012 c05c      	RJMP _usart_rx_isr
000013 cfec      	RJMP 0x00
000014 cfeb      	RJMP 0x00
000015 cfea      	RJMP 0x00
000016 cfe9      	RJMP 0x00
000017 cfe8      	RJMP 0x00
000018 cfe7      	RJMP 0x00
000019 cfe6      	RJMP 0x00
                 
                 _tbl10_G100:
00001a 2710
00001b 03e8
00001c 0064
00001d 000a      	.DB  0x10,0x27,0xE8,0x3,0x64,0x0,0xA,0x0
00001e 0001      	.DB  0x1,0x0
                 _tbl16_G100:
00001f 1000
000020 0100
000021 0010
000022 0001      	.DB  0x0,0x10,0x0,0x1,0x10,0x0,0x1,0x0
                 
                 _0x30:
000023 0000
000024 0000      	.DB  0x0,0x0,0x0,0x0
                 _0x0:
000025 7554
000026 6e61
000027 0a0d
000028 4c00      	.DB  0x54,0x75,0x61,0x6E,0xD,0xA,0x0,0x4C
000029 5f47
00002a 4e49
00002b 253a
00002c 0d63      	.DB  0x47,0x5F,0x49,0x4E,0x3A,0x25,0x63,0xD
00002d 000a
00002e 4c52
00002f 4f5f
000030 5455      	.DB  0xA,0x0,0x52,0x4C,0x5F,0x4F,0x55,0x54
000031 6325
000032 0a0d
C:\Users\swat\Google Drive\In working\I Store medicin\Hardware\IO_Board\IO_Board_FW\List\IO_Board_FWv1.asm(1126): warning: .cseg .db misalignment - padding zero byte
000033 0000      	.DB  0x25,0x63,0xD,0xA,0x0
                 
                 __GLOBAL_INI_TBL:
000034 0004      	.DW  0x04
000035 0003      	.DW  0x03
000036 0046      	.DW  _0x30*2
                 
                 _0xFFFFFFFF:
000037 0000      	.DW  0
                 
                 __RESET:
000038 94f8      	CLI
000039 27ee      	CLR  R30
00003a bbef      	OUT  EECR,R30
                 
                 ;INTERRUPT VECTORS ARE PLACED
                 ;AT THE START OF FLASH
00003b e0f1      	LDI  R31,1
00003c bff5      	OUT  MCUCR,R31
00003d bfe5      	OUT  MCUCR,R30
                 
                 ;DISABLE WATCHDOG
00003e e1f8      	LDI  R31,0x18
00003f 95a8      	WDR
000040 b7a4      	IN   R26,MCUSR
000041 7fa7      	CBR  R26,8
000042 bfa4      	OUT  MCUSR,R26
000043 93f0 0060 	STS  WDTCSR,R31
000045 93e0 0060 	STS  WDTCSR,R30
                 
                 ;CLEAR R2-R14
000047 e08d      	LDI  R24,(14-2)+1
000048 e0a2      	LDI  R26,2
000049 27bb      	CLR  R27
                 __CLEAR_REG:
00004a 93ed      	ST   X+,R30
00004b 958a      	DEC  R24
00004c f7e9      	BRNE __CLEAR_REG
                 
                 ;CLEAR SRAM
00004d e080      	LDI  R24,LOW(__CLEAR_SRAM_SIZE)
00004e e094      	LDI  R25,HIGH(__CLEAR_SRAM_SIZE)
00004f e0a0      	LDI  R26,LOW(__SRAM_START)
000050 e0b1      	LDI  R27,HIGH(__SRAM_START)
                 __CLEAR_SRAM:
000051 93ed      	ST   X+,R30
000052 9701      	SBIW R24,1
000053 f7e9      	BRNE __CLEAR_SRAM
                 
                 ;GLOBAL VARIABLES INITIALIZATION
000054 e6e8      	LDI  R30,LOW(__GLOBAL_INI_TBL*2)
000055 e0f0      	LDI  R31,HIGH(__GLOBAL_INI_TBL*2)
                 __GLOBAL_INI_NEXT:
000056 9185      	LPM  R24,Z+
000057 9195      	LPM  R25,Z+
000058 9700      	SBIW R24,0
000059 f061      	BREQ __GLOBAL_INI_END
00005a 91a5      	LPM  R26,Z+
00005b 91b5      	LPM  R27,Z+
00005c 9005      	LPM  R0,Z+
00005d 9015      	LPM  R1,Z+
00005e 01bf      	MOVW R22,R30
00005f 01f0      	MOVW R30,R0
                 __GLOBAL_INI_LOOP:
000060 9005      	LPM  R0,Z+
000061 920d      	ST   X+,R0
000062 9701      	SBIW R24,1
000063 f7e1      	BRNE __GLOBAL_INI_LOOP
000064 01fb      	MOVW R30,R22
000065 cff0      	RJMP __GLOBAL_INI_NEXT
                 __GLOBAL_INI_END:
                 
                 ;GPIOR0 INITIALIZATION
000066 e0e0      	LDI  R30,__GPIOR0_INIT
000067 bbee      	OUT  GPIOR0,R30
                 
                 ;HARDWARE STACK POINTER INITIALIZATION
000068 efef      	LDI  R30,LOW(__SRAM_END-__HEAP_SIZE)
000069 bfed      	OUT  SPL,R30
00006a e0e4      	LDI  R30,HIGH(__SRAM_END-__HEAP_SIZE)
00006b bfee      	OUT  SPH,R30
                 
                 ;DATA STACK POINTER INITIALIZATION
00006c e0c0      	LDI  R28,LOW(__SRAM_START+__DSTACK_SIZE)
00006d e0d2      	LDI  R29,HIGH(__SRAM_START+__DSTACK_SIZE)
                 
00006e c01e      	RJMP _main
                 
                 	.ESEG
                 	.ORG 0
                 
                 	.DSEG
                 	.ORG 0x200
                 
                 	.CSEG
                 ;/*****************************************************
                 ;This program was produced by the
                 ;CodeWizardAVR V2.05.3 Standard
                 ;Automatic Program Generator
                 ;© Copyright 1998-2011 Pavel Haiduc, HP InfoTech s.r.l.
                 ;http://www.hpinfotech.com
                 ;
                 ;Project :
                 ;Version :
                 ;Date    : 9/30/2015
                 ;Author  : Tuan
                 ;Company : ATTECH
                 ;Comments:
                 ;
                 ;
                 ;Chip type               : ATmega88PA
                 ;Program type            : Application
                 ;AVR Core Clock frequency: 20.000000 MHz
                 ;Memory model            : Small
                 ;External RAM size       : 0
                 ;Data Stack size         : 256
                 ;*****************************************************/
                 ;
                 ;#include <mega88a.h>
                 	#ifndef __SLEEP_DEFINED__
                 	#define __SLEEP_DEFINED__
                 	.EQU __se_bit=0x01
                 	.EQU __sm_mask=0x0E
                 	.EQU __sm_adc_noise_red=0x02
                 	.EQU __sm_powerdown=0x04
                 	.EQU __sm_powersave=0x06
                 	.EQU __sm_standby=0x0C
                 	.EQU __sm_ext_standby=0x0E
                 	.SET power_ctrl_reg=smcr
                 	#endif
                 ;#include <delay.h>
                 ;// Standard Input/Output functions
                 ;#include <stdio.h>
                 ;// Define hardware
                 ;#define Relay1 PORTD.3
                 ;#define Relay2 PORTD.2
                 ;#define Relay3 PORTC.5
                 ;#define Relay4 PORTC.4
                 ;#define Relay5 PORTC.3
                 ;#define Relay6 PORTC.2
                 ;#define Relay7 PORTC.1
                 ;#define Relay8 PORTC.0
                 ;#define RUN PORTB.5
                 ;
                 ;#define LG_IN_1 PIND.4
                 ;#define LG_IN_2 PIND.5
                 ;#define LG_IN_3 PIND.6
                 ;#define LG_IN_4 PIND.7
                 ;#define LG_IN_5 PINB.0
                 ;#define LG_IN_6 PINB.1
                 ;#define LG_IN_7 PINB.2
                 ;#define LG_IN_8 PINB.3
                 ;#define GET_LG_STT (LG_IN_1<<7)+(LG_IN_2<<6)+(LG_IN_3<<5)+(LG_IN_4<<4)+(LG_IN_5<<3)+(LG_IN_6<<2)+(LG_IN_7<<1)+LG_IN_8
                 ;#define GET_RL_STT (Relay1<<7)+(Relay2<<6)+(Relay3<<5)+(Relay4<<4)+(Relay5<<3)+(Relay6<<2)+(Relay7<<1)+Relay8
                 ;#ifndef RXB8
                 ;#define RXB8 1
                 ;#endif
                 ;
                 ;#ifndef TXB8
                 ;#define TXB8 0
                 ;#endif
                 ;
                 ;#ifndef UPE
                 ;#define UPE 2
                 ;#endif
                 ;
                 ;#ifndef DOR
                 ;#define DOR 3
                 ;#endif
                 ;
                 ;#ifndef FE
                 ;#define FE 4
                 ;#endif
                 ;
                 ;#ifndef UDRE
                 ;#define UDRE 5
                 ;#endif
                 ;
                 ;#ifndef RXC
                 ;#define RXC 7
                 ;#endif
                 ;
                 ;#define FRAMING_ERROR (1<<FE)
                 ;#define PARITY_ERROR (1<<UPE)
                 ;#define DATA_OVERRUN (1<<DOR)
                 ;#define DATA_REGISTER_EMPTY (1<<UDRE)
                 ;#define RX_COMPLETE (1<<RXC)
                 ;char CMD[7]={0,0,0,0,0,0,0};
                 ;unsigned char index=0,process_CMD=0;
                 ;// USART Receiver interrupt service routine
                 ;interrupt [USART_RXC] void usart_rx_isr(void)
                 ; 0000 0056 {
                 
                 	.CSEG
                 _usart_rx_isr:
00006f 93ea      	ST   -Y,R30
000070 93fa      	ST   -Y,R31
000071 b7ef      	IN   R30,SREG
000072 93ea      	ST   -Y,R30
                 ; 0000 0057 char status,data;
                 ; 0000 0058 status=UCSR0A;
000073 d352      	RCALL __SAVELOCR2
                 ;	status -> R17
                 ;	data -> R16
000074 9110 00c0 	LDS  R17,192
                 ; 0000 0059 data=UDR0;
000076 9100 00c6 	LDS  R16,198
                 ; 0000 005A if ((status & (FRAMING_ERROR | PARITY_ERROR | DATA_OVERRUN))==0)
000078 2fe1      	MOV  R30,R17
000079 71ec      	ANDI R30,LOW(0x1C)
00007a f461      	BRNE _0x3
                 ; 0000 005B    {
                 ; 0000 005C //   if(data=='1') Relay1=1;
                 ; 0000 005D //   if(data=='2') Relay2=1;
                 ; 0000 005E //   if(data=='3') Relay3=1;
                 ; 0000 005F //   if(data=='4') Relay4=1;
                 ; 0000 0060 //   if(data=='5') Relay5=1;
                 ; 0000 0061 //   if(data=='6') Relay6=1;
                 ; 0000 0062 //   if(data=='7') Relay7=1;
                 ; 0000 0063   // if(data=='8') Relay8=1;
                 ; 0000 0064    //if(data=='0') {Relay1=0;Relay2=0;Relay3=0;Relay4=0;Relay5=0;Relay6=0;Relay7=0;Relay8=0;}
                 ; 0000 0065      if(data=='~') process_CMD=1;
00007b 370e      	CPI  R16,126
00007c f411      	BRNE _0x4
00007d e0e1      	LDI  R30,LOW(1)
00007e 2e3e      	MOV  R3,R30
                 ; 0000 0066      CMD[index++]=data;
                 _0x4:
00007f 2de4      	MOV  R30,R4
000080 9443      	INC  R4
000081 d29d      	RCALL SUBOPT_0x0
000082 8300      	ST   Z,R16
                 ; 0000 0067      if(index==7) index=0;
000083 e0e7      	LDI  R30,LOW(7)
000084 15e4      	CP   R30,R4
000085 f409      	BRNE _0x5
000086 2444      	CLR  R4
                 ; 0000 0068    }
                 _0x5:
                 ; 0000 0069 }
                 _0x3:
000087 d348      	RCALL __LOADLOCR2P
000088 91e9      	LD   R30,Y+
000089 bfef      	OUT  SREG,R30
00008a 91f9      	LD   R31,Y+
00008b 91e9      	LD   R30,Y+
00008c 9518      	RETI
                 ;
                 ;
                 ;
                 ;// Declare your global variables here
                 ;unsigned char LG_STT=0,LG_TEMP=0;// Trang thai cua muc logic
                 ;void main(void)
                 ; 0000 0070 {
                 _main:
                 ; 0000 0071 // Declare your local variables here
                 ; 0000 0072 
                 ; 0000 0073 // Crystal Oscillator division factor: 1
                 ; 0000 0074 #pragma optsize-
                 ; 0000 0075 CLKPR=0x80;
00008d e8e0      	LDI  R30,LOW(128)
00008e 93e0 0061 	STS  97,R30
                 ; 0000 0076 CLKPR=0x00;
000090 e0e0      	LDI  R30,LOW(0)
000091 93e0 0061 	STS  97,R30
                 ; 0000 0077 #ifdef _OPTIMIZE_SIZE_
                 ; 0000 0078 #pragma optsize+
                 ; 0000 0079 #endif
                 ; 0000 007A 
                 ; 0000 007B // Input/Output Ports initialization
                 ; 0000 007C // Port B initialization
                 ; 0000 007D // Func7=In Func6=In Func5=Out Func4=In Func3=In Func2=In Func1=In Func0=In
                 ; 0000 007E // State7=T State6=T State5=0 State4=T State3=T State2=T State1=T State0=T
                 ; 0000 007F PORTB=0x00;
000093 b9e5      	OUT  0x5,R30
                 ; 0000 0080 DDRB=0x20;
000094 e2e0      	LDI  R30,LOW(32)
000095 b9e4      	OUT  0x4,R30
                 ; 0000 0081 
                 ; 0000 0082 // Port C initialization
                 ; 0000 0083 // Func6=In Func5=Out Func4=Out Func3=Out Func2=Out Func1=Out Func0=Out
                 ; 0000 0084 // State6=T State5=0 State4=0 State3=0 State2=0 State1=0 State0=0
                 ; 0000 0085 PORTC=0x00;
000096 e0e0      	LDI  R30,LOW(0)
000097 b9e8      	OUT  0x8,R30
                 ; 0000 0086 DDRC=0x3F;
000098 e3ef      	LDI  R30,LOW(63)
000099 b9e7      	OUT  0x7,R30
                 ; 0000 0087 
                 ; 0000 0088 // Port D initialization
                 ; 0000 0089 // Func7=In Func6=In Func5=In Func4=In Func3=Out Func2=Out Func1=In Func0=In
                 ; 0000 008A // State7=T State6=T State5=T State4=T State3=0 State2=0 State1=T State0=T
                 ; 0000 008B PORTD=0x00;
00009a e0e0      	LDI  R30,LOW(0)
00009b b9eb      	OUT  0xB,R30
                 ; 0000 008C DDRD=0x0C;
00009c e0ec      	LDI  R30,LOW(12)
00009d b9ea      	OUT  0xA,R30
                 ; 0000 008D 
                 ; 0000 008E // Timer/Counter 0 initialization
                 ; 0000 008F // Clock source: System Clock
                 ; 0000 0090 // Clock value: Timer 0 Stopped
                 ; 0000 0091 // Mode: Normal top=0xFF
                 ; 0000 0092 // OC0A output: Disconnected
                 ; 0000 0093 // OC0B output: Disconnected
                 ; 0000 0094 TCCR0A=0x00;
00009e e0e0      	LDI  R30,LOW(0)
00009f bde4      	OUT  0x24,R30
                 ; 0000 0095 TCCR0B=0x00;
0000a0 bde5      	OUT  0x25,R30
                 ; 0000 0096 TCNT0=0x00;
0000a1 bde6      	OUT  0x26,R30
                 ; 0000 0097 OCR0A=0x00;
0000a2 bde7      	OUT  0x27,R30
                 ; 0000 0098 OCR0B=0x00;
0000a3 bde8      	OUT  0x28,R30
                 ; 0000 0099 
                 ; 0000 009A // Timer/Counter 1 initialization
                 ; 0000 009B // Clock source: System Clock
                 ; 0000 009C // Clock value: Timer1 Stopped
                 ; 0000 009D // Mode: Normal top=0xFFFF
                 ; 0000 009E // OC1A output: Discon.
                 ; 0000 009F // OC1B output: Discon.
                 ; 0000 00A0 // Noise Canceler: Off
                 ; 0000 00A1 // Input Capture on Falling Edge
                 ; 0000 00A2 // Timer1 Overflow Interrupt: Off
                 ; 0000 00A3 // Input Capture Interrupt: Off
                 ; 0000 00A4 // Compare A Match Interrupt: Off
                 ; 0000 00A5 // Compare B Match Interrupt: Off
                 ; 0000 00A6 TCCR1A=0x00;
0000a4 93e0 0080 	STS  128,R30
                 ; 0000 00A7 TCCR1B=0x00;
0000a6 93e0 0081 	STS  129,R30
                 ; 0000 00A8 TCNT1H=0x00;
0000a8 93e0 0085 	STS  133,R30
                 ; 0000 00A9 TCNT1L=0x00;
0000aa 93e0 0084 	STS  132,R30
                 ; 0000 00AA ICR1H=0x00;
0000ac 93e0 0087 	STS  135,R30
                 ; 0000 00AB ICR1L=0x00;
0000ae 93e0 0086 	STS  134,R30
                 ; 0000 00AC OCR1AH=0x00;
0000b0 93e0 0089 	STS  137,R30
                 ; 0000 00AD OCR1AL=0x00;
0000b2 93e0 0088 	STS  136,R30
                 ; 0000 00AE OCR1BH=0x00;
0000b4 93e0 008b 	STS  139,R30
                 ; 0000 00AF OCR1BL=0x00;
0000b6 93e0 008a 	STS  138,R30
                 ; 0000 00B0 
                 ; 0000 00B1 // Timer/Counter 2 initialization
                 ; 0000 00B2 // Clock source: System Clock
                 ; 0000 00B3 // Clock value: Timer2 Stopped
                 ; 0000 00B4 // Mode: Normal top=0xFF
                 ; 0000 00B5 // OC2A output: Disconnected
                 ; 0000 00B6 // OC2B output: Disconnected
                 ; 0000 00B7 ASSR=0x00;
0000b8 93e0 00b6 	STS  182,R30
                 ; 0000 00B8 TCCR2A=0x00;
0000ba 93e0 00b0 	STS  176,R30
                 ; 0000 00B9 TCCR2B=0x00;
0000bc 93e0 00b1 	STS  177,R30
                 ; 0000 00BA TCNT2=0x00;
0000be 93e0 00b2 	STS  178,R30
                 ; 0000 00BB OCR2A=0x00;
0000c0 93e0 00b3 	STS  179,R30
                 ; 0000 00BC OCR2B=0x00;
0000c2 93e0 00b4 	STS  180,R30
                 ; 0000 00BD 
                 ; 0000 00BE // External Interrupt(s) initialization
                 ; 0000 00BF // INT0: Off
                 ; 0000 00C0 // INT1: Off
                 ; 0000 00C1 // Interrupt on any change on pins PCINT0-7: Off
                 ; 0000 00C2 // Interrupt on any change on pins PCINT8-14: Off
                 ; 0000 00C3 // Interrupt on any change on pins PCINT16-23: Off
                 ; 0000 00C4 EICRA=0x00;
0000c4 93e0 0069 	STS  105,R30
                 ; 0000 00C5 EIMSK=0x00;
0000c6 bbed      	OUT  0x1D,R30
                 ; 0000 00C6 PCICR=0x00;
0000c7 93e0 0068 	STS  104,R30
                 ; 0000 00C7 
                 ; 0000 00C8 // Timer/Counter 0 Interrupt(s) initialization
                 ; 0000 00C9 TIMSK0=0x00;
0000c9 93e0 006e 	STS  110,R30
                 ; 0000 00CA 
                 ; 0000 00CB // Timer/Counter 1 Interrupt(s) initialization
                 ; 0000 00CC TIMSK1=0x00;
0000cb 93e0 006f 	STS  111,R30
                 ; 0000 00CD 
                 ; 0000 00CE // Timer/Counter 2 Interrupt(s) initialization
                 ; 0000 00CF TIMSK2=0x00;
0000cd 93e0 0070 	STS  112,R30
                 ; 0000 00D0 
                 ; 0000 00D1 // USART initialization
                 ; 0000 00D2 // Communication Parameters: 8 Data, 1 Stop, No Parity
                 ; 0000 00D3 // USART Receiver: On
                 ; 0000 00D4 // USART Transmitter: On
                 ; 0000 00D5 // USART0 Mode: Asynchronous
                 ; 0000 00D6 // USART Baud Rate: 19200
                 ; 0000 00D7 UCSR0A=0x00;
0000cf 93e0 00c0 	STS  192,R30
                 ; 0000 00D8 UCSR0B=0x98;
0000d1 e9e8      	LDI  R30,LOW(152)
0000d2 93e0 00c1 	STS  193,R30
                 ; 0000 00D9 UCSR0C=0x06;
0000d4 e0e6      	LDI  R30,LOW(6)
0000d5 93e0 00c2 	STS  194,R30
                 ; 0000 00DA UBRR0H=0x00;
0000d7 e0e0      	LDI  R30,LOW(0)
0000d8 93e0 00c5 	STS  197,R30
                 ; 0000 00DB UBRR0L=0x40;
0000da e4e0      	LDI  R30,LOW(64)
0000db 93e0 00c4 	STS  196,R30
                 ; 0000 00DC 
                 ; 0000 00DD // Analog Comparator initialization
                 ; 0000 00DE // Analog Comparator: Off
                 ; 0000 00DF // Analog Comparator Input Capture by Timer/Counter 1: Off
                 ; 0000 00E0 ACSR=0x80;
0000dd e8e0      	LDI  R30,LOW(128)
0000de bfe0      	OUT  0x30,R30
                 ; 0000 00E1 ADCSRB=0x00;
0000df e0e0      	LDI  R30,LOW(0)
0000e0 93e0 007b 	STS  123,R30
                 ; 0000 00E2 DIDR1=0x00;
0000e2 93e0 007f 	STS  127,R30
                 ; 0000 00E3 
                 ; 0000 00E4 // ADC initialization
                 ; 0000 00E5 // ADC disabled
                 ; 0000 00E6 ADCSRA=0x00;
0000e4 93e0 007a 	STS  122,R30
                 ; 0000 00E7 
                 ; 0000 00E8 // SPI initialization
                 ; 0000 00E9 // SPI disabled
                 ; 0000 00EA SPCR=0x00;
0000e6 bdec      	OUT  0x2C,R30
                 ; 0000 00EB 
                 ; 0000 00EC // TWI initialization
                 ; 0000 00ED // TWI disabled
                 ; 0000 00EE TWCR=0x00;
0000e7 93e0 00bc 	STS  188,R30
                 ; 0000 00EF // Global enable interrupts
                 ; 0000 00F0 #asm("sei")
0000e9 9478      	sei
                 ; 0000 00F1 printf("Tuan\r\n");
                +
0000ea e4ea     +LDI R30 , LOW ( 2 * _0x0 + ( 0 ) )
0000eb e0f0     +LDI R31 , HIGH ( 2 * _0x0 + ( 0 ) )
                 	__POINTW1FN _0x0,0
0000ec d236      	RCALL SUBOPT_0x1
0000ed e080      	LDI  R24,0
0000ee d1fb      	RCALL _printf
0000ef 9622      	ADIW R28,2
                 ; 0000 00F2 delay_ms(1000);
0000f0 eea8      	LDI  R26,LOW(1000)
0000f1 e0b3      	LDI  R27,HIGH(1000)
0000f2 d2b0      	RCALL _delay_ms
                 ; 0000 00F3 //      Relay1=1;
                 ; 0000 00F4 //      Relay2=1;
                 ; 0000 00F5 //      Relay3=1;
                 ; 0000 00F6 //      Relay4=1;
                 ; 0000 00F7 //      Relay5=1;
                 ; 0000 00F8 //      Relay6=1;
                 ; 0000 00F9 //      Relay7=1;
                 ; 0000 00FA //      Relay8=1;
                 ; 0000 00FB LG_STT=GET_LG_STT;
0000f3 d232      	RCALL SUBOPT_0x2
0000f4 0fea      	ADD  R30,R26
0000f5 2e6e      	MOV  R6,R30
                 ; 0000 00FC while (1)
                 _0x6:
                 ; 0000 00FD       {
                 ; 0000 00FE       // Place your code here
                 ; 0000 00FF            if(process_CMD)
0000f6 2033      	TST  R3
0000f7 f409      	BRNE PC+2
0000f8 c0b4      	RJMP _0x9
                 ; 0000 0100            {
                 ; 0000 0101                 //printf("%s",CMD);
                 ; 0000 0102                 if((CMD[0]=='G')&&(CMD[1]=='E')&&(CMD[2]=='T')&&(CMD[3]=='_')&&(CMD[4]=='B')&&(CMD[5]=='T')) printf("LG_IN:%c\r\n",GET_LG_STT);
0000f9 91a0 0200 	LDS  R26,_CMD
0000fb 34a7      	CPI  R26,LOW(0x47)
0000fc f481      	BRNE _0xB
                +
0000fd 91a0 0201+LDS R26 , _CMD + ( 1 )
                 	__GETB2MN _CMD,1
0000ff 34a5      	CPI  R26,LOW(0x45)
000100 f461      	BRNE _0xB
000101 d25e      	RCALL SUBOPT_0x3
000102 f451      	BRNE _0xB
000103 d260      	RCALL SUBOPT_0x4
000104 f441      	BRNE _0xB
                +
000105 91a0 0204+LDS R26 , _CMD + ( 4 )
                 	__GETB2MN _CMD,4
000107 34a2      	CPI  R26,LOW(0x42)
000108 f421      	BRNE _0xB
                +
000109 91a0 0205+LDS R26 , _CMD + ( 5 )
                 	__GETB2MN _CMD,5
00010b 35a4      	CPI  R26,LOW(0x54)
00010c f009      	BREQ _0xC
                 _0xB:
00010d c002      	RJMP _0xA
                 _0xC:
00010e d259      	RCALL SUBOPT_0x5
00010f c08f      	RJMP _0x2E
                 ; 0000 0103                 else if((CMD[0]=='G')&&(CMD[1]=='E')&&(CMD[2]=='T')&&(CMD[3]=='_')&&(CMD[4]=='R')&&(CMD[5]=='L')) printf("RL_OUT%c\r\n",GET_RL_STT);
                 _0xA:
000110 91a0 0200 	LDS  R26,_CMD
000112 34a7      	CPI  R26,LOW(0x47)
000113 f481      	BRNE _0xF
                +
000114 91a0 0201+LDS R26 , _CMD + ( 1 )
                 	__GETB2MN _CMD,1
000116 34a5      	CPI  R26,LOW(0x45)
000117 f461      	BRNE _0xF
000118 d247      	RCALL SUBOPT_0x3
000119 f451      	BRNE _0xF
00011a d249      	RCALL SUBOPT_0x4
00011b f441      	BRNE _0xF
                +
00011c 91a0 0204+LDS R26 , _CMD + ( 4 )
                 	__GETB2MN _CMD,4
00011e 35a2      	CPI  R26,LOW(0x52)
00011f f421      	BRNE _0xF
                +
000120 91a0 0205+LDS R26 , _CMD + ( 5 )
                 	__GETB2MN _CMD,5
000122 34ac      	CPI  R26,LOW(0x4C)
000123 f009      	BREQ _0x10
                 _0xF:
000124 c001      	RJMP _0xE
                 _0x10:
000125 c03d      	RJMP _0x2F
                 ; 0000 0104                 else if((CMD[0]=='O')&&(CMD[1]=='U')&&(CMD[2]=='T')&&(CMD[3]=='_'))
                 _0xE:
000126 91a0 0200 	LDS  R26,_CMD
000128 34af      	CPI  R26,LOW(0x4F)
000129 f441      	BRNE _0x13
                +
00012a 91a0 0201+LDS R26 , _CMD + ( 1 )
                 	__GETB2MN _CMD,1
00012c 35a5      	CPI  R26,LOW(0x55)
00012d f421      	BRNE _0x13
00012e d231      	RCALL SUBOPT_0x3
00012f f411      	BRNE _0x13
000130 d233      	RCALL SUBOPT_0x4
000131 f009      	BREQ _0x14
                 _0x13:
000132 c06e      	RJMP _0x12
                 _0x14:
                 ; 0000 0105                 {
                 ; 0000 0106                     //printf("OUT:%d\r\n",CMD[4]);
                 ; 0000 0107                     Relay1=CMD[4]&0x80;
000133 d238      	RCALL SUBOPT_0x6
000134 78e0      	ANDI R30,LOW(0x80)
000135 f411      	BRNE _0x15
000136 985b      	CBI  0xB,3
000137 c001      	RJMP _0x16
                 _0x15:
000138 9a5b      	SBI  0xB,3
                 _0x16:
                 ; 0000 0108                     Relay2=CMD[4]&0x40;
000139 d232      	RCALL SUBOPT_0x6
00013a 74e0      	ANDI R30,LOW(0x40)
00013b f411      	BRNE _0x17
00013c 985a      	CBI  0xB,2
00013d c001      	RJMP _0x18
                 _0x17:
00013e 9a5a      	SBI  0xB,2
                 _0x18:
                 ; 0000 0109                     Relay3=CMD[4]&0x20;
00013f d22c      	RCALL SUBOPT_0x6
000140 72e0      	ANDI R30,LOW(0x20)
000141 f411      	BRNE _0x19
000142 9845      	CBI  0x8,5
000143 c001      	RJMP _0x1A
                 _0x19:
000144 9a45      	SBI  0x8,5
                 _0x1A:
                 ; 0000 010A                     Relay4=CMD[4]&0x10;
000145 d226      	RCALL SUBOPT_0x6
000146 71e0      	ANDI R30,LOW(0x10)
000147 f411      	BRNE _0x1B
000148 9844      	CBI  0x8,4
000149 c001      	RJMP _0x1C
                 _0x1B:
00014a 9a44      	SBI  0x8,4
                 _0x1C:
                 ; 0000 010B                     Relay5=CMD[4]&0x8;
00014b d220      	RCALL SUBOPT_0x6
00014c 70e8      	ANDI R30,LOW(0x8)
00014d f411      	BRNE _0x1D
00014e 9843      	CBI  0x8,3
00014f c001      	RJMP _0x1E
                 _0x1D:
000150 9a43      	SBI  0x8,3
                 _0x1E:
                 ; 0000 010C                     Relay6=CMD[4]&0x4;
000151 d21a      	RCALL SUBOPT_0x6
000152 70e4      	ANDI R30,LOW(0x4)
000153 f411      	BRNE _0x1F
000154 9842      	CBI  0x8,2
000155 c001      	RJMP _0x20
                 _0x1F:
000156 9a42      	SBI  0x8,2
                 _0x20:
                 ; 0000 010D                     Relay7=CMD[4]&0x2;
000157 d214      	RCALL SUBOPT_0x6
000158 70e2      	ANDI R30,LOW(0x2)
000159 f411      	BRNE _0x21
00015a 9841      	CBI  0x8,1
00015b c001      	RJMP _0x22
                 _0x21:
00015c 9a41      	SBI  0x8,1
                 _0x22:
                 ; 0000 010E                     Relay8=CMD[4]&0x1;
00015d d20e      	RCALL SUBOPT_0x6
00015e 70e1      	ANDI R30,LOW(0x1)
00015f f411      	BRNE _0x23
000160 9840      	CBI  0x8,0
000161 c001      	RJMP _0x24
                 _0x23:
000162 9a40      	SBI  0x8,0
                 _0x24:
                 ; 0000 010F                     printf("RL_OUT%c\r\n",GET_RL_STT);
                 _0x2F:
                +
000163 e5ec     +LDI R30 , LOW ( 2 * _0x0 + ( 18 ) )
000164 e0f0     +LDI R31 , HIGH ( 2 * _0x0 + ( 18 ) )
                 	__POINTW1FN _0x0,18
000165 d1bd      	RCALL SUBOPT_0x1
000166 e0a0      	LDI  R26,0
000167 995b      	SBIC 0xB,3
000168 e0a1      	LDI  R26,1
000169 2fea      	MOV  R30,R26
00016a 95e7      	ROR  R30
00016b e0e0      	LDI  R30,0
00016c 95e7      	ROR  R30
00016d 2e0e      	MOV  R0,R30
00016e e0a0      	LDI  R26,0
00016f 995a      	SBIC 0xB,2
000170 e0a1      	LDI  R26,1
000171 2fea      	MOV  R30,R26
000172 95e2      	SWAP R30
000173 7fe0      	ANDI R30,0xF0
000174 0fee      	LSL  R30
000175 0fee      	LSL  R30
000176 0e0e      	ADD  R0,R30
000177 e0a0      	LDI  R26,0
000178 9945      	SBIC 0x8,5
000179 e0a1      	LDI  R26,1
00017a 2fea      	MOV  R30,R26
00017b 95e2      	SWAP R30
00017c 7fe0      	ANDI R30,0xF0
00017d 0fee      	LSL  R30
00017e 0e0e      	ADD  R0,R30
00017f e0a0      	LDI  R26,0
000180 9944      	SBIC 0x8,4
000181 e0a1      	LDI  R26,1
000182 2fea      	MOV  R30,R26
000183 95e2      	SWAP R30
000184 7fe0      	ANDI R30,0xF0
000185 0e0e      	ADD  R0,R30
000186 e0a0      	LDI  R26,0
000187 9943      	SBIC 0x8,3
000188 e0a1      	LDI  R26,1
000189 2fea      	MOV  R30,R26
00018a 0fee      	LSL  R30
00018b 0fee      	LSL  R30
00018c 0fee      	LSL  R30
00018d 0e0e      	ADD  R0,R30
00018e e0a0      	LDI  R26,0
00018f 9942      	SBIC 0x8,2
000190 e0a1      	LDI  R26,1
000191 2fea      	MOV  R30,R26
000192 0fee      	LSL  R30
000193 0fee      	LSL  R30
000194 0e0e      	ADD  R0,R30
000195 e0a0      	LDI  R26,0
000196 9941      	SBIC 0x8,1
000197 e0a1      	LDI  R26,1
000198 2fea      	MOV  R30,R26
000199 0fee      	LSL  R30
00019a 2da0      	MOV  R26,R0
00019b 0fae      	ADD  R26,R30
00019c e0e0      	LDI  R30,0
00019d 9940      	SBIC 0x8,0
00019e e0e1      	LDI  R30,1
                 _0x2E:
00019f 0fea      	ADD  R30,R26
0001a0 d1ce      	RCALL SUBOPT_0x7
                 ; 0000 0110                 }
                 ; 0000 0111                 for(index=0;index<7;index++)
                 _0x12:
0001a1 2444      	CLR  R4
                 _0x26:
0001a2 e0e7      	LDI  R30,LOW(7)
0001a3 164e      	CP   R4,R30
0001a4 f430      	BRSH _0x27
                 ; 0000 0112                 {
                 ; 0000 0113                     CMD[index]=0;
0001a5 2de4      	MOV  R30,R4
0001a6 d178      	RCALL SUBOPT_0x0
0001a7 e0a0      	LDI  R26,LOW(0)
0001a8 83a0      	STD  Z+0,R26
                 ; 0000 0114                 }
0001a9 9443      	INC  R4
0001aa cff7      	RJMP _0x26
                 _0x27:
                 ; 0000 0115                 index=0;
0001ab 2444      	CLR  R4
                 ; 0000 0116                 process_CMD=0;
0001ac 2433      	CLR  R3
                 ; 0000 0117            }
                 ; 0000 0118 
                 ; 0000 0119 //      if(LG_IN_1==1) printf("LG_IN_1\r\n");
                 ; 0000 011A //      if(LG_IN_2==1) printf("LG_IN_2\r\n");
                 ; 0000 011B //      if(LG_IN_3==1) printf("LG_IN_3\r\n");
                 ; 0000 011C //      if(LG_IN_4==1) printf("LG_IN_4\r\n");
                 ; 0000 011D //      if(PINB.0==1) printf("LG_IN_5\r\n");
                 ; 0000 011E //
                 ; 0000 011F //      if(LG_IN_6==1) printf("LG_IN_6\r\n");
                 ; 0000 0120 //      if(LG_IN_7==1) printf("LG_IN_7\r\n");
                 ; 0000 0121 //      if(LG_IN_8==1) printf("LG_IN_8\r\n");
                 ; 0000 0122 
                 ; 0000 0123             //printf("LG_IN:%c\r\n",(LG_IN_1<<7)+(LG_IN_2<<6)+(LG_IN_3<<5)+(LG_IN_4<<4)+(LG_IN_5<<3)+(LG_IN_6<<2)+(LG_IN_7<<1)+LG_IN_8);
                 ; 0000 0124             LG_TEMP=GET_LG_STT;
                 _0x9:
0001ad d178      	RCALL SUBOPT_0x2
0001ae 0fea      	ADD  R30,R26
0001af 2e5e      	MOV  R5,R30
                 ; 0000 0125             if(LG_TEMP!=LG_STT)
0001b0 1465      	CP   R6,R5
0001b1 f021      	BREQ _0x28
                 ; 0000 0126                 {
                 ; 0000 0127                     //printf("LG_IN:%c\r\n",LG_TEMP);
                 ; 0000 0128                     printf("LG_IN:%c\r\n",GET_LG_STT);
0001b2 d1b5      	RCALL SUBOPT_0x5
0001b3 0fea      	ADD  R30,R26
0001b4 d1ba      	RCALL SUBOPT_0x7
                 ; 0000 0129                     LG_STT=LG_TEMP;
0001b5 2c65      	MOV  R6,R5
                 ; 0000 012A                 }
                 ; 0000 012B 
                 ; 0000 012C 
                 ; 0000 012D 
                 ; 0000 012E       RUN=1;
                 _0x28:
0001b6 9a2d      	SBI  0x5,5
                 ; 0000 012F       delay_ms(3);
0001b7 e0a3      	LDI  R26,LOW(3)
0001b8 e0b0      	LDI  R27,0
0001b9 d1e9      	RCALL _delay_ms
                 ; 0000 0130       RUN=0;
0001ba 982d      	CBI  0x5,5
                 ; 0000 0131 
                 ; 0000 0132 
                 ; 0000 0133       }
0001bb cf3a      	RJMP _0x6
                 ; 0000 0134 }
                 _0x2D:
0001bc cfff      	RJMP _0x2D
                 	#ifndef __SLEEP_DEFINED__
                 	#endif
                 
                 	.CSEG
                 _putchar:
0001bd 93aa      	ST   -Y,R26
                 _0x2000006:
0001be 91e0 00c0 	LDS  R30,192
0001c0 72e0      	ANDI R30,LOW(0x20)
0001c1 f3e1      	BREQ _0x2000006
0001c2 81e8      	LD   R30,Y
0001c3 93e0 00c6 	STS  198,R30
0001c5 9621      	ADIW R28,1
0001c6 9508      	RET
                 _put_usart_G100:
0001c7 d1af      	RCALL SUBOPT_0x8
0001c8 81aa      	LDD  R26,Y+2
0001c9 dff3      	RCALL _putchar
0001ca 81a8      	LD   R26,Y
0001cb 81b9      	LDD  R27,Y+1
0001cc 91ed      	LD   R30,X+
0001cd 91fd      	LD   R31,X+
0001ce 9631      	ADIW R30,1
0001cf 93fe      	ST   -X,R31
0001d0 93ee      	ST   -X,R30
0001d1 9623      	ADIW R28,3
0001d2 9508      	RET
                 __print_G100:
0001d3 d1a3      	RCALL SUBOPT_0x8
0001d4 9726      	SBIW R28,6
0001d5 d1ec      	RCALL __SAVELOCR6
0001d6 e010      	LDI  R17,0
0001d7 85ac      	LDD  R26,Y+12
0001d8 85bd      	LDD  R27,Y+12+1
0001d9 e0e0      	LDI  R30,LOW(0)
0001da e0f0      	LDI  R31,HIGH(0)
0001db 93ed      	ST   X+,R30
0001dc 93fc      	ST   X,R31
                 _0x200001C:
0001dd 89ea      	LDD  R30,Y+18
0001de 89fb      	LDD  R31,Y+18+1
0001df 9631      	ADIW R30,1
0001e0 8bea      	STD  Y+18,R30
0001e1 8bfb      	STD  Y+18+1,R31
0001e2 9731      	SBIW R30,1
0001e3 91e4      	LPM  R30,Z
0001e4 2f2e      	MOV  R18,R30
0001e5 30e0      	CPI  R30,0
0001e6 f409      	BRNE PC+2
0001e7 c0fc      	RJMP _0x200001E
0001e8 2fe1      	MOV  R30,R17
0001e9 30e0      	CPI  R30,0
0001ea f431      	BRNE _0x2000022
0001eb 3225      	CPI  R18,37
0001ec f411      	BRNE _0x2000023
0001ed e011      	LDI  R17,LOW(1)
0001ee c001      	RJMP _0x2000024
                 _0x2000023:
0001ef d18a      	RCALL SUBOPT_0x9
                 _0x2000024:
0001f0 c0f2      	RJMP _0x2000021
                 _0x2000022:
0001f1 30e1      	CPI  R30,LOW(0x1)
0001f2 f4a1      	BRNE _0x2000025
0001f3 3225      	CPI  R18,37
0001f4 f411      	BRNE _0x2000026
0001f5 d184      	RCALL SUBOPT_0x9
0001f6 c0eb      	RJMP _0x20000CF
                 _0x2000026:
0001f7 e012      	LDI  R17,LOW(2)
0001f8 e040      	LDI  R20,LOW(0)
0001f9 e000      	LDI  R16,LOW(0)
0001fa 322d      	CPI  R18,45
0001fb f411      	BRNE _0x2000027
0001fc e001      	LDI  R16,LOW(1)
0001fd c0e5      	RJMP _0x2000021
                 _0x2000027:
0001fe 322b      	CPI  R18,43
0001ff f411      	BRNE _0x2000028
000200 e24b      	LDI  R20,LOW(43)
000201 c0e1      	RJMP _0x2000021
                 _0x2000028:
000202 3220      	CPI  R18,32
000203 f411      	BRNE _0x2000029
000204 e240      	LDI  R20,LOW(32)
000205 c0dd      	RJMP _0x2000021
                 _0x2000029:
000206 c002      	RJMP _0x200002A
                 _0x2000025:
000207 30e2      	CPI  R30,LOW(0x2)
000208 f439      	BRNE _0x200002B
                 _0x200002A:
000209 e050      	LDI  R21,LOW(0)
00020a e013      	LDI  R17,LOW(3)
00020b 3320      	CPI  R18,48
00020c f411      	BRNE _0x200002C
00020d 6800      	ORI  R16,LOW(128)
00020e c0d4      	RJMP _0x2000021
                 _0x200002C:
00020f c003      	RJMP _0x200002D
                 _0x200002B:
000210 30e3      	CPI  R30,LOW(0x3)
000211 f009      	BREQ PC+2
000212 c0d0      	RJMP _0x2000021
                 _0x200002D:
000213 3320      	CPI  R18,48
000214 f010      	BRLO _0x2000030
000215 332a      	CPI  R18,58
000216 f008      	BRLO _0x2000031
                 _0x2000030:
000217 c007      	RJMP _0x200002F
                 _0x2000031:
000218 e0aa      	LDI  R26,LOW(10)
000219 9f5a      	MUL  R21,R26
00021a 2d50      	MOV  R21,R0
00021b 2fe2      	MOV  R30,R18
00021c 53e0      	SUBI R30,LOW(48)
00021d 0f5e      	ADD  R21,R30
00021e c0c4      	RJMP _0x2000021
                 _0x200002F:
00021f 2fe2      	MOV  R30,R18
000220 36e3      	CPI  R30,LOW(0x63)
000221 f439      	BRNE _0x2000035
000222 d15e      	RCALL SUBOPT_0xA
000223 d160      	RCALL SUBOPT_0xB
000224 d15c      	RCALL SUBOPT_0xA
000225 81a4      	LDD  R26,Z+4
000226 93aa      	ST   -Y,R26
000227 d160      	RCALL SUBOPT_0xC
000228 c0b9      	RJMP _0x2000036
                 _0x2000035:
000229 37e3      	CPI  R30,LOW(0x73)
00022a f429      	BRNE _0x2000038
00022b d162      	RCALL SUBOPT_0xD
00022c d163      	RCALL SUBOPT_0xE
00022d d0da      	RCALL _strlen
00022e 2f1e      	MOV  R17,R30
00022f c007      	RJMP _0x2000039
                 _0x2000038:
000230 37e0      	CPI  R30,LOW(0x70)
000231 f449      	BRNE _0x200003B
000232 d15b      	RCALL SUBOPT_0xD
000233 d15c      	RCALL SUBOPT_0xE
000234 d0de      	RCALL _strlenf
000235 2f1e      	MOV  R17,R30
000236 6008      	ORI  R16,LOW(8)
                 _0x2000039:
000237 6002      	ORI  R16,LOW(2)
000238 770f      	ANDI R16,LOW(127)
000239 e030      	LDI  R19,LOW(0)
00023a c02d      	RJMP _0x200003C
                 _0x200003B:
00023b 36e4      	CPI  R30,LOW(0x64)
00023c f011      	BREQ _0x200003F
00023d 36e9      	CPI  R30,LOW(0x69)
00023e f411      	BRNE _0x2000040
                 _0x200003F:
00023f 6004      	ORI  R16,LOW(4)
000240 c002      	RJMP _0x2000041
                 _0x2000040:
000241 37e5      	CPI  R30,LOW(0x75)
000242 f429      	BRNE _0x2000042
                 _0x2000041:
000243 e3e4      	LDI  R30,LOW(_tbl10_G100*2)
000244 e0f0      	LDI  R31,HIGH(_tbl10_G100*2)
000245 d153      	RCALL SUBOPT_0xF
000246 e015      	LDI  R17,LOW(5)
000247 c00b      	RJMP _0x2000043
                 _0x2000042:
000248 35e8      	CPI  R30,LOW(0x58)
000249 f411      	BRNE _0x2000045
00024a 6008      	ORI  R16,LOW(8)
00024b c003      	RJMP _0x2000046
                 _0x2000045:
00024c 37e8      	CPI  R30,LOW(0x78)
00024d f009      	BREQ PC+2
00024e c093      	RJMP _0x2000077
                 _0x2000046:
00024f e3ee      	LDI  R30,LOW(_tbl16_G100*2)
000250 e0f0      	LDI  R31,HIGH(_tbl16_G100*2)
000251 d147      	RCALL SUBOPT_0xF
000252 e014      	LDI  R17,LOW(4)
                 _0x2000043:
000253 ff02      	SBRS R16,2
000254 c011      	RJMP _0x2000048
000255 d138      	RCALL SUBOPT_0xD
000256 d145      	RCALL SUBOPT_0x10
000257 85ab      	LDD  R26,Y+11
000258 23aa      	TST  R26
000259 f432      	BRPL _0x2000049
00025a 85ea      	LDD  R30,Y+10
00025b 85fb      	LDD  R31,Y+10+1
00025c d154      	RCALL __ANEGW1
00025d 87ea      	STD  Y+10,R30
00025e 87fb      	STD  Y+10+1,R31
00025f e24d      	LDI  R20,LOW(45)
                 _0x2000049:
000260 3040      	CPI  R20,0
000261 f011      	BREQ _0x200004A
000262 5f1f      	SUBI R17,-LOW(1)
000263 c001      	RJMP _0x200004B
                 _0x200004A:
000264 7f0b      	ANDI R16,LOW(251)
                 _0x200004B:
000265 c002      	RJMP _0x200004C
                 _0x2000048:
000266 d127      	RCALL SUBOPT_0xD
000267 d134      	RCALL SUBOPT_0x10
                 _0x200004C:
                 _0x200003C:
000268 fd00      	SBRC R16,0
000269 c010      	RJMP _0x200004D
                 _0x200004E:
00026a 1715      	CP   R17,R21
00026b f470      	BRSH _0x2000050
00026c ff07      	SBRS R16,7
00026d c008      	RJMP _0x2000051
00026e ff02      	SBRS R16,2
00026f c004      	RJMP _0x2000052
000270 7f0b      	ANDI R16,LOW(251)
000271 2f24      	MOV  R18,R20
000272 5011      	SUBI R17,LOW(1)
000273 c001      	RJMP _0x2000053
                 _0x2000052:
000274 e320      	LDI  R18,LOW(48)
                 _0x2000053:
000275 c001      	RJMP _0x2000054
                 _0x2000051:
000276 e220      	LDI  R18,LOW(32)
                 _0x2000054:
000277 d102      	RCALL SUBOPT_0x9
000278 5051      	SUBI R21,LOW(1)
000279 cff0      	RJMP _0x200004E
                 _0x2000050:
                 _0x200004D:
00027a 2f31      	MOV  R19,R17
00027b ff01      	SBRS R16,1
00027c c015      	RJMP _0x2000055
                 _0x2000056:
00027d 3030      	CPI  R19,0
00027e f091      	BREQ _0x2000058
00027f ff03      	SBRS R16,3
000280 c005      	RJMP _0x2000059
000281 81ee      	LDD  R30,Y+6
000282 81ff      	LDD  R31,Y+6+1
000283 9125      	LPM  R18,Z+
000284 d114      	RCALL SUBOPT_0xF
000285 c005      	RJMP _0x200005A
                 _0x2000059:
000286 81ae      	LDD  R26,Y+6
000287 81bf      	LDD  R27,Y+6+1
000288 912d      	LD   R18,X+
000289 83ae      	STD  Y+6,R26
00028a 83bf      	STD  Y+6+1,R27
                 _0x200005A:
00028b d0ee      	RCALL SUBOPT_0x9
00028c 3050      	CPI  R21,0
00028d f009      	BREQ _0x200005B
00028e 5051      	SUBI R21,LOW(1)
                 _0x200005B:
00028f 5031      	SUBI R19,LOW(1)
000290 cfec      	RJMP _0x2000056
                 _0x2000058:
000291 c047      	RJMP _0x200005C
                 _0x2000055:
                 _0x200005E:
000292 e320      	LDI  R18,LOW(48)
000293 81ee      	LDD  R30,Y+6
000294 81ff      	LDD  R31,Y+6+1
000295 d123      	RCALL __GETW1PF
000296 87e8      	STD  Y+8,R30
000297 87f9      	STD  Y+8+1,R31
000298 81ee      	LDD  R30,Y+6
000299 81ff      	LDD  R31,Y+6+1
00029a 9632      	ADIW R30,2
00029b d0fd      	RCALL SUBOPT_0xF
                 _0x2000060:
00029c 85e8      	LDD  R30,Y+8
00029d 85f9      	LDD  R31,Y+8+1
00029e 85aa      	LDD  R26,Y+10
00029f 85bb      	LDD  R27,Y+10+1
0002a0 17ae      	CP   R26,R30
0002a1 07bf      	CPC  R27,R31
0002a2 f050      	BRLO _0x2000062
0002a3 5f2f      	SUBI R18,-LOW(1)
0002a4 85a8      	LDD  R26,Y+8
0002a5 85b9      	LDD  R27,Y+8+1
0002a6 85ea      	LDD  R30,Y+10
0002a7 85fb      	LDD  R31,Y+10+1
0002a8 1bea      	SUB  R30,R26
0002a9 0bfb      	SBC  R31,R27
0002aa 87ea      	STD  Y+10,R30
0002ab 87fb      	STD  Y+10+1,R31
0002ac cfef      	RJMP _0x2000060
                 _0x2000062:
0002ad 332a      	CPI  R18,58
0002ae f028      	BRLO _0x2000063
0002af ff03      	SBRS R16,3
0002b0 c002      	RJMP _0x2000064
0002b1 5f29      	SUBI R18,-LOW(7)
0002b2 c001      	RJMP _0x2000065
                 _0x2000064:
0002b3 5d29      	SUBI R18,-LOW(39)
                 _0x2000065:
                 _0x2000063:
0002b4 fd04      	SBRC R16,4
0002b5 c019      	RJMP _0x2000067
0002b6 3321      	CPI  R18,49
0002b7 f420      	BRSH _0x2000069
0002b8 85a8      	LDD  R26,Y+8
0002b9 85b9      	LDD  R27,Y+8+1
0002ba 9711      	SBIW R26,1
0002bb f409      	BRNE _0x2000068
                 _0x2000069:
0002bc c009      	RJMP _0x20000D0
                 _0x2000068:
0002bd 1753      	CP   R21,R19
0002be f010      	BRLO _0x200006D
0002bf ff00      	SBRS R16,0
0002c0 c001      	RJMP _0x200006E
                 _0x200006D:
0002c1 c011      	RJMP _0x200006C
                 _0x200006E:
0002c2 e220      	LDI  R18,LOW(32)
0002c3 ff07      	SBRS R16,7
0002c4 c00a      	RJMP _0x200006F
0002c5 e320      	LDI  R18,LOW(48)
                 _0x20000D0:
0002c6 6100      	ORI  R16,LOW(16)
0002c7 ff02      	SBRS R16,2
0002c8 c006      	RJMP _0x2000070
0002c9 7f0b      	ANDI R16,LOW(251)
0002ca 934a      	ST   -Y,R20
0002cb d0bc      	RCALL SUBOPT_0xC
0002cc 3050      	CPI  R21,0
0002cd f009      	BREQ _0x2000071
0002ce 5051      	SUBI R21,LOW(1)
                 _0x2000071:
                 _0x2000070:
                 _0x200006F:
                 _0x2000067:
0002cf d0aa      	RCALL SUBOPT_0x9
0002d0 3050      	CPI  R21,0
0002d1 f009      	BREQ _0x2000072
0002d2 5051      	SUBI R21,LOW(1)
                 _0x2000072:
                 _0x200006C:
0002d3 5031      	SUBI R19,LOW(1)
0002d4 85a8      	LDD  R26,Y+8
0002d5 85b9      	LDD  R27,Y+8+1
0002d6 9712      	SBIW R26,2
0002d7 f008      	BRLO _0x200005F
0002d8 cfb9      	RJMP _0x200005E
                 _0x200005F:
                 _0x200005C:
0002d9 ff00      	SBRS R16,0
0002da c007      	RJMP _0x2000073
                 _0x2000074:
0002db 3050      	CPI  R21,0
0002dc f029      	BREQ _0x2000076
0002dd 5051      	SUBI R21,LOW(1)
0002de e2e0      	LDI  R30,LOW(32)
0002df 93ea      	ST   -Y,R30
0002e0 d0a7      	RCALL SUBOPT_0xC
0002e1 cff9      	RJMP _0x2000074
                 _0x2000076:
                 _0x2000073:
                 _0x2000077:
                 _0x2000036:
                 _0x20000CF:
0002e2 e010      	LDI  R17,LOW(0)
                 _0x2000021:
0002e3 cef9      	RJMP _0x200001C
                 _0x200001E:
0002e4 85ac      	LDD  R26,Y+12
0002e5 85bd      	LDD  R27,Y+12+1
0002e6 d0ce      	RCALL __GETW1P
0002e7 d0e1      	RCALL __LOADLOCR6
0002e8 9664      	ADIW R28,20
0002e9 9508      	RET
                 _printf:
0002ea 92ff      	PUSH R15
0002eb 2ef8      	MOV  R15,R24
0002ec 9726      	SBIW R28,6
0002ed d0d8      	RCALL __SAVELOCR2
0002ee 01de      	MOVW R26,R28
0002ef 9614      	ADIW R26,4
0002f0 d0bc      	RCALL __ADDW2R15
0002f1 018d      	MOVW R16,R26
0002f2 e0e0      	LDI  R30,LOW(0)
0002f3 83ec      	STD  Y+4,R30
0002f4 83ed      	STD  Y+4+1,R30
0002f5 83ee      	STD  Y+6,R30
0002f6 83ef      	STD  Y+6+1,R30
0002f7 01de      	MOVW R26,R28
0002f8 9618      	ADIW R26,8
0002f9 d0b3      	RCALL __ADDW2R15
0002fa d0ba      	RCALL __GETW1P
0002fb d027      	RCALL SUBOPT_0x1
0002fc 931a      	ST   -Y,R17
0002fd 930a      	ST   -Y,R16
0002fe ece7      	LDI  R30,LOW(_put_usart_G100)
0002ff e0f1      	LDI  R31,HIGH(_put_usart_G100)
000300 d022      	RCALL SUBOPT_0x1
000301 01de      	MOVW R26,R28
000302 9618      	ADIW R26,8
000303 decf      	RCALL __print_G100
000304 d0c8      	RCALL __LOADLOCR2
000305 9628      	ADIW R28,8
000306 90ff      	POP  R15
000307 9508      	RET
                 
                 	.CSEG
                 
                 	.CSEG
                 _strlen:
000308 d06e      	RCALL SUBOPT_0x8
000309 91a9          ld   r26,y+
00030a 91b9          ld   r27,y+
00030b 27ee          clr  r30
00030c 27ff          clr  r31
                 strlen0:
00030d 916d          ld   r22,x+
00030e 2366          tst  r22
00030f f011          breq strlen1
000310 9631          adiw r30,1
000311 cffb          rjmp strlen0
                 strlen1:
000312 9508          ret
                 _strlenf:
000313 d063      	RCALL SUBOPT_0x8
000314 27aa          clr  r26
000315 27bb          clr  r27
000316 91e9          ld   r30,y+
000317 91f9          ld   r31,y+
                 strlenf0:
000318 9005      	lpm  r0,z+
000319 2000          tst  r0
00031a f011          breq strlenf1
00031b 9611          adiw r26,1
00031c cffb          rjmp strlenf0
                 strlenf1:
00031d 01fd          movw r30,r26
00031e 9508          ret
                 
                 	.DSEG
                 _CMD:
000200           	.BYTE 0x7
                 
                 	.CSEG
                 ;OPTIMIZER ADDED SUBROUTINE, CALLED 2 TIMES, CODE SIZE REDUCTION:2 WORDS
                 SUBOPT_0x0:
00031f e0f0      	LDI  R31,0
000320 50e0      	SUBI R30,LOW(-_CMD)
000321 4ffe      	SBCI R31,HIGH(-_CMD)
000322 9508      	RET
                 
                 ;OPTIMIZER ADDED SUBROUTINE, CALLED 6 TIMES, CODE SIZE REDUCTION:3 WORDS
                 SUBOPT_0x1:
000323 93fa      	ST   -Y,R31
000324 93ea      	ST   -Y,R30
000325 9508      	RET
                 
                 ;OPTIMIZER ADDED SUBROUTINE, CALLED 4 TIMES, CODE SIZE REDUCTION:166 WORDS
                 SUBOPT_0x2:
000326 e0a0      	LDI  R26,0
000327 994c      	SBIC 0x9,4
000328 e0a1      	LDI  R26,1
000329 2fea      	MOV  R30,R26
00032a 95e7      	ROR  R30
00032b e0e0      	LDI  R30,0
00032c 95e7      	ROR  R30
00032d 2e0e      	MOV  R0,R30
00032e e0a0      	LDI  R26,0
00032f 994d      	SBIC 0x9,5
000330 e0a1      	LDI  R26,1
000331 2fea      	MOV  R30,R26
000332 95e2      	SWAP R30
000333 7fe0      	ANDI R30,0xF0
000334 0fee      	LSL  R30
000335 0fee      	LSL  R30
000336 0e0e      	ADD  R0,R30
000337 e0a0      	LDI  R26,0
000338 994e      	SBIC 0x9,6
000339 e0a1      	LDI  R26,1
00033a 2fea      	MOV  R30,R26
00033b 95e2      	SWAP R30
00033c 7fe0      	ANDI R30,0xF0
00033d 0fee      	LSL  R30
00033e 0e0e      	ADD  R0,R30
00033f e0a0      	LDI  R26,0
000340 994f      	SBIC 0x9,7
000341 e0a1      	LDI  R26,1
000342 2fea      	MOV  R30,R26
000343 95e2      	SWAP R30
000344 7fe0      	ANDI R30,0xF0
000345 0e0e      	ADD  R0,R30
000346 e0a0      	LDI  R26,0
000347 9918      	SBIC 0x3,0
000348 e0a1      	LDI  R26,1
000349 2fea      	MOV  R30,R26
00034a 0fee      	LSL  R30
00034b 0fee      	LSL  R30
00034c 0fee      	LSL  R30
00034d 0e0e      	ADD  R0,R30
00034e e0a0      	LDI  R26,0
00034f 9919      	SBIC 0x3,1
000350 e0a1      	LDI  R26,1
000351 2fea      	MOV  R30,R26
000352 0fee      	LSL  R30
000353 0fee      	LSL  R30
000354 0e0e      	ADD  R0,R30
000355 e0a0      	LDI  R26,0
000356 991a      	SBIC 0x3,2
000357 e0a1      	LDI  R26,1
000358 2fea      	MOV  R30,R26
000359 0fee      	LSL  R30
00035a 2da0      	MOV  R26,R0
00035b 0fae      	ADD  R26,R30
00035c e0e0      	LDI  R30,0
00035d 991b      	SBIC 0x3,3
00035e e0e1      	LDI  R30,1
00035f 9508      	RET
                 
                 ;OPTIMIZER ADDED SUBROUTINE, CALLED 3 TIMES, CODE SIZE REDUCTION:2 WORDS
                 SUBOPT_0x3:
                +
000360 91a0 0202+LDS R26 , _CMD + ( 2 )
                 	__GETB2MN _CMD,2
000362 35a4      	CPI  R26,LOW(0x54)
000363 9508      	RET
                 
                 ;OPTIMIZER ADDED SUBROUTINE, CALLED 3 TIMES, CODE SIZE REDUCTION:2 WORDS
                 SUBOPT_0x4:
                +
000364 91a0 0203+LDS R26 , _CMD + ( 3 )
                 	__GETB2MN _CMD,3
000366 35af      	CPI  R26,LOW(0x5F)
000367 9508      	RET
                 
                 ;OPTIMIZER ADDED SUBROUTINE, CALLED 2 TIMES, CODE SIZE REDUCTION:1 WORDS
                 SUBOPT_0x5:
                +
000368 e5e1     +LDI R30 , LOW ( 2 * _0x0 + ( 7 ) )
000369 e0f0     +LDI R31 , HIGH ( 2 * _0x0 + ( 7 ) )
                 	__POINTW1FN _0x0,7
00036a dfb8      	RCALL SUBOPT_0x1
00036b cfba      	RJMP SUBOPT_0x2
                 
                 ;OPTIMIZER ADDED SUBROUTINE, CALLED 8 TIMES, CODE SIZE REDUCTION:5 WORDS
                 SUBOPT_0x6:
                +
00036c 91e0 0204+LDS R30 , _CMD + ( 4 )
                 	__GETB1MN _CMD,4
00036e 9508      	RET
                 
                 ;OPTIMIZER ADDED SUBROUTINE, CALLED 2 TIMES, CODE SIZE REDUCTION:4 WORDS
                 SUBOPT_0x7:
00036f 27ff      	CLR  R31
000370 2766      	CLR  R22
000371 2777      	CLR  R23
000372 d04a      	RCALL __PUTPARD1
000373 e084      	LDI  R24,4
000374 df75      	RCALL _printf
000375 9626      	ADIW R28,6
000376 9508      	RET
                 
                 ;OPTIMIZER ADDED SUBROUTINE, CALLED 4 TIMES, CODE SIZE REDUCTION:1 WORDS
                 SUBOPT_0x8:
000377 93ba      	ST   -Y,R27
000378 93aa      	ST   -Y,R26
000379 9508      	RET
                 
                 ;OPTIMIZER ADDED SUBROUTINE, CALLED 5 TIMES, CODE SIZE REDUCTION:18 WORDS
                 SUBOPT_0x9:
00037a 932a      	ST   -Y,R18
00037b 85ad      	LDD  R26,Y+13
00037c 85be      	LDD  R27,Y+13+1
00037d 85ef      	LDD  R30,Y+15
00037e 89f8      	LDD  R31,Y+15+1
00037f 9509      	ICALL
000380 9508      	RET
                 
                 ;OPTIMIZER ADDED SUBROUTINE, CALLED 6 TIMES, CODE SIZE REDUCTION:3 WORDS
                 SUBOPT_0xA:
000381 89e8      	LDD  R30,Y+16
000382 89f9      	LDD  R31,Y+16+1
000383 9508      	RET
                 
                 ;OPTIMIZER ADDED SUBROUTINE, CALLED 5 TIMES, CODE SIZE REDUCTION:6 WORDS
                 SUBOPT_0xB:
000384 9734      	SBIW R30,4
000385 8be8      	STD  Y+16,R30
000386 8bf9      	STD  Y+16+1,R31
000387 9508      	RET
                 
                 ;OPTIMIZER ADDED SUBROUTINE, CALLED 3 TIMES, CODE SIZE REDUCTION:6 WORDS
                 SUBOPT_0xC:
000388 85ad      	LDD  R26,Y+13
000389 85be      	LDD  R27,Y+13+1
00038a 85ef      	LDD  R30,Y+15
00038b 89f8      	LDD  R31,Y+15+1
00038c 9509      	ICALL
00038d 9508      	RET
                 
                 ;OPTIMIZER ADDED SUBROUTINE, CALLED 4 TIMES, CODE SIZE REDUCTION:1 WORDS
                 SUBOPT_0xD:
00038e dff2      	RCALL SUBOPT_0xA
00038f cff4      	RJMP SUBOPT_0xB
                 
                 ;OPTIMIZER ADDED SUBROUTINE, CALLED 2 TIMES, CODE SIZE REDUCTION:5 WORDS
                 SUBOPT_0xE:
000390 89a8      	LDD  R26,Y+16
000391 89b9      	LDD  R27,Y+16+1
000392 9614      	ADIW R26,4
000393 d021      	RCALL __GETW1P
000394 83ee      	STD  Y+6,R30
000395 83ff      	STD  Y+6+1,R31
000396 81ae      	LDD  R26,Y+6
000397 81bf      	LDD  R27,Y+6+1
000398 9508      	RET
                 
                 ;OPTIMIZER ADDED SUBROUTINE, CALLED 4 TIMES, CODE SIZE REDUCTION:1 WORDS
                 SUBOPT_0xF:
000399 83ee      	STD  Y+6,R30
00039a 83ff      	STD  Y+6+1,R31
00039b 9508      	RET
                 
                 ;OPTIMIZER ADDED SUBROUTINE, CALLED 2 TIMES, CODE SIZE REDUCTION:3 WORDS
                 SUBOPT_0x10:
00039c 89a8      	LDD  R26,Y+16
00039d 89b9      	LDD  R27,Y+16+1
00039e 9614      	ADIW R26,4
00039f d015      	RCALL __GETW1P
0003a0 87ea      	STD  Y+10,R30
0003a1 87fb      	STD  Y+10+1,R31
0003a2 9508      	RET
                 
                 
                 	.CSEG
                 _delay_ms:
0003a3 9610      	adiw r26,0
0003a4 f039      	breq __delay_ms1
                 __delay_ms0:
                +
0003a5 e888     +LDI R24 , LOW ( 0x1388 )
0003a6 e193     +LDI R25 , HIGH ( 0x1388 )
                +__DELAY_USW_LOOP :
0003a7 9701     +SBIW R24 , 1
0003a8 f7f1     +BRNE __DELAY_USW_LOOP
                 	__DELAY_USW 0x1388
0003a9 95a8      	wdr
0003aa 9711      	sbiw r26,1
0003ab f7c9      	brne __delay_ms0
                 __delay_ms1:
0003ac 9508      	ret
                 
                 __ADDW2R15:
0003ad 2400      	CLR  R0
0003ae 0daf      	ADD  R26,R15
0003af 1db0      	ADC  R27,R0
0003b0 9508      	RET
                 
                 __ANEGW1:
0003b1 95f1      	NEG  R31
0003b2 95e1      	NEG  R30
0003b3 40f0      	SBCI R31,0
0003b4 9508      	RET
                 
                 __GETW1P:
0003b5 91ed      	LD   R30,X+
0003b6 91fc      	LD   R31,X
0003b7 9711      	SBIW R26,1
0003b8 9508      	RET
                 
                 __GETW1PF:
0003b9 9005      	LPM  R0,Z+
0003ba 91f4      	LPM  R31,Z
0003bb 2de0      	MOV  R30,R0
0003bc 9508      	RET
                 
                 __PUTPARD1:
0003bd 937a      	ST   -Y,R23
0003be 936a      	ST   -Y,R22
0003bf 93fa      	ST   -Y,R31
0003c0 93ea      	ST   -Y,R30
0003c1 9508      	RET
                 
                 __SAVELOCR6:
0003c2 935a      	ST   -Y,R21
                 __SAVELOCR5:
0003c3 934a      	ST   -Y,R20
                 __SAVELOCR4:
0003c4 933a      	ST   -Y,R19
                 __SAVELOCR3:
0003c5 932a      	ST   -Y,R18
                 __SAVELOCR2:
0003c6 931a      	ST   -Y,R17
0003c7 930a      	ST   -Y,R16
0003c8 9508      	RET
                 
                 __LOADLOCR6:
0003c9 815d      	LDD  R21,Y+5
                 __LOADLOCR5:
0003ca 814c      	LDD  R20,Y+4
                 __LOADLOCR4:
0003cb 813b      	LDD  R19,Y+3
                 __LOADLOCR3:
0003cc 812a      	LDD  R18,Y+2
                 __LOADLOCR2:
0003cd 8119      	LDD  R17,Y+1
0003ce 8108      	LD   R16,Y
0003cf 9508      	RET
                 
                 __LOADLOCR2P:
0003d0 9109      	LD   R16,Y+
0003d1 9119      	LD   R17,Y+
0003d2 9508      	RET
                 
                 ;END OF CODE MARKER
                 __END_OF_CODE:


RESOURCE USE INFORMATION
------------------------

Notice:
The register and instruction counts are symbol table hit counts,
and hence implicitly used resources are not counted, eg, the
'lpm' instruction without operands implicitly uses r0 and z,
none of which are counted.

x,y,z are separate entities in the symbol table and are
counted separately from r26..r31 here.

.dseg memory usage only counts static data declared with .byte

ATmega88PA register use summary:
r0 :  25 r1 :   1 r2 :   0 r3 :   3 r4 :   9 r5 :   3 r6 :   3 r7 :   0 
r8 :   0 r9 :   0 r10:   0 r11:   0 r12:   0 r13:   0 r14:   0 r15:   4 
r16:  32 r17:  20 r18:  27 r19:   8 r20:   9 r21:  17 r22:   6 r23:   2 
r24:  12 r25:   3 r26: 128 r27:  25 r28:  12 r29:   1 r30: 253 r31:  48 
x  :  13 y  : 110 z  :  15 
Registers used: 26 out of 35 (74.3%)

ATmega88PA instruction use summary:
.lds  :   0 .lds.l:   0 .sts  :   0 .sts.l:   0 adc   :   1 add   :  18 
adiw  :  17 and   :   0 andi  :  20 asr   :   0 bclr  :   0 bld   :   0 
brbc  :   0 brbs  :   0 brcc  :   0 brcs  :   0 break :   0 breq  :  18 
brge  :   0 brhc  :   0 brhs  :   0 brid  :   0 brie  :   0 brlo  :   6 
brlt  :   0 brmi  :   0 brne  :  47 brpl  :   1 brsh  :   3 brtc  :   0 
brts  :   0 brvc  :   0 brvs  :   0 bset  :   0 bst   :   0 cbi   :   9 
cbr   :   1 clc   :   0 clh   :   0 cli   :   1 cln   :   0 clr   :  14 
cls   :   0 clt   :   0 clv   :   0 clz   :   0 com   :   0 cp    :   6 
cpc   :   1 cpi   :  42 cpse  :   0 dec   :   1 des   :   0 eor   :   0 
fmul  :   0 fmuls :   0 fmulsu:   0 icall :   2 ijmp  :   0 in    :   2 
inc   :   2 ld    :  18 ldd   :  53 ldi   : 113 lds   :  16 lpm   :  14 
lsl   :  18 lsr   :   0 mov   :  36 movw  :   8 mul   :   1 muls  :   0 
mulsu :   0 neg   :   2 nop   :   0 or    :   0 ori   :   6 out   :  22 
pop   :   1 push  :   1 rcall :  78 ret   :  30 reti  :   1 rjmp  :  96 
rol   :   0 ror   :   4 sbc   :   1 sbci  :   2 sbi   :   9 sbic  :  16 
sbis  :   0 sbiw  :  12 sbr   :   0 sbrc  :   2 sbrs  :  10 sec   :   0 
seh   :   0 sei   :   1 sen   :   0 ser   :   0 ses   :   0 set   :   0 
sev   :   0 sez   :   0 sleep :   0 spm   :   0 st    :  32 std   :  23 
sts   :  35 sub   :   1 subi  :  14 swap  :   6 tst   :   4 wdr   :   2 

Instructions used: 55 out of 114 (48.2%)

ATmega88PA memory use summary [bytes]:
Segment   Begin    End      Code   Data   Used    Size   Use%
---------------------------------------------------------------
[.cseg] 0x000000 0x0007a6   1898     60   1958    8192  23.9%
[.dseg] 0x000100 0x000207      0      7      7    1279   0.5%
[.eseg] 0x000000 0x000000      0      0      0     512   0.0%

Assembly complete, 0 errors, 5 warnings
