Removed Pin From Net: NetName=RS485D Pin=U1-28
Added Component: Designator=AC_CON_1(OMC10)
Added Component: Designator=AC_CON_2(OMC10)
Added Pin To Net: NetName=+12V_IN Pin=AC_CON_1-1
Added Pin To Net: NetName=GND Pin=AC_CON_1-2
Added Pin To Net: NetName=+5V_IN Pin=AC_CON_1-3
Added Pin To Net: NetName=GND Pin=AC_CON_1-4
Added Pin To Net: NetName=RS485A Pin=AC_CON_1-5
Added Pin To Net: NetName=RS485B Pin=AC_CON_1-6
Added Pin To Net: NetName=+3V3 Pin=AC_CON_1-7
Added Pin To Net: NetName=IDC Pin=AC_CON_1-9
Added Pin To Net: NetName=+12V_IN Pin=AC_CON_1-11
Added Pin To Net: NetName=GND Pin=AC_CON_1-12
Added Pin To Net: NetName=+5V_IN Pin=AC_CON_1-13
Added Pin To Net: NetName=GND Pin=AC_CON_1-14
Added Pin To Net: NetName=RS485A Pin=AC_CON_1-15
Added Pin To Net: NetName=RS485B Pin=AC_CON_1-16
Added Pin To Net: NetName=+3V3 Pin=AC_CON_1-17
Added Pin To Net: NetName=IDC Pin=AC_CON_1-19
Added Pin To Net: NetName=CF Pin=AC_CON_2-4
Added Pin To Net: NetName=LIVE_IN Pin=AC_CON_2-5
Added Pin To Net: NetName=AGND Pin=AC_CON_2-6
Added Pin To Net: NetName=CTB Pin=AC_CON_2-9
Added Pin To Net: NetName=CTA Pin=AC_CON_2-10
Added Pin To Net: NetName=RS485D Pin=U1-2
Added Member To Class: ClassName=AC_Measurev2_250616 Member=Component AC_CON_1 Header 10X2A
Added Member To Class: ClassName=AC_Measurev2_250616 Member=Component AC_CON_2 Header 10X2A
