Removed Pin From Net: NetName=TEMP- Pin=DC_CON_3-1
Removed Pin From Net: NetName=+12V_IN Pin=DC_CON_3-2
Removed Pin From Net: NetName=DC6 Pin=DC_CON_3-3
Removed Pin From Net: NetName=GND Pin=DC_CON_3-4
Removed Pin From Net: NetName=DC5 Pin=DC_CON_3-5
Removed Pin From Net: NetName=GND Pin=DC_CON_3-6
Removed Pin From Net: NetName=DC4 Pin=DC_CON_3-7
Removed Pin From Net: NetName=GND Pin=DC_CON_3-8
Removed Pin From Net: NetName=DC3 Pin=DC_CON_3-9
Removed Pin From Net: NetName=GND Pin=DC_CON_3-10
Removed Pin From Net: NetName=DC2 Pin=DC_CON_3-11
Removed Pin From Net: NetName=GND Pin=DC_CON_3-12
Removed Pin From Net: NetName=DC1 Pin=DC_CON_3-13
Removed Pin From Net: NetName=GND Pin=DC_CON_3-14
Removed Pin From Net: NetName=DC0 Pin=DC_CON_3-15
Removed Pin From Net: NetName=GND Pin=DC_CON_3-16
Added Pin To Net: NetName=+12V_IN Pin=DC_CON_3-1
Added Pin To Net: NetName=TEMP- Pin=DC_CON_3-2
Added Pin To Net: NetName=GND Pin=DC_CON_3-3
Added Pin To Net: NetName=DC6 Pin=DC_CON_3-4
Added Pin To Net: NetName=GND Pin=DC_CON_3-5
Added Pin To Net: NetName=DC5 Pin=DC_CON_3-6
Added Pin To Net: NetName=GND Pin=DC_CON_3-7
Added Pin To Net: NetName=DC4 Pin=DC_CON_3-8
Added Pin To Net: NetName=GND Pin=DC_CON_3-9
Added Pin To Net: NetName=DC3 Pin=DC_CON_3-10
Added Pin To Net: NetName=GND Pin=DC_CON_3-11
Added Pin To Net: NetName=DC2 Pin=DC_CON_3-12
Added Pin To Net: NetName=GND Pin=DC_CON_3-13
Added Pin To Net: NetName=DC1 Pin=DC_CON_3-14
Added Pin To Net: NetName=GND Pin=DC_CON_3-15
Added Pin To Net: NetName=DC0 Pin=DC_CON_3-16
