Removed Pin From Net: NetName=PGND Pin=FAN1-1
Removed Pin From Net: NetName=PGND Pin=FAN2-1
Removed Pin From Net: NetName=FAN2_OUT Pin=FAN2-2
Removed Pin From Net: NetName=PGND Pin=FAN3-1
Removed Pin From Net: NetName=PGND Pin=FAN4-1
Removed Pin From Net: NetName=FAN1_OUT Pin=FAN_CON_2-6
Removed Pin From Net: NetName=FAN1_OUT Pin=FAN_CON_2-7
Removed Pin From Net: NetName=FAN1_OUT Pin=FAN_CON_2-8
Removed Pin From Net: NetName=FAN1_OUT Pin=FAN_CON_2-9
Removed Pin From Net: NetName=FAN1_OUT Pin=FAN_CON_2-10
Removed Pin From Net: NetName=FAN4_OUT Pin=FAN_CON_2-11
Removed Pin From Net: NetName=FAN4_OUT Pin=FAN_CON_2-12
Removed Pin From Net: NetName=FAN4_OUT Pin=FAN_CON_2-13
Removed Pin From Net: NetName=FAN4_OUT Pin=FAN_CON_2-14
Removed Pin From Net: NetName=FAN4_OUT Pin=FAN_CON_2-15
Removed Pin From Net: NetName=FAN3_OUT Pin=FAN_CON_2-16
Removed Pin From Net: NetName=FAN3_OUT Pin=FAN_CON_2-17
Removed Pin From Net: NetName=FAN3_OUT Pin=FAN_CON_2-18
Removed Pin From Net: NetName=FAN3_OUT Pin=FAN_CON_2-19
Removed Pin From Net: NetName=FAN3_OUT Pin=FAN_CON_2-20
Removed Pin From Net: NetName=PGND Pin=FAN_CON_3-6
Removed Pin From Net: NetName=PGND Pin=FAN_CON_3-7
Removed Pin From Net: NetName=PGND Pin=FAN_CON_3-8
Removed Pin From Net: NetName=PGND Pin=FAN_CON_3-9
Removed Pin From Net: NetName=+48V_IN Pin=FAN_CON_3-10
Removed Pin From Net: NetName=PGND Pin=FAN_CON_3-11
Removed Pin From Net: NetName=PGND Pin=FAN_CON_3-12
Removed Pin From Net: NetName=PGND Pin=FAN_CON_3-13
Removed Pin From Net: NetName=PGND Pin=FAN_CON_3-14
Removed Pin From Net: NetName=PGND Pin=FAN_CON_3-15
Removed Pin From Net: NetName=PGND Pin=FAN_CON_3-16
Removed Pin From Net: NetName=PGND Pin=FAN_CON_3-17
Removed Pin From Net: NetName=PGND Pin=FAN_CON_3-18
Removed Pin From Net: NetName=PGND Pin=FAN_CON_3-19
Removed Pin From Net: NetName=+48V_IN Pin=FAN_CON_3-20
Removed Pin From Net: NetName=PGND Pin=P1-1
Removed Pin From Net: NetName=PGND Pin=Qsmoke-1
Removed Pin From Net: NetName=PGND Pin=RGND-1
Added Pin To Net: NetName=FAN2_OUT Pin=FAN1-1
Added Pin To Net: NetName=FAN2_OUT Pin=FAN2-1
Added Pin To Net: NetName=PGND Pin=FAN2-2
Added Pin To Net: NetName=FAN2_OUT Pin=FAN3-1
Added Pin To Net: NetName=FAN2_OUT Pin=FAN4-1
Added Pin To Net: NetName=FAN2_OUT Pin=FAN_CON_2-6
Added Pin To Net: NetName=FAN2_OUT Pin=FAN_CON_2-7
Added Pin To Net: NetName=FAN2_OUT Pin=FAN_CON_2-8
Added Pin To Net: NetName=FAN2_OUT Pin=FAN_CON_2-9
Added Pin To Net: NetName=+48V_IN Pin=FAN_CON_2-10
Added Pin To Net: NetName=FAN2_OUT Pin=FAN_CON_2-11
Added Pin To Net: NetName=FAN2_OUT Pin=FAN_CON_2-12
Added Pin To Net: NetName=FAN2_OUT Pin=FAN_CON_2-13
Added Pin To Net: NetName=FAN2_OUT Pin=FAN_CON_2-14
Added Pin To Net: NetName=FAN2_OUT Pin=FAN_CON_2-15
Added Pin To Net: NetName=FAN2_OUT Pin=FAN_CON_2-16
Added Pin To Net: NetName=FAN2_OUT Pin=FAN_CON_2-17
Added Pin To Net: NetName=FAN2_OUT Pin=FAN_CON_2-18
Added Pin To Net: NetName=FAN2_OUT Pin=FAN_CON_2-19
Added Pin To Net: NetName=+48V_IN Pin=FAN_CON_2-20
Added Pin To Net: NetName=FAN1_OUT Pin=FAN_CON_3-6
Added Pin To Net: NetName=FAN1_OUT Pin=FAN_CON_3-7
Added Pin To Net: NetName=FAN1_OUT Pin=FAN_CON_3-8
Added Pin To Net: NetName=FAN1_OUT Pin=FAN_CON_3-9
Added Pin To Net: NetName=FAN1_OUT Pin=FAN_CON_3-10
Added Pin To Net: NetName=FAN4_OUT Pin=FAN_CON_3-11
Added Pin To Net: NetName=FAN4_OUT Pin=FAN_CON_3-12
Added Pin To Net: NetName=FAN4_OUT Pin=FAN_CON_3-13
Added Pin To Net: NetName=FAN4_OUT Pin=FAN_CON_3-14
Added Pin To Net: NetName=FAN4_OUT Pin=FAN_CON_3-15
Added Pin To Net: NetName=FAN3_OUT Pin=FAN_CON_3-16
Added Pin To Net: NetName=FAN3_OUT Pin=FAN_CON_3-17
Added Pin To Net: NetName=FAN3_OUT Pin=FAN_CON_3-18
Added Pin To Net: NetName=FAN3_OUT Pin=FAN_CON_3-19
Added Pin To Net: NetName=FAN3_OUT Pin=FAN_CON_3-20
Added Pin To Net: NetName=FAN2_OUT Pin=P1-1
Added Pin To Net: NetName=FAN2_OUT Pin=Qsmoke-1
Added Pin To Net: NetName=FAN2_OUT Pin=RGND-1
Change Net Name : Old Net Name=FAN2_OUT New Net Name=PGND
Change Net Name : Old Net Name=PGND New Net Name=FAN2_OUT
