Removed Pin From Net: NetName=COM6 Pin=OM2.0-1
Removed Pin From Net: NetName=COM7 Pin=OM2.0-2
Removed Pin From Net: NetName=COM8 Pin=OM2.0-3
Removed Pin From Net: NetName=COM9 Pin=OM2.0-4
Removed Pin From Net: NetName=COM10 Pin=OM2.0-5
Removed Pin From Net: NetName=COM1 Pin=OM2.0-6
Removed Pin From Net: NetName=COM2 Pin=OM2.0-7
Removed Pin From Net: NetName=COM3 Pin=OM2.0-8
Removed Pin From Net: NetName=COM4 Pin=OM2.0-9
Removed Pin From Net: NetName=COM5 Pin=OM2.0-10
Removed Pin From Net: NetName=NO6 Pin=OM2.1-1
Removed Pin From Net: NetName=NO7 Pin=OM2.1-2
Removed Pin From Net: NetName=NO8 Pin=OM2.1-3
Removed Pin From Net: NetName=NO9 Pin=OM2.1-4
Removed Pin From Net: NetName=NO10 Pin=OM2.1-5
Removed Pin From Net: NetName=NC1 Pin=OM2.1-6
Removed Pin From Net: NetName=NO2 Pin=OM2.1-7
Removed Pin From Net: NetName=NO3 Pin=OM2.1-8
Removed Pin From Net: NetName=NO4 Pin=OM2.1-9
Removed Pin From Net: NetName=NO5 Pin=OM2.1-10
Removed Member From Class: ClassName=MainBoard Member=OM2.0
Removed Member From Class: ClassName=MainBoard Member=OM2.1
Added Component: Designator=OMCO(HDR2X10_CEN)
Added Pin To Net: NetName=NO6 Pin=OMCO-1
Added Pin To Net: NetName=NO7 Pin=OMCO-2
Added Pin To Net: NetName=NO8 Pin=OMCO-3
Added Pin To Net: NetName=NO9 Pin=OMCO-4
Added Pin To Net: NetName=NO10 Pin=OMCO-5
Added Pin To Net: NetName=NC1 Pin=OMCO-6
Added Pin To Net: NetName=NO2 Pin=OMCO-7
Added Pin To Net: NetName=NO3 Pin=OMCO-8
Added Pin To Net: NetName=NO4 Pin=OMCO-9
Added Pin To Net: NetName=NO5 Pin=OMCO-10
Added Pin To Net: NetName=COM6 Pin=OMCO-11
Added Pin To Net: NetName=COM7 Pin=OMCO-12
Added Pin To Net: NetName=COM8 Pin=OMCO-13
Added Pin To Net: NetName=COM9 Pin=OMCO-14
Added Pin To Net: NetName=COM10 Pin=OMCO-15
Added Pin To Net: NetName=COM1 Pin=OMCO-16
Added Pin To Net: NetName=COM2 Pin=OMCO-17
Added Pin To Net: NetName=COM3 Pin=OMCO-18
Added Pin To Net: NetName=COM4 Pin=OMCO-19
Added Pin To Net: NetName=COM5 Pin=OMCO-20
Added Member To Class: ClassName=MainBoard Member=Component OMCO Header 10X2A
