Removed Pin From Net: NetName=AUX9 Pin=CPU_CON_3-1
Removed Pin From Net: NetName=AUX8 Pin=CPU_CON_3-2
Removed Pin From Net: NetName=AUX7 Pin=CPU_CON_3-3
Removed Pin From Net: NetName=AUX6 Pin=CPU_CON_3-4
Removed Pin From Net: NetName=AUX5 Pin=CPU_CON_3-5
Removed Pin From Net: NetName=AUX4 Pin=CPU_CON_3-6
Removed Pin From Net: NetName=AUX3 Pin=CPU_CON_3-7
Removed Pin From Net: NetName=AUX2 Pin=CPU_CON_3-8
Removed Pin From Net: NetName=AUX1 Pin=CPU_CON_3-9
Removed Pin From Net: NetName=SMOKE POWER Pin=CPU_CON_3-10
Removed Pin From Net: NetName=PIR A Pin=CPU_CON_3-17
Removed Pin From Net: NetName=WATER A Pin=CPU_CON_3-18
Removed Pin From Net: NetName=SMOKE A Pin=CPU_CON_3-19
Removed Pin From Net: NetName=GATEA Pin=CPU_CON_3-20
Added Pin To Net: NetName=PIR A Pin=CPU_CON_3-7
Added Pin To Net: NetName=WATER A Pin=CPU_CON_3-8
Added Pin To Net: NetName=SMOKE A Pin=CPU_CON_3-9
Added Pin To Net: NetName=GATEA Pin=CPU_CON_3-10
Added Pin To Net: NetName=AUX9 Pin=CPU_CON_3-11
Added Pin To Net: NetName=AUX8 Pin=CPU_CON_3-12
Added Pin To Net: NetName=AUX7 Pin=CPU_CON_3-13
Added Pin To Net: NetName=AUX6 Pin=CPU_CON_3-14
Added Pin To Net: NetName=AUX5 Pin=CPU_CON_3-15
Added Pin To Net: NetName=AUX4 Pin=CPU_CON_3-16
Added Pin To Net: NetName=AUX3 Pin=CPU_CON_3-17
Added Pin To Net: NetName=AUX2 Pin=CPU_CON_3-18
Added Pin To Net: NetName=AUX1 Pin=CPU_CON_3-19
Added Pin To Net: NetName=SMOKE POWER Pin=CPU_CON_3-20
